[2026-01-16T05:31:05.448+0000] {taskinstance.py:1157} INFO - Dependencies all met for dep_context=non-requeueable deps ti=<TaskInstance: weather_data_pipeline.extract_weather_data manual__2026-01-16T05:31:02.294822+00:00 [queued]>
[2026-01-16T05:31:05.463+0000] {taskinstance.py:1157} INFO - Dependencies all met for dep_context=requeueable deps ti=<TaskInstance: weather_data_pipeline.extract_weather_data manual__2026-01-16T05:31:02.294822+00:00 [queued]>
[2026-01-16T05:31:05.464+0000] {taskinstance.py:1359} INFO - Starting attempt 1 of 2
[2026-01-16T05:31:05.490+0000] {taskinstance.py:1380} INFO - Executing <Task(BashOperator): extract_weather_data> on 2026-01-16 05:31:02.294822+00:00
[2026-01-16T05:31:05.497+0000] {standard_task_runner.py:57} INFO - Started process 320 to run task
[2026-01-16T05:31:05.502+0000] {standard_task_runner.py:84} INFO - Running: ['***', 'tasks', 'run', 'weather_data_pipeline', 'extract_weather_data', 'manual__2026-01-16T05:31:02.294822+00:00', '--job-id', '22', '--raw', '--subdir', 'DAGS_FOLDER/weather_scheduler.py', '--cfg-path', '/tmp/tmpt4nq7dxl']
[2026-01-16T05:31:05.507+0000] {standard_task_runner.py:85} INFO - Job 22: Subtask extract_weather_data
[2026-01-16T05:31:05.583+0000] {task_command.py:415} INFO - Running <TaskInstance: weather_data_pipeline.extract_weather_data manual__2026-01-16T05:31:02.294822+00:00 [running]> on host 84a850d23116
[2026-01-16T05:31:05.726+0000] {taskinstance.py:1660} INFO - Exporting env vars: AIRFLOW_CTX_DAG_OWNER='pangorin' AIRFLOW_CTX_DAG_ID='weather_data_pipeline' AIRFLOW_CTX_TASK_ID='extract_weather_data' AIRFLOW_CTX_EXECUTION_DATE='2026-01-16T05:31:02.294822+00:00' AIRFLOW_CTX_TRY_NUMBER='1' AIRFLOW_CTX_DAG_RUN_ID='manual__2026-01-16T05:31:02.294822+00:00'
[2026-01-16T05:31:05.729+0000] {subprocess.py:63} INFO - Tmp dir root location: /tmp
[2026-01-16T05:31:05.730+0000] {subprocess.py:75} INFO - Running command: ['/bin/bash', '-c', 'python /opt/***/scripts/extract.py']
[2026-01-16T05:31:05.743+0000] {subprocess.py:86} INFO - Output:
[2026-01-16T05:31:16.831+0000] {subprocess.py:93} INFO - Start extraction process...
[2026-01-16T05:31:16.834+0000] {subprocess.py:93} INFO - Successfully fetched data for {city.strip()} to {filename}
[2026-01-16T05:31:16.836+0000] {subprocess.py:93} INFO - Successfully fetched data for {city.strip()} to {filename}
[2026-01-16T05:31:16.839+0000] {subprocess.py:93} INFO - Successfully fetched data for {city.strip()} to {filename}
[2026-01-16T05:31:16.841+0000] {subprocess.py:93} INFO - Successfully fetched data for {city.strip()} to {filename}
[2026-01-16T05:31:16.843+0000] {subprocess.py:93} INFO - Successfully fetched data for {city.strip()} to {filename}
[2026-01-16T05:31:16.848+0000] {subprocess.py:93} INFO - Successfully fetched data for {city.strip()} to {filename}
[2026-01-16T05:31:16.852+0000] {subprocess.py:93} INFO - Successfully fetched data for {city.strip()} to {filename}
[2026-01-16T05:31:16.854+0000] {subprocess.py:93} INFO - Successfully fetched data for {city.strip()} to {filename}
[2026-01-16T05:31:16.855+0000] {subprocess.py:93} INFO - Successfully fetched data for {city.strip()} to {filename}
[2026-01-16T05:31:16.857+0000] {subprocess.py:93} INFO - Successfully fetched data for {city.strip()} to {filename}
[2026-01-16T05:31:16.877+0000] {subprocess.py:97} INFO - Command exited with return code 0
[2026-01-16T05:31:16.942+0000] {taskinstance.py:1398} INFO - Marking task as SUCCESS. dag_id=weather_data_pipeline, task_id=extract_weather_data, execution_date=20260116T053102, start_date=20260116T053105, end_date=20260116T053116
[2026-01-16T05:31:16.983+0000] {local_task_job_runner.py:228} INFO - Task exited with return code 0
[2026-01-16T05:31:17.035+0000] {taskinstance.py:2776} INFO - 1 downstream tasks scheduled from follow-on schedule check
