[2026-01-15T04:31:31.996+0000] {processor.py:157} INFO - Started process (PID=175) to work on /opt/airflow/dags/weather_scheduler.py
[2026-01-15T04:31:32.003+0000] {processor.py:829} INFO - Processing file /opt/airflow/dags/weather_scheduler.py for tasks to queue
[2026-01-15T04:31:32.011+0000] {logging_mixin.py:151} INFO - [2026-01-15T04:31:32.007+0000] {dagbag.py:539} INFO - Filling up the DagBag from /opt/airflow/dags/weather_scheduler.py
[2026-01-15T04:31:32.060+0000] {processor.py:839} INFO - DAG(s) dict_keys(['weather_data_pipeline']) retrieved from /opt/airflow/dags/weather_scheduler.py
[2026-01-15T04:31:32.438+0000] {logging_mixin.py:151} INFO - [2026-01-15T04:31:32.438+0000] {manager.py:499} INFO - Created Permission View: %s
[2026-01-15T04:31:32.461+0000] {logging_mixin.py:151} INFO - [2026-01-15T04:31:32.461+0000] {manager.py:499} INFO - Created Permission View: %s
[2026-01-15T04:31:32.481+0000] {logging_mixin.py:151} INFO - [2026-01-15T04:31:32.481+0000] {manager.py:499} INFO - Created Permission View: %s
[2026-01-15T04:31:32.483+0000] {logging_mixin.py:151} INFO - [2026-01-15T04:31:32.483+0000] {security.py:708} INFO - Not syncing DAG-level permissions for DAG 'DAG:weather_data_pipeline' as access control is unset.
[2026-01-15T04:31:32.484+0000] {logging_mixin.py:151} INFO - [2026-01-15T04:31:32.484+0000] {dag.py:2915} INFO - Sync 1 DAGs
[2026-01-15T04:31:32.516+0000] {logging_mixin.py:151} INFO - [2026-01-15T04:31:32.516+0000] {dag.py:2937} INFO - Creating ORM DAG for weather_data_pipeline
[2026-01-15T04:31:32.812+0000] {logging_mixin.py:151} INFO - [2026-01-15T04:31:32.812+0000] {dag.py:3696} INFO - Setting next_dagrun for weather_data_pipeline to 2026-01-10T00:00:00+00:00, run_after=2026-01-13T00:00:00+00:00
[2026-01-15T04:31:32.897+0000] {processor.py:179} INFO - Processing /opt/airflow/dags/weather_scheduler.py took 0.912 seconds
[2026-01-15T04:32:03.268+0000] {processor.py:157} INFO - Started process (PID=191) to work on /opt/airflow/dags/weather_scheduler.py
[2026-01-15T04:32:03.271+0000] {processor.py:829} INFO - Processing file /opt/airflow/dags/weather_scheduler.py for tasks to queue
[2026-01-15T04:32:03.273+0000] {logging_mixin.py:151} INFO - [2026-01-15T04:32:03.273+0000] {dagbag.py:539} INFO - Filling up the DagBag from /opt/airflow/dags/weather_scheduler.py
[2026-01-15T04:32:03.310+0000] {processor.py:839} INFO - DAG(s) dict_keys(['weather_data_pipeline']) retrieved from /opt/airflow/dags/weather_scheduler.py
[2026-01-15T04:32:03.369+0000] {logging_mixin.py:151} INFO - [2026-01-15T04:32:03.369+0000] {dag.py:2915} INFO - Sync 1 DAGs
[2026-01-15T04:32:03.412+0000] {logging_mixin.py:151} INFO - [2026-01-15T04:32:03.412+0000] {dag.py:3696} INFO - Setting next_dagrun for weather_data_pipeline to 2026-01-10T00:00:00+00:00, run_after=2026-01-13T00:00:00+00:00
[2026-01-15T04:32:03.514+0000] {processor.py:179} INFO - Processing /opt/airflow/dags/weather_scheduler.py took 0.264 seconds
[2026-01-15T04:32:33.698+0000] {processor.py:157} INFO - Started process (PID=214) to work on /opt/airflow/dags/weather_scheduler.py
[2026-01-15T04:32:33.701+0000] {processor.py:829} INFO - Processing file /opt/airflow/dags/weather_scheduler.py for tasks to queue
[2026-01-15T04:32:33.707+0000] {logging_mixin.py:151} INFO - [2026-01-15T04:32:33.704+0000] {dagbag.py:539} INFO - Filling up the DagBag from /opt/airflow/dags/weather_scheduler.py
[2026-01-15T04:32:33.748+0000] {processor.py:839} INFO - DAG(s) dict_keys(['weather_data_pipeline']) retrieved from /opt/airflow/dags/weather_scheduler.py
[2026-01-15T04:32:33.806+0000] {logging_mixin.py:151} INFO - [2026-01-15T04:32:33.805+0000] {dag.py:2915} INFO - Sync 1 DAGs
[2026-01-15T04:32:33.855+0000] {logging_mixin.py:151} INFO - [2026-01-15T04:32:33.855+0000] {dag.py:3696} INFO - Setting next_dagrun for weather_data_pipeline to 2026-01-13T00:00:00+00:00, run_after=2026-01-16T00:00:00+00:00
[2026-01-15T04:32:33.889+0000] {processor.py:179} INFO - Processing /opt/airflow/dags/weather_scheduler.py took 0.199 seconds
[2026-01-15T04:33:04.082+0000] {processor.py:157} INFO - Started process (PID=219) to work on /opt/airflow/dags/weather_scheduler.py
[2026-01-15T04:33:04.084+0000] {processor.py:829} INFO - Processing file /opt/airflow/dags/weather_scheduler.py for tasks to queue
[2026-01-15T04:33:04.086+0000] {logging_mixin.py:151} INFO - [2026-01-15T04:33:04.086+0000] {dagbag.py:539} INFO - Filling up the DagBag from /opt/airflow/dags/weather_scheduler.py
[2026-01-15T04:33:04.118+0000] {processor.py:839} INFO - DAG(s) dict_keys(['weather_data_pipeline']) retrieved from /opt/airflow/dags/weather_scheduler.py
[2026-01-15T04:33:04.188+0000] {logging_mixin.py:151} INFO - [2026-01-15T04:33:04.188+0000] {dag.py:2915} INFO - Sync 1 DAGs
[2026-01-15T04:33:04.253+0000] {logging_mixin.py:151} INFO - [2026-01-15T04:33:04.253+0000] {dag.py:3696} INFO - Setting next_dagrun for weather_data_pipeline to 2026-01-13T00:00:00+00:00, run_after=2026-01-16T00:00:00+00:00
[2026-01-15T04:33:04.297+0000] {processor.py:179} INFO - Processing /opt/airflow/dags/weather_scheduler.py took 0.222 seconds
[2026-01-15T04:33:34.528+0000] {processor.py:157} INFO - Started process (PID=241) to work on /opt/airflow/dags/weather_scheduler.py
[2026-01-15T04:33:34.534+0000] {processor.py:829} INFO - Processing file /opt/airflow/dags/weather_scheduler.py for tasks to queue
[2026-01-15T04:33:34.541+0000] {logging_mixin.py:151} INFO - [2026-01-15T04:33:34.540+0000] {dagbag.py:539} INFO - Filling up the DagBag from /opt/airflow/dags/weather_scheduler.py
[2026-01-15T04:33:34.596+0000] {processor.py:839} INFO - DAG(s) dict_keys(['weather_data_pipeline']) retrieved from /opt/airflow/dags/weather_scheduler.py
[2026-01-15T04:33:34.677+0000] {logging_mixin.py:151} INFO - [2026-01-15T04:33:34.677+0000] {dag.py:2915} INFO - Sync 1 DAGs
[2026-01-15T04:33:34.726+0000] {logging_mixin.py:151} INFO - [2026-01-15T04:33:34.726+0000] {dag.py:3696} INFO - Setting next_dagrun for weather_data_pipeline to 2026-01-13T00:00:00+00:00, run_after=2026-01-16T00:00:00+00:00
[2026-01-15T04:33:34.763+0000] {processor.py:179} INFO - Processing /opt/airflow/dags/weather_scheduler.py took 0.257 seconds
[2026-01-15T04:34:04.936+0000] {processor.py:157} INFO - Started process (PID=246) to work on /opt/airflow/dags/weather_scheduler.py
[2026-01-15T04:34:04.938+0000] {processor.py:829} INFO - Processing file /opt/airflow/dags/weather_scheduler.py for tasks to queue
[2026-01-15T04:34:04.940+0000] {logging_mixin.py:151} INFO - [2026-01-15T04:34:04.939+0000] {dagbag.py:539} INFO - Filling up the DagBag from /opt/airflow/dags/weather_scheduler.py
[2026-01-15T04:34:04.959+0000] {processor.py:839} INFO - DAG(s) dict_keys(['weather_data_pipeline']) retrieved from /opt/airflow/dags/weather_scheduler.py
[2026-01-15T04:34:05.021+0000] {logging_mixin.py:151} INFO - [2026-01-15T04:34:05.021+0000] {dag.py:2915} INFO - Sync 1 DAGs
[2026-01-15T04:34:05.243+0000] {logging_mixin.py:151} INFO - [2026-01-15T04:34:05.242+0000] {dag.py:3696} INFO - Setting next_dagrun for weather_data_pipeline to 2026-01-13T00:00:00+00:00, run_after=2026-01-16T00:00:00+00:00
[2026-01-15T04:34:05.274+0000] {processor.py:179} INFO - Processing /opt/airflow/dags/weather_scheduler.py took 0.344 seconds
[2026-01-15T04:34:35.317+0000] {processor.py:157} INFO - Started process (PID=251) to work on /opt/airflow/dags/weather_scheduler.py
[2026-01-15T04:34:35.319+0000] {processor.py:829} INFO - Processing file /opt/airflow/dags/weather_scheduler.py for tasks to queue
[2026-01-15T04:34:35.321+0000] {logging_mixin.py:151} INFO - [2026-01-15T04:34:35.320+0000] {dagbag.py:539} INFO - Filling up the DagBag from /opt/airflow/dags/weather_scheduler.py
[2026-01-15T04:34:35.350+0000] {processor.py:839} INFO - DAG(s) dict_keys(['weather_data_pipeline']) retrieved from /opt/airflow/dags/weather_scheduler.py
[2026-01-15T04:34:35.405+0000] {logging_mixin.py:151} INFO - [2026-01-15T04:34:35.404+0000] {dag.py:2915} INFO - Sync 1 DAGs
[2026-01-15T04:34:35.615+0000] {logging_mixin.py:151} INFO - [2026-01-15T04:34:35.614+0000] {dag.py:3696} INFO - Setting next_dagrun for weather_data_pipeline to 2026-01-13T00:00:00+00:00, run_after=2026-01-16T00:00:00+00:00
[2026-01-15T04:34:35.654+0000] {processor.py:179} INFO - Processing /opt/airflow/dags/weather_scheduler.py took 0.341 seconds
[2026-01-15T04:35:05.892+0000] {processor.py:157} INFO - Started process (PID=256) to work on /opt/airflow/dags/weather_scheduler.py
[2026-01-15T04:35:05.894+0000] {processor.py:829} INFO - Processing file /opt/airflow/dags/weather_scheduler.py for tasks to queue
[2026-01-15T04:35:05.897+0000] {logging_mixin.py:151} INFO - [2026-01-15T04:35:05.896+0000] {dagbag.py:539} INFO - Filling up the DagBag from /opt/airflow/dags/weather_scheduler.py
[2026-01-15T04:35:05.934+0000] {processor.py:839} INFO - DAG(s) dict_keys(['weather_data_pipeline']) retrieved from /opt/airflow/dags/weather_scheduler.py
[2026-01-15T04:35:06.155+0000] {logging_mixin.py:151} INFO - [2026-01-15T04:35:06.155+0000] {dag.py:2915} INFO - Sync 1 DAGs
[2026-01-15T04:35:06.198+0000] {logging_mixin.py:151} INFO - [2026-01-15T04:35:06.198+0000] {dag.py:3696} INFO - Setting next_dagrun for weather_data_pipeline to 2026-01-13T00:00:00+00:00, run_after=2026-01-16T00:00:00+00:00
[2026-01-15T04:35:06.227+0000] {processor.py:179} INFO - Processing /opt/airflow/dags/weather_scheduler.py took 0.341 seconds
[2026-01-15T04:35:36.550+0000] {processor.py:157} INFO - Started process (PID=261) to work on /opt/airflow/dags/weather_scheduler.py
[2026-01-15T04:35:36.553+0000] {processor.py:829} INFO - Processing file /opt/airflow/dags/weather_scheduler.py for tasks to queue
[2026-01-15T04:35:36.556+0000] {logging_mixin.py:151} INFO - [2026-01-15T04:35:36.555+0000] {dagbag.py:539} INFO - Filling up the DagBag from /opt/airflow/dags/weather_scheduler.py
[2026-01-15T04:35:36.600+0000] {processor.py:839} INFO - DAG(s) dict_keys(['weather_data_pipeline']) retrieved from /opt/airflow/dags/weather_scheduler.py
[2026-01-15T04:35:36.804+0000] {logging_mixin.py:151} INFO - [2026-01-15T04:35:36.803+0000] {dag.py:2915} INFO - Sync 1 DAGs
[2026-01-15T04:35:36.847+0000] {logging_mixin.py:151} INFO - [2026-01-15T04:35:36.847+0000] {dag.py:3696} INFO - Setting next_dagrun for weather_data_pipeline to 2026-01-13T00:00:00+00:00, run_after=2026-01-16T00:00:00+00:00
[2026-01-15T04:35:36.899+0000] {processor.py:179} INFO - Processing /opt/airflow/dags/weather_scheduler.py took 0.356 seconds
[2026-01-15T04:36:07.086+0000] {processor.py:157} INFO - Started process (PID=266) to work on /opt/airflow/dags/weather_scheduler.py
[2026-01-15T04:36:07.089+0000] {processor.py:829} INFO - Processing file /opt/airflow/dags/weather_scheduler.py for tasks to queue
[2026-01-15T04:36:07.093+0000] {logging_mixin.py:151} INFO - [2026-01-15T04:36:07.092+0000] {dagbag.py:539} INFO - Filling up the DagBag from /opt/airflow/dags/weather_scheduler.py
[2026-01-15T04:36:07.132+0000] {processor.py:839} INFO - DAG(s) dict_keys(['weather_data_pipeline']) retrieved from /opt/airflow/dags/weather_scheduler.py
[2026-01-15T04:36:07.197+0000] {logging_mixin.py:151} INFO - [2026-01-15T04:36:07.197+0000] {dag.py:2915} INFO - Sync 1 DAGs
[2026-01-15T04:36:07.244+0000] {logging_mixin.py:151} INFO - [2026-01-15T04:36:07.243+0000] {dag.py:3696} INFO - Setting next_dagrun for weather_data_pipeline to 2026-01-13T00:00:00+00:00, run_after=2026-01-16T00:00:00+00:00
[2026-01-15T04:36:07.276+0000] {processor.py:179} INFO - Processing /opt/airflow/dags/weather_scheduler.py took 0.197 seconds
[2026-01-15T04:36:37.526+0000] {processor.py:157} INFO - Started process (PID=271) to work on /opt/airflow/dags/weather_scheduler.py
[2026-01-15T04:36:37.528+0000] {processor.py:829} INFO - Processing file /opt/airflow/dags/weather_scheduler.py for tasks to queue
[2026-01-15T04:36:37.531+0000] {logging_mixin.py:151} INFO - [2026-01-15T04:36:37.531+0000] {dagbag.py:539} INFO - Filling up the DagBag from /opt/airflow/dags/weather_scheduler.py
[2026-01-15T04:36:37.557+0000] {processor.py:839} INFO - DAG(s) dict_keys(['weather_data_pipeline']) retrieved from /opt/airflow/dags/weather_scheduler.py
[2026-01-15T04:36:37.609+0000] {logging_mixin.py:151} INFO - [2026-01-15T04:36:37.608+0000] {dag.py:2915} INFO - Sync 1 DAGs
[2026-01-15T04:36:37.664+0000] {logging_mixin.py:151} INFO - [2026-01-15T04:36:37.664+0000] {dag.py:3696} INFO - Setting next_dagrun for weather_data_pipeline to 2026-01-13T00:00:00+00:00, run_after=2026-01-16T00:00:00+00:00
[2026-01-15T04:36:37.697+0000] {processor.py:179} INFO - Processing /opt/airflow/dags/weather_scheduler.py took 0.179 seconds
[2026-01-15T04:37:07.888+0000] {processor.py:157} INFO - Started process (PID=276) to work on /opt/airflow/dags/weather_scheduler.py
[2026-01-15T04:37:07.889+0000] {processor.py:829} INFO - Processing file /opt/airflow/dags/weather_scheduler.py for tasks to queue
[2026-01-15T04:37:07.892+0000] {logging_mixin.py:151} INFO - [2026-01-15T04:37:07.892+0000] {dagbag.py:539} INFO - Filling up the DagBag from /opt/airflow/dags/weather_scheduler.py
[2026-01-15T04:37:07.911+0000] {processor.py:839} INFO - DAG(s) dict_keys(['weather_data_pipeline']) retrieved from /opt/airflow/dags/weather_scheduler.py
[2026-01-15T04:37:07.959+0000] {logging_mixin.py:151} INFO - [2026-01-15T04:37:07.959+0000] {dag.py:2915} INFO - Sync 1 DAGs
[2026-01-15T04:37:08.113+0000] {logging_mixin.py:151} INFO - [2026-01-15T04:37:08.112+0000] {dag.py:3696} INFO - Setting next_dagrun for weather_data_pipeline to 2026-01-13T00:00:00+00:00, run_after=2026-01-16T00:00:00+00:00
[2026-01-15T04:37:08.169+0000] {processor.py:179} INFO - Processing /opt/airflow/dags/weather_scheduler.py took 0.286 seconds
[2026-01-15T04:37:38.289+0000] {processor.py:157} INFO - Started process (PID=281) to work on /opt/airflow/dags/weather_scheduler.py
[2026-01-15T04:37:38.293+0000] {processor.py:829} INFO - Processing file /opt/airflow/dags/weather_scheduler.py for tasks to queue
[2026-01-15T04:37:38.297+0000] {logging_mixin.py:151} INFO - [2026-01-15T04:37:38.296+0000] {dagbag.py:539} INFO - Filling up the DagBag from /opt/airflow/dags/weather_scheduler.py
[2026-01-15T04:37:38.324+0000] {processor.py:839} INFO - DAG(s) dict_keys(['weather_data_pipeline']) retrieved from /opt/airflow/dags/weather_scheduler.py
[2026-01-15T04:37:38.384+0000] {logging_mixin.py:151} INFO - [2026-01-15T04:37:38.384+0000] {dag.py:2915} INFO - Sync 1 DAGs
[2026-01-15T04:37:38.439+0000] {logging_mixin.py:151} INFO - [2026-01-15T04:37:38.438+0000] {dag.py:3696} INFO - Setting next_dagrun for weather_data_pipeline to 2026-01-13T00:00:00+00:00, run_after=2026-01-16T00:00:00+00:00
[2026-01-15T04:37:38.476+0000] {processor.py:179} INFO - Processing /opt/airflow/dags/weather_scheduler.py took 0.191 seconds
[2026-01-15T04:38:08.824+0000] {processor.py:157} INFO - Started process (PID=286) to work on /opt/airflow/dags/weather_scheduler.py
[2026-01-15T04:38:08.826+0000] {processor.py:829} INFO - Processing file /opt/airflow/dags/weather_scheduler.py for tasks to queue
[2026-01-15T04:38:08.835+0000] {logging_mixin.py:151} INFO - [2026-01-15T04:38:08.834+0000] {dagbag.py:539} INFO - Filling up the DagBag from /opt/airflow/dags/weather_scheduler.py
[2026-01-15T04:38:08.885+0000] {processor.py:839} INFO - DAG(s) dict_keys(['weather_data_pipeline']) retrieved from /opt/airflow/dags/weather_scheduler.py
[2026-01-15T04:38:09.015+0000] {logging_mixin.py:151} INFO - [2026-01-15T04:38:09.015+0000] {dag.py:2915} INFO - Sync 1 DAGs
[2026-01-15T04:38:09.107+0000] {logging_mixin.py:151} INFO - [2026-01-15T04:38:09.106+0000] {dag.py:3696} INFO - Setting next_dagrun for weather_data_pipeline to 2026-01-13T00:00:00+00:00, run_after=2026-01-16T00:00:00+00:00
[2026-01-15T04:38:09.159+0000] {processor.py:179} INFO - Processing /opt/airflow/dags/weather_scheduler.py took 0.345 seconds
[2026-01-15T04:38:39.483+0000] {processor.py:157} INFO - Started process (PID=291) to work on /opt/airflow/dags/weather_scheduler.py
[2026-01-15T04:38:39.486+0000] {processor.py:829} INFO - Processing file /opt/airflow/dags/weather_scheduler.py for tasks to queue
[2026-01-15T04:38:39.491+0000] {logging_mixin.py:151} INFO - [2026-01-15T04:38:39.490+0000] {dagbag.py:539} INFO - Filling up the DagBag from /opt/airflow/dags/weather_scheduler.py
[2026-01-15T04:38:39.523+0000] {processor.py:839} INFO - DAG(s) dict_keys(['weather_data_pipeline']) retrieved from /opt/airflow/dags/weather_scheduler.py
[2026-01-15T04:38:39.578+0000] {logging_mixin.py:151} INFO - [2026-01-15T04:38:39.577+0000] {dag.py:2915} INFO - Sync 1 DAGs
[2026-01-15T04:38:39.634+0000] {logging_mixin.py:151} INFO - [2026-01-15T04:38:39.633+0000] {dag.py:3696} INFO - Setting next_dagrun for weather_data_pipeline to 2026-01-13T00:00:00+00:00, run_after=2026-01-16T00:00:00+00:00
[2026-01-15T04:38:39.678+0000] {processor.py:179} INFO - Processing /opt/airflow/dags/weather_scheduler.py took 0.207 seconds
[2026-01-15T04:39:09.762+0000] {processor.py:157} INFO - Started process (PID=296) to work on /opt/airflow/dags/weather_scheduler.py
[2026-01-15T04:39:09.764+0000] {processor.py:829} INFO - Processing file /opt/airflow/dags/weather_scheduler.py for tasks to queue
[2026-01-15T04:39:09.770+0000] {logging_mixin.py:151} INFO - [2026-01-15T04:39:09.769+0000] {dagbag.py:539} INFO - Filling up the DagBag from /opt/airflow/dags/weather_scheduler.py
[2026-01-15T04:39:09.791+0000] {processor.py:839} INFO - DAG(s) dict_keys(['weather_data_pipeline']) retrieved from /opt/airflow/dags/weather_scheduler.py
[2026-01-15T04:39:09.841+0000] {logging_mixin.py:151} INFO - [2026-01-15T04:39:09.840+0000] {dag.py:2915} INFO - Sync 1 DAGs
[2026-01-15T04:39:09.885+0000] {logging_mixin.py:151} INFO - [2026-01-15T04:39:09.884+0000] {dag.py:3696} INFO - Setting next_dagrun for weather_data_pipeline to 2026-01-13T00:00:00+00:00, run_after=2026-01-16T00:00:00+00:00
[2026-01-15T04:39:09.919+0000] {processor.py:179} INFO - Processing /opt/airflow/dags/weather_scheduler.py took 0.162 seconds
[2026-01-15T04:39:40.073+0000] {processor.py:157} INFO - Started process (PID=301) to work on /opt/airflow/dags/weather_scheduler.py
[2026-01-15T04:39:40.077+0000] {processor.py:829} INFO - Processing file /opt/airflow/dags/weather_scheduler.py for tasks to queue
[2026-01-15T04:39:40.082+0000] {logging_mixin.py:151} INFO - [2026-01-15T04:39:40.081+0000] {dagbag.py:539} INFO - Filling up the DagBag from /opt/airflow/dags/weather_scheduler.py
[2026-01-15T04:39:40.126+0000] {processor.py:839} INFO - DAG(s) dict_keys(['weather_data_pipeline']) retrieved from /opt/airflow/dags/weather_scheduler.py
[2026-01-15T04:39:40.176+0000] {logging_mixin.py:151} INFO - [2026-01-15T04:39:40.176+0000] {dag.py:2915} INFO - Sync 1 DAGs
[2026-01-15T04:39:40.219+0000] {logging_mixin.py:151} INFO - [2026-01-15T04:39:40.219+0000] {dag.py:3696} INFO - Setting next_dagrun for weather_data_pipeline to 2026-01-13T00:00:00+00:00, run_after=2026-01-16T00:00:00+00:00
[2026-01-15T04:39:40.255+0000] {processor.py:179} INFO - Processing /opt/airflow/dags/weather_scheduler.py took 0.195 seconds
[2026-01-15T04:40:10.524+0000] {processor.py:157} INFO - Started process (PID=306) to work on /opt/airflow/dags/weather_scheduler.py
[2026-01-15T04:40:10.530+0000] {processor.py:829} INFO - Processing file /opt/airflow/dags/weather_scheduler.py for tasks to queue
[2026-01-15T04:40:10.535+0000] {logging_mixin.py:151} INFO - [2026-01-15T04:40:10.534+0000] {dagbag.py:539} INFO - Filling up the DagBag from /opt/airflow/dags/weather_scheduler.py
[2026-01-15T04:40:10.578+0000] {processor.py:839} INFO - DAG(s) dict_keys(['weather_data_pipeline']) retrieved from /opt/airflow/dags/weather_scheduler.py
[2026-01-15T04:40:10.654+0000] {logging_mixin.py:151} INFO - [2026-01-15T04:40:10.654+0000] {dag.py:2915} INFO - Sync 1 DAGs
[2026-01-15T04:40:10.710+0000] {logging_mixin.py:151} INFO - [2026-01-15T04:40:10.710+0000] {dag.py:3696} INFO - Setting next_dagrun for weather_data_pipeline to 2026-01-13T00:00:00+00:00, run_after=2026-01-16T00:00:00+00:00
[2026-01-15T04:40:10.742+0000] {processor.py:179} INFO - Processing /opt/airflow/dags/weather_scheduler.py took 0.235 seconds
[2026-01-15T04:40:40.832+0000] {processor.py:157} INFO - Started process (PID=311) to work on /opt/airflow/dags/weather_scheduler.py
[2026-01-15T04:40:40.837+0000] {processor.py:829} INFO - Processing file /opt/airflow/dags/weather_scheduler.py for tasks to queue
[2026-01-15T04:40:40.840+0000] {logging_mixin.py:151} INFO - [2026-01-15T04:40:40.839+0000] {dagbag.py:539} INFO - Filling up the DagBag from /opt/airflow/dags/weather_scheduler.py
[2026-01-15T04:40:40.877+0000] {processor.py:839} INFO - DAG(s) dict_keys(['weather_data_pipeline']) retrieved from /opt/airflow/dags/weather_scheduler.py
[2026-01-15T04:40:41.047+0000] {logging_mixin.py:151} INFO - [2026-01-15T04:40:41.046+0000] {dag.py:2915} INFO - Sync 1 DAGs
[2026-01-15T04:40:41.174+0000] {logging_mixin.py:151} INFO - [2026-01-15T04:40:41.173+0000] {dag.py:3696} INFO - Setting next_dagrun for weather_data_pipeline to 2026-01-13T00:00:00+00:00, run_after=2026-01-16T00:00:00+00:00
[2026-01-15T04:40:41.236+0000] {processor.py:179} INFO - Processing /opt/airflow/dags/weather_scheduler.py took 0.413 seconds
[2026-01-15T04:41:11.382+0000] {processor.py:157} INFO - Started process (PID=316) to work on /opt/airflow/dags/weather_scheduler.py
[2026-01-15T04:41:11.384+0000] {processor.py:829} INFO - Processing file /opt/airflow/dags/weather_scheduler.py for tasks to queue
[2026-01-15T04:41:11.388+0000] {logging_mixin.py:151} INFO - [2026-01-15T04:41:11.388+0000] {dagbag.py:539} INFO - Filling up the DagBag from /opt/airflow/dags/weather_scheduler.py
[2026-01-15T04:41:11.452+0000] {processor.py:839} INFO - DAG(s) dict_keys(['weather_data_pipeline']) retrieved from /opt/airflow/dags/weather_scheduler.py
[2026-01-15T04:41:11.538+0000] {logging_mixin.py:151} INFO - [2026-01-15T04:41:11.538+0000] {dag.py:2915} INFO - Sync 1 DAGs
[2026-01-15T04:41:11.605+0000] {logging_mixin.py:151} INFO - [2026-01-15T04:41:11.605+0000] {dag.py:3696} INFO - Setting next_dagrun for weather_data_pipeline to 2026-01-13T00:00:00+00:00, run_after=2026-01-16T00:00:00+00:00
[2026-01-15T04:41:11.655+0000] {processor.py:179} INFO - Processing /opt/airflow/dags/weather_scheduler.py took 0.282 seconds
[2026-01-15T04:41:41.841+0000] {processor.py:157} INFO - Started process (PID=321) to work on /opt/airflow/dags/weather_scheduler.py
[2026-01-15T04:41:41.845+0000] {processor.py:829} INFO - Processing file /opt/airflow/dags/weather_scheduler.py for tasks to queue
[2026-01-15T04:41:41.853+0000] {logging_mixin.py:151} INFO - [2026-01-15T04:41:41.849+0000] {dagbag.py:539} INFO - Filling up the DagBag from /opt/airflow/dags/weather_scheduler.py
[2026-01-15T04:41:41.890+0000] {processor.py:839} INFO - DAG(s) dict_keys(['weather_data_pipeline']) retrieved from /opt/airflow/dags/weather_scheduler.py
[2026-01-15T04:41:41.958+0000] {logging_mixin.py:151} INFO - [2026-01-15T04:41:41.957+0000] {dag.py:2915} INFO - Sync 1 DAGs
[2026-01-15T04:41:42.008+0000] {logging_mixin.py:151} INFO - [2026-01-15T04:41:42.008+0000] {dag.py:3696} INFO - Setting next_dagrun for weather_data_pipeline to 2026-01-13T00:00:00+00:00, run_after=2026-01-16T00:00:00+00:00
[2026-01-15T04:41:42.049+0000] {processor.py:179} INFO - Processing /opt/airflow/dags/weather_scheduler.py took 0.224 seconds
[2026-01-15T04:42:12.222+0000] {processor.py:157} INFO - Started process (PID=326) to work on /opt/airflow/dags/weather_scheduler.py
[2026-01-15T04:42:12.225+0000] {processor.py:829} INFO - Processing file /opt/airflow/dags/weather_scheduler.py for tasks to queue
[2026-01-15T04:42:12.230+0000] {logging_mixin.py:151} INFO - [2026-01-15T04:42:12.228+0000] {dagbag.py:539} INFO - Filling up the DagBag from /opt/airflow/dags/weather_scheduler.py
[2026-01-15T04:42:12.271+0000] {processor.py:839} INFO - DAG(s) dict_keys(['weather_data_pipeline']) retrieved from /opt/airflow/dags/weather_scheduler.py
[2026-01-15T04:42:12.328+0000] {logging_mixin.py:151} INFO - [2026-01-15T04:42:12.327+0000] {dag.py:2915} INFO - Sync 1 DAGs
[2026-01-15T04:42:12.372+0000] {logging_mixin.py:151} INFO - [2026-01-15T04:42:12.372+0000] {dag.py:3696} INFO - Setting next_dagrun for weather_data_pipeline to 2026-01-13T00:00:00+00:00, run_after=2026-01-16T00:00:00+00:00
[2026-01-15T04:42:12.407+0000] {processor.py:179} INFO - Processing /opt/airflow/dags/weather_scheduler.py took 0.198 seconds
[2026-01-15T04:42:42.601+0000] {processor.py:157} INFO - Started process (PID=331) to work on /opt/airflow/dags/weather_scheduler.py
[2026-01-15T04:42:42.603+0000] {processor.py:829} INFO - Processing file /opt/airflow/dags/weather_scheduler.py for tasks to queue
[2026-01-15T04:42:42.609+0000] {logging_mixin.py:151} INFO - [2026-01-15T04:42:42.608+0000] {dagbag.py:539} INFO - Filling up the DagBag from /opt/airflow/dags/weather_scheduler.py
[2026-01-15T04:42:42.636+0000] {processor.py:839} INFO - DAG(s) dict_keys(['weather_data_pipeline']) retrieved from /opt/airflow/dags/weather_scheduler.py
[2026-01-15T04:42:42.682+0000] {logging_mixin.py:151} INFO - [2026-01-15T04:42:42.682+0000] {dag.py:2915} INFO - Sync 1 DAGs
[2026-01-15T04:42:42.726+0000] {logging_mixin.py:151} INFO - [2026-01-15T04:42:42.726+0000] {dag.py:3696} INFO - Setting next_dagrun for weather_data_pipeline to 2026-01-13T00:00:00+00:00, run_after=2026-01-16T00:00:00+00:00
[2026-01-15T04:42:42.765+0000] {processor.py:179} INFO - Processing /opt/airflow/dags/weather_scheduler.py took 0.169 seconds
[2026-01-15T04:43:12.952+0000] {processor.py:157} INFO - Started process (PID=336) to work on /opt/airflow/dags/weather_scheduler.py
[2026-01-15T04:43:12.959+0000] {processor.py:829} INFO - Processing file /opt/airflow/dags/weather_scheduler.py for tasks to queue
[2026-01-15T04:43:12.961+0000] {logging_mixin.py:151} INFO - [2026-01-15T04:43:12.961+0000] {dagbag.py:539} INFO - Filling up the DagBag from /opt/airflow/dags/weather_scheduler.py
[2026-01-15T04:43:13.009+0000] {processor.py:839} INFO - DAG(s) dict_keys(['weather_data_pipeline']) retrieved from /opt/airflow/dags/weather_scheduler.py
[2026-01-15T04:43:13.079+0000] {logging_mixin.py:151} INFO - [2026-01-15T04:43:13.079+0000] {dag.py:2915} INFO - Sync 1 DAGs
[2026-01-15T04:43:13.145+0000] {logging_mixin.py:151} INFO - [2026-01-15T04:43:13.145+0000] {dag.py:3696} INFO - Setting next_dagrun for weather_data_pipeline to 2026-01-13T00:00:00+00:00, run_after=2026-01-16T00:00:00+00:00
[2026-01-15T04:43:13.194+0000] {processor.py:179} INFO - Processing /opt/airflow/dags/weather_scheduler.py took 0.250 seconds
[2026-01-15T04:43:43.500+0000] {processor.py:157} INFO - Started process (PID=341) to work on /opt/airflow/dags/weather_scheduler.py
[2026-01-15T04:43:43.501+0000] {processor.py:829} INFO - Processing file /opt/airflow/dags/weather_scheduler.py for tasks to queue
[2026-01-15T04:43:43.504+0000] {logging_mixin.py:151} INFO - [2026-01-15T04:43:43.503+0000] {dagbag.py:539} INFO - Filling up the DagBag from /opt/airflow/dags/weather_scheduler.py
[2026-01-15T04:43:43.531+0000] {processor.py:839} INFO - DAG(s) dict_keys(['weather_data_pipeline']) retrieved from /opt/airflow/dags/weather_scheduler.py
[2026-01-15T04:43:43.607+0000] {logging_mixin.py:151} INFO - [2026-01-15T04:43:43.607+0000] {dag.py:2915} INFO - Sync 1 DAGs
[2026-01-15T04:43:43.667+0000] {logging_mixin.py:151} INFO - [2026-01-15T04:43:43.666+0000] {dag.py:3696} INFO - Setting next_dagrun for weather_data_pipeline to 2026-01-13T00:00:00+00:00, run_after=2026-01-16T00:00:00+00:00
[2026-01-15T04:43:43.701+0000] {processor.py:179} INFO - Processing /opt/airflow/dags/weather_scheduler.py took 0.206 seconds
[2026-01-15T04:44:13.805+0000] {processor.py:157} INFO - Started process (PID=346) to work on /opt/airflow/dags/weather_scheduler.py
[2026-01-15T04:44:13.807+0000] {processor.py:829} INFO - Processing file /opt/airflow/dags/weather_scheduler.py for tasks to queue
[2026-01-15T04:44:13.810+0000] {logging_mixin.py:151} INFO - [2026-01-15T04:44:13.809+0000] {dagbag.py:539} INFO - Filling up the DagBag from /opt/airflow/dags/weather_scheduler.py
[2026-01-15T04:44:13.833+0000] {processor.py:839} INFO - DAG(s) dict_keys(['weather_data_pipeline']) retrieved from /opt/airflow/dags/weather_scheduler.py
[2026-01-15T04:44:13.879+0000] {logging_mixin.py:151} INFO - [2026-01-15T04:44:13.878+0000] {dag.py:2915} INFO - Sync 1 DAGs
[2026-01-15T04:44:13.923+0000] {logging_mixin.py:151} INFO - [2026-01-15T04:44:13.923+0000] {dag.py:3696} INFO - Setting next_dagrun for weather_data_pipeline to 2026-01-13T00:00:00+00:00, run_after=2026-01-16T00:00:00+00:00
[2026-01-15T04:44:13.963+0000] {processor.py:179} INFO - Processing /opt/airflow/dags/weather_scheduler.py took 0.166 seconds
[2026-01-15T04:44:44.263+0000] {processor.py:157} INFO - Started process (PID=351) to work on /opt/airflow/dags/weather_scheduler.py
[2026-01-15T04:44:44.266+0000] {processor.py:829} INFO - Processing file /opt/airflow/dags/weather_scheduler.py for tasks to queue
[2026-01-15T04:44:44.271+0000] {logging_mixin.py:151} INFO - [2026-01-15T04:44:44.269+0000] {dagbag.py:539} INFO - Filling up the DagBag from /opt/airflow/dags/weather_scheduler.py
[2026-01-15T04:44:44.307+0000] {processor.py:839} INFO - DAG(s) dict_keys(['weather_data_pipeline']) retrieved from /opt/airflow/dags/weather_scheduler.py
[2026-01-15T04:44:44.356+0000] {logging_mixin.py:151} INFO - [2026-01-15T04:44:44.355+0000] {dag.py:2915} INFO - Sync 1 DAGs
[2026-01-15T04:44:44.397+0000] {logging_mixin.py:151} INFO - [2026-01-15T04:44:44.396+0000] {dag.py:3696} INFO - Setting next_dagrun for weather_data_pipeline to 2026-01-13T00:00:00+00:00, run_after=2026-01-16T00:00:00+00:00
[2026-01-15T04:44:44.429+0000] {processor.py:179} INFO - Processing /opt/airflow/dags/weather_scheduler.py took 0.175 seconds
[2026-01-15T04:45:14.546+0000] {processor.py:157} INFO - Started process (PID=356) to work on /opt/airflow/dags/weather_scheduler.py
[2026-01-15T04:45:14.548+0000] {processor.py:829} INFO - Processing file /opt/airflow/dags/weather_scheduler.py for tasks to queue
[2026-01-15T04:45:14.551+0000] {logging_mixin.py:151} INFO - [2026-01-15T04:45:14.550+0000] {dagbag.py:539} INFO - Filling up the DagBag from /opt/airflow/dags/weather_scheduler.py
[2026-01-15T04:45:14.572+0000] {processor.py:839} INFO - DAG(s) dict_keys(['weather_data_pipeline']) retrieved from /opt/airflow/dags/weather_scheduler.py
[2026-01-15T04:45:14.617+0000] {logging_mixin.py:151} INFO - [2026-01-15T04:45:14.616+0000] {dag.py:2915} INFO - Sync 1 DAGs
[2026-01-15T04:45:14.664+0000] {logging_mixin.py:151} INFO - [2026-01-15T04:45:14.664+0000] {dag.py:3696} INFO - Setting next_dagrun for weather_data_pipeline to 2026-01-13T00:00:00+00:00, run_after=2026-01-16T00:00:00+00:00
[2026-01-15T04:45:14.711+0000] {processor.py:179} INFO - Processing /opt/airflow/dags/weather_scheduler.py took 0.169 seconds
[2026-01-15T04:45:44.992+0000] {processor.py:157} INFO - Started process (PID=361) to work on /opt/airflow/dags/weather_scheduler.py
[2026-01-15T04:45:44.994+0000] {processor.py:829} INFO - Processing file /opt/airflow/dags/weather_scheduler.py for tasks to queue
[2026-01-15T04:45:44.997+0000] {logging_mixin.py:151} INFO - [2026-01-15T04:45:44.996+0000] {dagbag.py:539} INFO - Filling up the DagBag from /opt/airflow/dags/weather_scheduler.py
[2026-01-15T04:45:45.017+0000] {processor.py:839} INFO - DAG(s) dict_keys(['weather_data_pipeline']) retrieved from /opt/airflow/dags/weather_scheduler.py
[2026-01-15T04:45:45.069+0000] {logging_mixin.py:151} INFO - [2026-01-15T04:45:45.069+0000] {dag.py:2915} INFO - Sync 1 DAGs
[2026-01-15T04:45:45.112+0000] {logging_mixin.py:151} INFO - [2026-01-15T04:45:45.112+0000] {dag.py:3696} INFO - Setting next_dagrun for weather_data_pipeline to 2026-01-13T00:00:00+00:00, run_after=2026-01-16T00:00:00+00:00
[2026-01-15T04:45:45.143+0000] {processor.py:179} INFO - Processing /opt/airflow/dags/weather_scheduler.py took 0.155 seconds
[2026-01-15T04:46:15.296+0000] {processor.py:157} INFO - Started process (PID=366) to work on /opt/airflow/dags/weather_scheduler.py
[2026-01-15T04:46:15.300+0000] {processor.py:829} INFO - Processing file /opt/airflow/dags/weather_scheduler.py for tasks to queue
[2026-01-15T04:46:15.305+0000] {logging_mixin.py:151} INFO - [2026-01-15T04:46:15.305+0000] {dagbag.py:539} INFO - Filling up the DagBag from /opt/airflow/dags/weather_scheduler.py
[2026-01-15T04:46:15.339+0000] {processor.py:839} INFO - DAG(s) dict_keys(['weather_data_pipeline']) retrieved from /opt/airflow/dags/weather_scheduler.py
[2026-01-15T04:46:15.442+0000] {logging_mixin.py:151} INFO - [2026-01-15T04:46:15.441+0000] {dag.py:2915} INFO - Sync 1 DAGs
[2026-01-15T04:46:15.495+0000] {logging_mixin.py:151} INFO - [2026-01-15T04:46:15.494+0000] {dag.py:3696} INFO - Setting next_dagrun for weather_data_pipeline to 2026-01-13T00:00:00+00:00, run_after=2026-01-16T00:00:00+00:00
[2026-01-15T04:46:15.533+0000] {processor.py:179} INFO - Processing /opt/airflow/dags/weather_scheduler.py took 0.244 seconds
[2026-01-15T04:46:45.752+0000] {processor.py:157} INFO - Started process (PID=371) to work on /opt/airflow/dags/weather_scheduler.py
[2026-01-15T04:46:45.754+0000] {processor.py:829} INFO - Processing file /opt/airflow/dags/weather_scheduler.py for tasks to queue
[2026-01-15T04:46:45.757+0000] {logging_mixin.py:151} INFO - [2026-01-15T04:46:45.756+0000] {dagbag.py:539} INFO - Filling up the DagBag from /opt/airflow/dags/weather_scheduler.py
[2026-01-15T04:46:45.780+0000] {processor.py:839} INFO - DAG(s) dict_keys(['weather_data_pipeline']) retrieved from /opt/airflow/dags/weather_scheduler.py
[2026-01-15T04:46:45.830+0000] {logging_mixin.py:151} INFO - [2026-01-15T04:46:45.830+0000] {dag.py:2915} INFO - Sync 1 DAGs
[2026-01-15T04:46:45.888+0000] {logging_mixin.py:151} INFO - [2026-01-15T04:46:45.888+0000] {dag.py:3696} INFO - Setting next_dagrun for weather_data_pipeline to 2026-01-13T00:00:00+00:00, run_after=2026-01-16T00:00:00+00:00
[2026-01-15T04:46:45.923+0000] {processor.py:179} INFO - Processing /opt/airflow/dags/weather_scheduler.py took 0.176 seconds
[2026-01-15T04:47:16.055+0000] {processor.py:157} INFO - Started process (PID=376) to work on /opt/airflow/dags/weather_scheduler.py
[2026-01-15T04:47:16.057+0000] {processor.py:829} INFO - Processing file /opt/airflow/dags/weather_scheduler.py for tasks to queue
[2026-01-15T04:47:16.059+0000] {logging_mixin.py:151} INFO - [2026-01-15T04:47:16.059+0000] {dagbag.py:539} INFO - Filling up the DagBag from /opt/airflow/dags/weather_scheduler.py
[2026-01-15T04:47:16.081+0000] {processor.py:839} INFO - DAG(s) dict_keys(['weather_data_pipeline']) retrieved from /opt/airflow/dags/weather_scheduler.py
[2026-01-15T04:47:16.132+0000] {logging_mixin.py:151} INFO - [2026-01-15T04:47:16.132+0000] {dag.py:2915} INFO - Sync 1 DAGs
[2026-01-15T04:47:16.182+0000] {logging_mixin.py:151} INFO - [2026-01-15T04:47:16.182+0000] {dag.py:3696} INFO - Setting next_dagrun for weather_data_pipeline to 2026-01-13T00:00:00+00:00, run_after=2026-01-16T00:00:00+00:00
[2026-01-15T04:47:16.214+0000] {processor.py:179} INFO - Processing /opt/airflow/dags/weather_scheduler.py took 0.164 seconds
[2026-01-15T04:47:46.607+0000] {processor.py:157} INFO - Started process (PID=381) to work on /opt/airflow/dags/weather_scheduler.py
[2026-01-15T04:47:46.609+0000] {processor.py:829} INFO - Processing file /opt/airflow/dags/weather_scheduler.py for tasks to queue
[2026-01-15T04:47:46.611+0000] {logging_mixin.py:151} INFO - [2026-01-15T04:47:46.611+0000] {dagbag.py:539} INFO - Filling up the DagBag from /opt/airflow/dags/weather_scheduler.py
[2026-01-15T04:47:46.633+0000] {processor.py:839} INFO - DAG(s) dict_keys(['weather_data_pipeline']) retrieved from /opt/airflow/dags/weather_scheduler.py
[2026-01-15T04:47:46.682+0000] {logging_mixin.py:151} INFO - [2026-01-15T04:47:46.682+0000] {dag.py:2915} INFO - Sync 1 DAGs
[2026-01-15T04:47:46.742+0000] {logging_mixin.py:151} INFO - [2026-01-15T04:47:46.742+0000] {dag.py:3696} INFO - Setting next_dagrun for weather_data_pipeline to 2026-01-13T00:00:00+00:00, run_after=2026-01-16T00:00:00+00:00
[2026-01-15T04:47:46.783+0000] {processor.py:179} INFO - Processing /opt/airflow/dags/weather_scheduler.py took 0.181 seconds
[2026-01-15T04:48:17.014+0000] {processor.py:157} INFO - Started process (PID=386) to work on /opt/airflow/dags/weather_scheduler.py
[2026-01-15T04:48:17.016+0000] {processor.py:829} INFO - Processing file /opt/airflow/dags/weather_scheduler.py for tasks to queue
[2026-01-15T04:48:17.019+0000] {logging_mixin.py:151} INFO - [2026-01-15T04:48:17.018+0000] {dagbag.py:539} INFO - Filling up the DagBag from /opt/airflow/dags/weather_scheduler.py
[2026-01-15T04:48:17.074+0000] {processor.py:839} INFO - DAG(s) dict_keys(['weather_data_pipeline']) retrieved from /opt/airflow/dags/weather_scheduler.py
[2026-01-15T04:48:17.274+0000] {logging_mixin.py:151} INFO - [2026-01-15T04:48:17.274+0000] {dag.py:2915} INFO - Sync 1 DAGs
[2026-01-15T04:48:17.503+0000] {logging_mixin.py:151} INFO - [2026-01-15T04:48:17.502+0000] {dag.py:3696} INFO - Setting next_dagrun for weather_data_pipeline to 2026-01-13T00:00:00+00:00, run_after=2026-01-16T00:00:00+00:00
[2026-01-15T04:48:17.661+0000] {processor.py:179} INFO - Processing /opt/airflow/dags/weather_scheduler.py took 0.652 seconds
[2026-01-15T04:48:48.202+0000] {processor.py:157} INFO - Started process (PID=391) to work on /opt/airflow/dags/weather_scheduler.py
[2026-01-15T04:48:48.204+0000] {processor.py:829} INFO - Processing file /opt/airflow/dags/weather_scheduler.py for tasks to queue
[2026-01-15T04:48:48.207+0000] {logging_mixin.py:151} INFO - [2026-01-15T04:48:48.206+0000] {dagbag.py:539} INFO - Filling up the DagBag from /opt/airflow/dags/weather_scheduler.py
[2026-01-15T04:48:48.235+0000] {processor.py:839} INFO - DAG(s) dict_keys(['weather_data_pipeline']) retrieved from /opt/airflow/dags/weather_scheduler.py
[2026-01-15T04:48:48.290+0000] {logging_mixin.py:151} INFO - [2026-01-15T04:48:48.290+0000] {dag.py:2915} INFO - Sync 1 DAGs
[2026-01-15T04:48:48.343+0000] {logging_mixin.py:151} INFO - [2026-01-15T04:48:48.342+0000] {dag.py:3696} INFO - Setting next_dagrun for weather_data_pipeline to 2026-01-13T00:00:00+00:00, run_after=2026-01-16T00:00:00+00:00
[2026-01-15T04:48:48.382+0000] {processor.py:179} INFO - Processing /opt/airflow/dags/weather_scheduler.py took 0.186 seconds
[2026-01-15T04:49:18.528+0000] {processor.py:157} INFO - Started process (PID=406) to work on /opt/airflow/dags/weather_scheduler.py
[2026-01-15T04:49:18.537+0000] {processor.py:829} INFO - Processing file /opt/airflow/dags/weather_scheduler.py for tasks to queue
[2026-01-15T04:49:18.542+0000] {logging_mixin.py:151} INFO - [2026-01-15T04:49:18.540+0000] {dagbag.py:539} INFO - Filling up the DagBag from /opt/airflow/dags/weather_scheduler.py
[2026-01-15T04:49:18.574+0000] {processor.py:839} INFO - DAG(s) dict_keys(['weather_data_pipeline']) retrieved from /opt/airflow/dags/weather_scheduler.py
[2026-01-15T04:49:18.653+0000] {logging_mixin.py:151} INFO - [2026-01-15T04:49:18.653+0000] {dag.py:2915} INFO - Sync 1 DAGs
[2026-01-15T04:49:18.698+0000] {logging_mixin.py:151} INFO - [2026-01-15T04:49:18.697+0000] {dag.py:3696} INFO - Setting next_dagrun for weather_data_pipeline to 2026-01-13T00:00:00+00:00, run_after=2026-01-16T00:00:00+00:00
[2026-01-15T04:49:18.730+0000] {processor.py:179} INFO - Processing /opt/airflow/dags/weather_scheduler.py took 0.214 seconds
[2026-01-15T04:49:49.014+0000] {processor.py:157} INFO - Started process (PID=411) to work on /opt/airflow/dags/weather_scheduler.py
[2026-01-15T04:49:49.019+0000] {processor.py:829} INFO - Processing file /opt/airflow/dags/weather_scheduler.py for tasks to queue
[2026-01-15T04:49:49.027+0000] {logging_mixin.py:151} INFO - [2026-01-15T04:49:49.023+0000] {dagbag.py:539} INFO - Filling up the DagBag from /opt/airflow/dags/weather_scheduler.py
[2026-01-15T04:49:49.096+0000] {processor.py:839} INFO - DAG(s) dict_keys(['weather_data_pipeline']) retrieved from /opt/airflow/dags/weather_scheduler.py
[2026-01-15T04:49:49.184+0000] {logging_mixin.py:151} INFO - [2026-01-15T04:49:49.184+0000] {dag.py:2915} INFO - Sync 1 DAGs
[2026-01-15T04:49:49.234+0000] {logging_mixin.py:151} INFO - [2026-01-15T04:49:49.234+0000] {dag.py:3696} INFO - Setting next_dagrun for weather_data_pipeline to 2026-01-13T00:00:00+00:00, run_after=2026-01-16T00:00:00+00:00
[2026-01-15T04:49:49.270+0000] {processor.py:179} INFO - Processing /opt/airflow/dags/weather_scheduler.py took 0.265 seconds
[2026-01-15T04:50:19.376+0000] {processor.py:157} INFO - Started process (PID=416) to work on /opt/airflow/dags/weather_scheduler.py
[2026-01-15T04:50:19.378+0000] {processor.py:829} INFO - Processing file /opt/airflow/dags/weather_scheduler.py for tasks to queue
[2026-01-15T04:50:19.384+0000] {logging_mixin.py:151} INFO - [2026-01-15T04:50:19.382+0000] {dagbag.py:539} INFO - Filling up the DagBag from /opt/airflow/dags/weather_scheduler.py
[2026-01-15T04:50:19.412+0000] {processor.py:839} INFO - DAG(s) dict_keys(['weather_data_pipeline']) retrieved from /opt/airflow/dags/weather_scheduler.py
[2026-01-15T04:50:19.471+0000] {logging_mixin.py:151} INFO - [2026-01-15T04:50:19.471+0000] {dag.py:2915} INFO - Sync 1 DAGs
[2026-01-15T04:50:19.519+0000] {logging_mixin.py:151} INFO - [2026-01-15T04:50:19.519+0000] {dag.py:3696} INFO - Setting next_dagrun for weather_data_pipeline to 2026-01-13T00:00:00+00:00, run_after=2026-01-16T00:00:00+00:00
[2026-01-15T04:50:19.560+0000] {processor.py:179} INFO - Processing /opt/airflow/dags/weather_scheduler.py took 0.190 seconds
[2026-01-15T04:50:49.917+0000] {processor.py:157} INFO - Started process (PID=421) to work on /opt/airflow/dags/weather_scheduler.py
[2026-01-15T04:50:49.924+0000] {processor.py:829} INFO - Processing file /opt/airflow/dags/weather_scheduler.py for tasks to queue
[2026-01-15T04:50:49.931+0000] {logging_mixin.py:151} INFO - [2026-01-15T04:50:49.930+0000] {dagbag.py:539} INFO - Filling up the DagBag from /opt/airflow/dags/weather_scheduler.py
[2026-01-15T04:50:49.970+0000] {processor.py:839} INFO - DAG(s) dict_keys(['weather_data_pipeline']) retrieved from /opt/airflow/dags/weather_scheduler.py
[2026-01-15T04:50:50.065+0000] {logging_mixin.py:151} INFO - [2026-01-15T04:50:50.065+0000] {dag.py:2915} INFO - Sync 1 DAGs
[2026-01-15T04:50:50.155+0000] {logging_mixin.py:151} INFO - [2026-01-15T04:50:50.155+0000] {dag.py:3696} INFO - Setting next_dagrun for weather_data_pipeline to 2026-01-13T00:00:00+00:00, run_after=2026-01-16T00:00:00+00:00
[2026-01-15T04:50:50.194+0000] {processor.py:179} INFO - Processing /opt/airflow/dags/weather_scheduler.py took 0.313 seconds
[2026-01-15T04:51:20.503+0000] {processor.py:157} INFO - Started process (PID=426) to work on /opt/airflow/dags/weather_scheduler.py
[2026-01-15T04:51:20.506+0000] {processor.py:829} INFO - Processing file /opt/airflow/dags/weather_scheduler.py for tasks to queue
[2026-01-15T04:51:20.510+0000] {logging_mixin.py:151} INFO - [2026-01-15T04:51:20.509+0000] {dagbag.py:539} INFO - Filling up the DagBag from /opt/airflow/dags/weather_scheduler.py
[2026-01-15T04:51:20.541+0000] {processor.py:839} INFO - DAG(s) dict_keys(['weather_data_pipeline']) retrieved from /opt/airflow/dags/weather_scheduler.py
[2026-01-15T04:51:20.604+0000] {logging_mixin.py:151} INFO - [2026-01-15T04:51:20.604+0000] {dag.py:2915} INFO - Sync 1 DAGs
[2026-01-15T04:51:20.648+0000] {logging_mixin.py:151} INFO - [2026-01-15T04:51:20.648+0000] {dag.py:3696} INFO - Setting next_dagrun for weather_data_pipeline to 2026-01-13T00:00:00+00:00, run_after=2026-01-16T00:00:00+00:00
[2026-01-15T04:51:20.684+0000] {processor.py:179} INFO - Processing /opt/airflow/dags/weather_scheduler.py took 0.194 seconds
[2026-01-15T04:51:50.936+0000] {processor.py:157} INFO - Started process (PID=431) to work on /opt/airflow/dags/weather_scheduler.py
[2026-01-15T04:51:50.939+0000] {processor.py:829} INFO - Processing file /opt/airflow/dags/weather_scheduler.py for tasks to queue
[2026-01-15T04:51:50.943+0000] {logging_mixin.py:151} INFO - [2026-01-15T04:51:50.941+0000] {dagbag.py:539} INFO - Filling up the DagBag from /opt/airflow/dags/weather_scheduler.py
[2026-01-15T04:51:50.991+0000] {processor.py:839} INFO - DAG(s) dict_keys(['weather_data_pipeline']) retrieved from /opt/airflow/dags/weather_scheduler.py
[2026-01-15T04:51:51.111+0000] {logging_mixin.py:151} INFO - [2026-01-15T04:51:51.110+0000] {dag.py:2915} INFO - Sync 1 DAGs
[2026-01-15T04:51:51.306+0000] {logging_mixin.py:151} INFO - [2026-01-15T04:51:51.304+0000] {dag.py:3696} INFO - Setting next_dagrun for weather_data_pipeline to 2026-01-13T00:00:00+00:00, run_after=2026-01-16T00:00:00+00:00
[2026-01-15T04:51:51.440+0000] {processor.py:179} INFO - Processing /opt/airflow/dags/weather_scheduler.py took 0.513 seconds
[2026-01-15T04:52:21.847+0000] {processor.py:157} INFO - Started process (PID=436) to work on /opt/airflow/dags/weather_scheduler.py
[2026-01-15T04:52:21.849+0000] {processor.py:829} INFO - Processing file /opt/airflow/dags/weather_scheduler.py for tasks to queue
[2026-01-15T04:52:21.853+0000] {logging_mixin.py:151} INFO - [2026-01-15T04:52:21.852+0000] {dagbag.py:539} INFO - Filling up the DagBag from /opt/airflow/dags/weather_scheduler.py
[2026-01-15T04:52:21.886+0000] {processor.py:839} INFO - DAG(s) dict_keys(['weather_data_pipeline']) retrieved from /opt/airflow/dags/weather_scheduler.py
[2026-01-15T04:52:21.938+0000] {logging_mixin.py:151} INFO - [2026-01-15T04:52:21.938+0000] {dag.py:2915} INFO - Sync 1 DAGs
[2026-01-15T04:52:21.999+0000] {logging_mixin.py:151} INFO - [2026-01-15T04:52:21.999+0000] {dag.py:3696} INFO - Setting next_dagrun for weather_data_pipeline to 2026-01-13T00:00:00+00:00, run_after=2026-01-16T00:00:00+00:00
[2026-01-15T04:52:22.039+0000] {processor.py:179} INFO - Processing /opt/airflow/dags/weather_scheduler.py took 0.202 seconds
[2026-01-15T04:52:52.150+0000] {processor.py:157} INFO - Started process (PID=441) to work on /opt/airflow/dags/weather_scheduler.py
[2026-01-15T04:52:52.154+0000] {processor.py:829} INFO - Processing file /opt/airflow/dags/weather_scheduler.py for tasks to queue
[2026-01-15T04:52:52.160+0000] {logging_mixin.py:151} INFO - [2026-01-15T04:52:52.159+0000] {dagbag.py:539} INFO - Filling up the DagBag from /opt/airflow/dags/weather_scheduler.py
[2026-01-15T04:52:52.220+0000] {processor.py:839} INFO - DAG(s) dict_keys(['weather_data_pipeline']) retrieved from /opt/airflow/dags/weather_scheduler.py
[2026-01-15T04:52:52.333+0000] {logging_mixin.py:151} INFO - [2026-01-15T04:52:52.332+0000] {dag.py:2915} INFO - Sync 1 DAGs
[2026-01-15T04:52:52.529+0000] {logging_mixin.py:151} INFO - [2026-01-15T04:52:52.528+0000] {dag.py:3696} INFO - Setting next_dagrun for weather_data_pipeline to 2026-01-13T00:00:00+00:00, run_after=2026-01-16T00:00:00+00:00
[2026-01-15T04:52:52.618+0000] {processor.py:179} INFO - Processing /opt/airflow/dags/weather_scheduler.py took 0.481 seconds
[2026-01-15T04:53:22.688+0000] {processor.py:157} INFO - Started process (PID=446) to work on /opt/airflow/dags/weather_scheduler.py
[2026-01-15T04:53:22.690+0000] {processor.py:829} INFO - Processing file /opt/airflow/dags/weather_scheduler.py for tasks to queue
[2026-01-15T04:53:22.692+0000] {logging_mixin.py:151} INFO - [2026-01-15T04:53:22.692+0000] {dagbag.py:539} INFO - Filling up the DagBag from /opt/airflow/dags/weather_scheduler.py
[2026-01-15T04:53:22.713+0000] {processor.py:839} INFO - DAG(s) dict_keys(['weather_data_pipeline']) retrieved from /opt/airflow/dags/weather_scheduler.py
[2026-01-15T04:53:22.762+0000] {logging_mixin.py:151} INFO - [2026-01-15T04:53:22.762+0000] {dag.py:2915} INFO - Sync 1 DAGs
[2026-01-15T04:53:22.808+0000] {logging_mixin.py:151} INFO - [2026-01-15T04:53:22.808+0000] {dag.py:3696} INFO - Setting next_dagrun for weather_data_pipeline to 2026-01-13T00:00:00+00:00, run_after=2026-01-16T00:00:00+00:00
[2026-01-15T04:53:22.845+0000] {processor.py:179} INFO - Processing /opt/airflow/dags/weather_scheduler.py took 0.163 seconds
[2026-01-15T04:53:52.958+0000] {processor.py:157} INFO - Started process (PID=451) to work on /opt/airflow/dags/weather_scheduler.py
[2026-01-15T04:53:52.961+0000] {processor.py:829} INFO - Processing file /opt/airflow/dags/weather_scheduler.py for tasks to queue
[2026-01-15T04:53:52.965+0000] {logging_mixin.py:151} INFO - [2026-01-15T04:53:52.963+0000] {dagbag.py:539} INFO - Filling up the DagBag from /opt/airflow/dags/weather_scheduler.py
[2026-01-15T04:53:52.993+0000] {processor.py:839} INFO - DAG(s) dict_keys(['weather_data_pipeline']) retrieved from /opt/airflow/dags/weather_scheduler.py
[2026-01-15T04:53:53.050+0000] {logging_mixin.py:151} INFO - [2026-01-15T04:53:53.050+0000] {dag.py:2915} INFO - Sync 1 DAGs
[2026-01-15T04:53:53.099+0000] {logging_mixin.py:151} INFO - [2026-01-15T04:53:53.099+0000] {dag.py:3696} INFO - Setting next_dagrun for weather_data_pipeline to 2026-01-13T00:00:00+00:00, run_after=2026-01-16T00:00:00+00:00
[2026-01-15T04:53:53.139+0000] {processor.py:179} INFO - Processing /opt/airflow/dags/weather_scheduler.py took 0.191 seconds
[2026-01-15T04:54:23.499+0000] {processor.py:157} INFO - Started process (PID=463) to work on /opt/airflow/dags/weather_scheduler.py
[2026-01-15T04:54:23.502+0000] {processor.py:829} INFO - Processing file /opt/airflow/dags/weather_scheduler.py for tasks to queue
[2026-01-15T04:54:23.506+0000] {logging_mixin.py:151} INFO - [2026-01-15T04:54:23.505+0000] {dagbag.py:539} INFO - Filling up the DagBag from /opt/airflow/dags/weather_scheduler.py
[2026-01-15T04:54:23.528+0000] {processor.py:839} INFO - DAG(s) dict_keys(['weather_data_pipeline']) retrieved from /opt/airflow/dags/weather_scheduler.py
[2026-01-15T04:54:23.575+0000] {logging_mixin.py:151} INFO - [2026-01-15T04:54:23.575+0000] {dag.py:2915} INFO - Sync 1 DAGs
[2026-01-15T04:54:23.623+0000] {logging_mixin.py:151} INFO - [2026-01-15T04:54:23.623+0000] {dag.py:3696} INFO - Setting next_dagrun for weather_data_pipeline to 2026-01-13T00:00:00+00:00, run_after=2026-01-16T00:00:00+00:00
[2026-01-15T04:54:23.668+0000] {processor.py:179} INFO - Processing /opt/airflow/dags/weather_scheduler.py took 0.185 seconds
[2026-01-15T04:54:53.818+0000] {processor.py:157} INFO - Started process (PID=468) to work on /opt/airflow/dags/weather_scheduler.py
[2026-01-15T04:54:53.820+0000] {processor.py:829} INFO - Processing file /opt/airflow/dags/weather_scheduler.py for tasks to queue
[2026-01-15T04:54:53.823+0000] {logging_mixin.py:151} INFO - [2026-01-15T04:54:53.822+0000] {dagbag.py:539} INFO - Filling up the DagBag from /opt/airflow/dags/weather_scheduler.py
[2026-01-15T04:54:53.851+0000] {processor.py:839} INFO - DAG(s) dict_keys(['weather_data_pipeline']) retrieved from /opt/airflow/dags/weather_scheduler.py
[2026-01-15T04:54:53.910+0000] {logging_mixin.py:151} INFO - [2026-01-15T04:54:53.910+0000] {dag.py:2915} INFO - Sync 1 DAGs
[2026-01-15T04:54:53.970+0000] {logging_mixin.py:151} INFO - [2026-01-15T04:54:53.969+0000] {dag.py:3696} INFO - Setting next_dagrun for weather_data_pipeline to 2026-01-13T00:00:00+00:00, run_after=2026-01-16T00:00:00+00:00
[2026-01-15T04:54:54.019+0000] {processor.py:179} INFO - Processing /opt/airflow/dags/weather_scheduler.py took 0.206 seconds
[2026-01-15T04:55:24.304+0000] {processor.py:157} INFO - Started process (PID=483) to work on /opt/airflow/dags/weather_scheduler.py
[2026-01-15T04:55:24.308+0000] {processor.py:829} INFO - Processing file /opt/airflow/dags/weather_scheduler.py for tasks to queue
[2026-01-15T04:55:24.313+0000] {logging_mixin.py:151} INFO - [2026-01-15T04:55:24.311+0000] {dagbag.py:539} INFO - Filling up the DagBag from /opt/airflow/dags/weather_scheduler.py
[2026-01-15T04:55:24.344+0000] {processor.py:839} INFO - DAG(s) dict_keys(['weather_data_pipeline']) retrieved from /opt/airflow/dags/weather_scheduler.py
[2026-01-15T04:55:24.401+0000] {logging_mixin.py:151} INFO - [2026-01-15T04:55:24.401+0000] {dag.py:2915} INFO - Sync 1 DAGs
[2026-01-15T04:55:24.446+0000] {logging_mixin.py:151} INFO - [2026-01-15T04:55:24.446+0000] {dag.py:3696} INFO - Setting next_dagrun for weather_data_pipeline to 2026-01-13T00:00:00+00:00, run_after=2026-01-16T00:00:00+00:00
[2026-01-15T04:55:24.494+0000] {processor.py:179} INFO - Processing /opt/airflow/dags/weather_scheduler.py took 0.211 seconds
[2026-01-15T04:55:54.714+0000] {processor.py:157} INFO - Started process (PID=488) to work on /opt/airflow/dags/weather_scheduler.py
[2026-01-15T04:55:54.721+0000] {processor.py:829} INFO - Processing file /opt/airflow/dags/weather_scheduler.py for tasks to queue
[2026-01-15T04:55:54.728+0000] {logging_mixin.py:151} INFO - [2026-01-15T04:55:54.727+0000] {dagbag.py:539} INFO - Filling up the DagBag from /opt/airflow/dags/weather_scheduler.py
[2026-01-15T04:55:54.763+0000] {processor.py:839} INFO - DAG(s) dict_keys(['weather_data_pipeline']) retrieved from /opt/airflow/dags/weather_scheduler.py
[2026-01-15T04:55:54.870+0000] {logging_mixin.py:151} INFO - [2026-01-15T04:55:54.869+0000] {dag.py:2915} INFO - Sync 1 DAGs
[2026-01-15T04:55:54.960+0000] {logging_mixin.py:151} INFO - [2026-01-15T04:55:54.960+0000] {dag.py:3696} INFO - Setting next_dagrun for weather_data_pipeline to 2026-01-13T00:00:00+00:00, run_after=2026-01-16T00:00:00+00:00
[2026-01-15T04:55:54.999+0000] {processor.py:179} INFO - Processing /opt/airflow/dags/weather_scheduler.py took 0.297 seconds
[2026-01-15T04:56:25.164+0000] {processor.py:157} INFO - Started process (PID=493) to work on /opt/airflow/dags/weather_scheduler.py
[2026-01-15T04:56:25.166+0000] {processor.py:829} INFO - Processing file /opt/airflow/dags/weather_scheduler.py for tasks to queue
[2026-01-15T04:56:25.170+0000] {logging_mixin.py:151} INFO - [2026-01-15T04:56:25.169+0000] {dagbag.py:539} INFO - Filling up the DagBag from /opt/airflow/dags/weather_scheduler.py
[2026-01-15T04:56:25.195+0000] {processor.py:839} INFO - DAG(s) dict_keys(['weather_data_pipeline']) retrieved from /opt/airflow/dags/weather_scheduler.py
[2026-01-15T04:56:25.243+0000] {logging_mixin.py:151} INFO - [2026-01-15T04:56:25.243+0000] {dag.py:2915} INFO - Sync 1 DAGs
[2026-01-15T04:56:25.289+0000] {logging_mixin.py:151} INFO - [2026-01-15T04:56:25.289+0000] {dag.py:3696} INFO - Setting next_dagrun for weather_data_pipeline to 2026-01-13T00:00:00+00:00, run_after=2026-01-16T00:00:00+00:00
[2026-01-15T04:56:25.326+0000] {processor.py:179} INFO - Processing /opt/airflow/dags/weather_scheduler.py took 0.174 seconds
                                                                                                                                                                                                                                                                                                                                                                                                                                                                                                                                                                                                                                                                                                                                                                                                                                                                                                                                                                                                                                                                                                                    [2026-01-15T18:16:04.635+0000] {processor.py:157} INFO - Started process (PID=175) to work on /opt/airflow/dags/weather_scheduler.py
[2026-01-15T18:16:04.638+0000] {processor.py:829} INFO - Processing file /opt/airflow/dags/weather_scheduler.py for tasks to queue
[2026-01-15T18:16:04.645+0000] {logging_mixin.py:151} INFO - [2026-01-15T18:16:04.641+0000] {dagbag.py:539} INFO - Filling up the DagBag from /opt/airflow/dags/weather_scheduler.py
[2026-01-15T18:16:04.691+0000] {processor.py:839} INFO - DAG(s) dict_keys(['weather_data_pipeline']) retrieved from /opt/airflow/dags/weather_scheduler.py
[2026-01-15T18:16:04.842+0000] {logging_mixin.py:151} INFO - [2026-01-15T18:16:04.841+0000] {dag.py:2915} INFO - Sync 1 DAGs
[2026-01-15T18:16:05.037+0000] {logging_mixin.py:151} INFO - [2026-01-15T18:16:05.037+0000] {dag.py:3696} INFO - Setting next_dagrun for weather_data_pipeline to 2026-01-13T00:00:00+00:00, run_after=2026-01-16T00:00:00+00:00
[2026-01-15T18:16:05.094+0000] {processor.py:179} INFO - Processing /opt/airflow/dags/weather_scheduler.py took 0.466 seconds
[2026-01-15T18:16:35.478+0000] {processor.py:157} INFO - Started process (PID=198) to work on /opt/airflow/dags/weather_scheduler.py
[2026-01-15T18:16:35.483+0000] {processor.py:829} INFO - Processing file /opt/airflow/dags/weather_scheduler.py for tasks to queue
[2026-01-15T18:16:35.491+0000] {logging_mixin.py:151} INFO - [2026-01-15T18:16:35.488+0000] {dagbag.py:539} INFO - Filling up the DagBag from /opt/airflow/dags/weather_scheduler.py
[2026-01-15T18:16:35.549+0000] {processor.py:839} INFO - DAG(s) dict_keys(['weather_data_pipeline']) retrieved from /opt/airflow/dags/weather_scheduler.py
[2026-01-15T18:16:35.615+0000] {logging_mixin.py:151} INFO - [2026-01-15T18:16:35.614+0000] {dag.py:2915} INFO - Sync 1 DAGs
[2026-01-15T18:16:35.686+0000] {logging_mixin.py:151} INFO - [2026-01-15T18:16:35.686+0000] {dag.py:3696} INFO - Setting next_dagrun for weather_data_pipeline to 2026-01-13T00:00:00+00:00, run_after=2026-01-16T00:00:00+00:00
[2026-01-15T18:16:35.745+0000] {processor.py:179} INFO - Processing /opt/airflow/dags/weather_scheduler.py took 0.283 seconds
[2026-01-15T18:17:06.058+0000] {processor.py:157} INFO - Started process (PID=203) to work on /opt/airflow/dags/weather_scheduler.py
[2026-01-15T18:17:06.060+0000] {processor.py:829} INFO - Processing file /opt/airflow/dags/weather_scheduler.py for tasks to queue
[2026-01-15T18:17:06.063+0000] {logging_mixin.py:151} INFO - [2026-01-15T18:17:06.063+0000] {dagbag.py:539} INFO - Filling up the DagBag from /opt/airflow/dags/weather_scheduler.py
[2026-01-15T18:17:06.098+0000] {processor.py:839} INFO - DAG(s) dict_keys(['weather_data_pipeline']) retrieved from /opt/airflow/dags/weather_scheduler.py
[2026-01-15T18:17:06.168+0000] {logging_mixin.py:151} INFO - [2026-01-15T18:17:06.168+0000] {dag.py:2915} INFO - Sync 1 DAGs
[2026-01-15T18:17:06.234+0000] {logging_mixin.py:151} INFO - [2026-01-15T18:17:06.233+0000] {dag.py:3696} INFO - Setting next_dagrun for weather_data_pipeline to 2026-01-13T00:00:00+00:00, run_after=2026-01-16T00:00:00+00:00
[2026-01-15T18:17:06.280+0000] {processor.py:179} INFO - Processing /opt/airflow/dags/weather_scheduler.py took 0.228 seconds
[2026-01-15T18:17:36.406+0000] {processor.py:157} INFO - Started process (PID=208) to work on /opt/airflow/dags/weather_scheduler.py
[2026-01-15T18:17:36.410+0000] {processor.py:829} INFO - Processing file /opt/airflow/dags/weather_scheduler.py for tasks to queue
[2026-01-15T18:17:36.427+0000] {logging_mixin.py:151} INFO - [2026-01-15T18:17:36.420+0000] {dagbag.py:539} INFO - Filling up the DagBag from /opt/airflow/dags/weather_scheduler.py
[2026-01-15T18:17:36.591+0000] {processor.py:839} INFO - DAG(s) dict_keys(['weather_data_pipeline']) retrieved from /opt/airflow/dags/weather_scheduler.py
[2026-01-15T18:17:36.750+0000] {logging_mixin.py:151} INFO - [2026-01-15T18:17:36.749+0000] {dag.py:2915} INFO - Sync 1 DAGs
[2026-01-15T18:17:36.900+0000] {logging_mixin.py:151} INFO - [2026-01-15T18:17:36.897+0000] {dag.py:3696} INFO - Setting next_dagrun for weather_data_pipeline to 2026-01-13T00:00:00+00:00, run_after=2026-01-16T00:00:00+00:00
[2026-01-15T18:17:36.960+0000] {processor.py:179} INFO - Processing /opt/airflow/dags/weather_scheduler.py took 0.580 seconds
[2026-01-15T18:18:07.335+0000] {processor.py:157} INFO - Started process (PID=224) to work on /opt/airflow/dags/weather_scheduler.py
[2026-01-15T18:18:07.339+0000] {processor.py:829} INFO - Processing file /opt/airflow/dags/weather_scheduler.py for tasks to queue
[2026-01-15T18:18:07.347+0000] {logging_mixin.py:151} INFO - [2026-01-15T18:18:07.346+0000] {dagbag.py:539} INFO - Filling up the DagBag from /opt/airflow/dags/weather_scheduler.py
[2026-01-15T18:18:07.381+0000] {processor.py:839} INFO - DAG(s) dict_keys(['weather_data_pipeline']) retrieved from /opt/airflow/dags/weather_scheduler.py
[2026-01-15T18:18:07.446+0000] {logging_mixin.py:151} INFO - [2026-01-15T18:18:07.445+0000] {dag.py:2915} INFO - Sync 1 DAGs
[2026-01-15T18:18:07.494+0000] {logging_mixin.py:151} INFO - [2026-01-15T18:18:07.494+0000] {dag.py:3696} INFO - Setting next_dagrun for weather_data_pipeline to 2026-01-13T00:00:00+00:00, run_after=2026-01-16T00:00:00+00:00
[2026-01-15T18:18:07.693+0000] {processor.py:179} INFO - Processing /opt/airflow/dags/weather_scheduler.py took 0.373 seconds
[2026-01-15T18:18:38.068+0000] {processor.py:157} INFO - Started process (PID=229) to work on /opt/airflow/dags/weather_scheduler.py
[2026-01-15T18:18:38.070+0000] {processor.py:829} INFO - Processing file /opt/airflow/dags/weather_scheduler.py for tasks to queue
[2026-01-15T18:18:38.074+0000] {logging_mixin.py:151} INFO - [2026-01-15T18:18:38.073+0000] {dagbag.py:539} INFO - Filling up the DagBag from /opt/airflow/dags/weather_scheduler.py
[2026-01-15T18:18:38.096+0000] {processor.py:839} INFO - DAG(s) dict_keys(['weather_data_pipeline']) retrieved from /opt/airflow/dags/weather_scheduler.py
[2026-01-15T18:18:38.142+0000] {logging_mixin.py:151} INFO - [2026-01-15T18:18:38.142+0000] {dag.py:2915} INFO - Sync 1 DAGs
[2026-01-15T18:18:38.338+0000] {logging_mixin.py:151} INFO - [2026-01-15T18:18:38.338+0000] {dag.py:3696} INFO - Setting next_dagrun for weather_data_pipeline to 2026-01-13T00:00:00+00:00, run_after=2026-01-16T00:00:00+00:00
[2026-01-15T18:18:38.369+0000] {processor.py:179} INFO - Processing /opt/airflow/dags/weather_scheduler.py took 0.305 seconds
[2026-01-15T18:19:08.452+0000] {processor.py:157} INFO - Started process (PID=234) to work on /opt/airflow/dags/weather_scheduler.py
[2026-01-15T18:19:08.457+0000] {processor.py:829} INFO - Processing file /opt/airflow/dags/weather_scheduler.py for tasks to queue
[2026-01-15T18:19:08.464+0000] {logging_mixin.py:151} INFO - [2026-01-15T18:19:08.462+0000] {dagbag.py:539} INFO - Filling up the DagBag from /opt/airflow/dags/weather_scheduler.py
[2026-01-15T18:19:08.502+0000] {processor.py:839} INFO - DAG(s) dict_keys(['weather_data_pipeline']) retrieved from /opt/airflow/dags/weather_scheduler.py
[2026-01-15T18:19:08.556+0000] {logging_mixin.py:151} INFO - [2026-01-15T18:19:08.555+0000] {dag.py:2915} INFO - Sync 1 DAGs
[2026-01-15T18:19:08.750+0000] {logging_mixin.py:151} INFO - [2026-01-15T18:19:08.750+0000] {dag.py:3696} INFO - Setting next_dagrun for weather_data_pipeline to 2026-01-13T00:00:00+00:00, run_after=2026-01-16T00:00:00+00:00
[2026-01-15T18:19:08.782+0000] {processor.py:179} INFO - Processing /opt/airflow/dags/weather_scheduler.py took 0.347 seconds
[2026-01-15T18:19:39.003+0000] {processor.py:157} INFO - Started process (PID=239) to work on /opt/airflow/dags/weather_scheduler.py
[2026-01-15T18:19:39.006+0000] {processor.py:829} INFO - Processing file /opt/airflow/dags/weather_scheduler.py for tasks to queue
[2026-01-15T18:19:39.011+0000] {logging_mixin.py:151} INFO - [2026-01-15T18:19:39.010+0000] {dagbag.py:539} INFO - Filling up the DagBag from /opt/airflow/dags/weather_scheduler.py
[2026-01-15T18:19:39.046+0000] {processor.py:839} INFO - DAG(s) dict_keys(['weather_data_pipeline']) retrieved from /opt/airflow/dags/weather_scheduler.py
[2026-01-15T18:19:39.374+0000] {logging_mixin.py:151} INFO - [2026-01-15T18:19:39.373+0000] {dag.py:2915} INFO - Sync 1 DAGs
[2026-01-15T18:19:39.429+0000] {logging_mixin.py:151} INFO - [2026-01-15T18:19:39.427+0000] {dag.py:3696} INFO - Setting next_dagrun for weather_data_pipeline to 2026-01-13T00:00:00+00:00, run_after=2026-01-16T00:00:00+00:00
[2026-01-15T18:19:39.475+0000] {processor.py:179} INFO - Processing /opt/airflow/dags/weather_scheduler.py took 0.479 seconds
[2026-01-15T18:20:09.785+0000] {processor.py:157} INFO - Started process (PID=244) to work on /opt/airflow/dags/weather_scheduler.py
[2026-01-15T18:20:09.790+0000] {processor.py:829} INFO - Processing file /opt/airflow/dags/weather_scheduler.py for tasks to queue
[2026-01-15T18:20:09.796+0000] {logging_mixin.py:151} INFO - [2026-01-15T18:20:09.794+0000] {dagbag.py:539} INFO - Filling up the DagBag from /opt/airflow/dags/weather_scheduler.py
[2026-01-15T18:20:10.081+0000] {processor.py:839} INFO - DAG(s) dict_keys(['weather_data_pipeline']) retrieved from /opt/airflow/dags/weather_scheduler.py
[2026-01-15T18:20:10.119+0000] {logging_mixin.py:151} INFO - [2026-01-15T18:20:10.119+0000] {dag.py:2915} INFO - Sync 1 DAGs
[2026-01-15T18:20:10.159+0000] {logging_mixin.py:151} INFO - [2026-01-15T18:20:10.159+0000] {dag.py:3696} INFO - Setting next_dagrun for weather_data_pipeline to 2026-01-13T00:00:00+00:00, run_after=2026-01-16T00:00:00+00:00
[2026-01-15T18:20:10.191+0000] {processor.py:179} INFO - Processing /opt/airflow/dags/weather_scheduler.py took 0.419 seconds
