[2026-01-16T06:12:16.370+0000] {taskinstance.py:1157} INFO - Dependencies all met for dep_context=non-requeueable deps ti=<TaskInstance: weather_data_pipeline.load_weather_data_to_db manual__2026-01-16T06:12:03.847549+00:00 [queued]>
[2026-01-16T06:12:16.395+0000] {taskinstance.py:1157} INFO - Dependencies all met for dep_context=requeueable deps ti=<TaskInstance: weather_data_pipeline.load_weather_data_to_db manual__2026-01-16T06:12:03.847549+00:00 [queued]>
[2026-01-16T06:12:16.397+0000] {taskinstance.py:1359} INFO - Starting attempt 1 of 2
[2026-01-16T06:12:16.438+0000] {taskinstance.py:1380} INFO - Executing <Task(BashOperator): load_weather_data_to_db> on 2026-01-16 06:12:03.847549+00:00
[2026-01-16T06:12:16.453+0000] {standard_task_runner.py:57} INFO - Started process 323 to run task
[2026-01-16T06:12:16.469+0000] {standard_task_runner.py:84} INFO - Running: ['***', 'tasks', 'run', 'weather_data_pipeline', 'load_weather_data_to_db', 'manual__2026-01-16T06:12:03.847549+00:00', '--job-id', '13', '--raw', '--subdir', 'DAGS_FOLDER/weather_scheduler.py', '--cfg-path', '/tmp/tmp79vfz9hj']
[2026-01-16T06:12:16.476+0000] {standard_task_runner.py:85} INFO - Job 13: Subtask load_weather_data_to_db
[2026-01-16T06:12:16.563+0000] {task_command.py:415} INFO - Running <TaskInstance: weather_data_pipeline.load_weather_data_to_db manual__2026-01-16T06:12:03.847549+00:00 [running]> on host 5f9f65985556
[2026-01-16T06:12:16.816+0000] {taskinstance.py:1660} INFO - Exporting env vars: AIRFLOW_CTX_DAG_OWNER='pangorin' AIRFLOW_CTX_DAG_ID='weather_data_pipeline' AIRFLOW_CTX_TASK_ID='load_weather_data_to_db' AIRFLOW_CTX_EXECUTION_DATE='2026-01-16T06:12:03.847549+00:00' AIRFLOW_CTX_TRY_NUMBER='1' AIRFLOW_CTX_DAG_RUN_ID='manual__2026-01-16T06:12:03.847549+00:00'
[2026-01-16T06:12:16.844+0000] {subprocess.py:63} INFO - Tmp dir root location: /tmp
[2026-01-16T06:12:16.857+0000] {subprocess.py:75} INFO - Running command: ['/bin/bash', '-c', 'python /opt/***/scripts/load.py']
[2026-01-16T06:12:16.921+0000] {subprocess.py:86} INFO - Output:
[2026-01-16T06:12:20.041+0000] {subprocess.py:93} INFO - Starting load process...
[2026-01-16T06:12:20.043+0000] {subprocess.py:93} INFO - Searching for files at: /opt/***/data/processed/processed_weather_*.csv
[2026-01-16T06:12:20.044+0000] {subprocess.py:93} INFO - Found latest data file: /opt/***/data/processed/processed_weather_data_20260116_061214.csv
[2026-01-16T06:12:20.046+0000] {subprocess.py:93} INFO - Successfully connected to MySQL database.
[2026-01-16T06:12:20.047+0000] {subprocess.py:93} INFO - --------------------------------------------------
[2026-01-16T06:12:20.050+0000] {subprocess.py:93} INFO - Successfully loaded 140 records into the weather_readings.
[2026-01-16T06:12:20.276+0000] {subprocess.py:97} INFO - Command exited with return code 0
[2026-01-16T06:12:20.447+0000] {taskinstance.py:1398} INFO - Marking task as SUCCESS. dag_id=weather_data_pipeline, task_id=load_weather_data_to_db, execution_date=20260116T061203, start_date=20260116T061216, end_date=20260116T061220
[2026-01-16T06:12:20.583+0000] {local_task_job_runner.py:228} INFO - Task exited with return code 0
[2026-01-16T06:12:20.652+0000] {taskinstance.py:2776} INFO - 0 downstream tasks scheduled from follow-on schedule check
