[2026-01-20T02:21:28.163+0000] {processor.py:157} INFO - Started process (PID=171) to work on /opt/airflow/dags/weather_scheduler.py
[2026-01-20T02:21:28.164+0000] {processor.py:829} INFO - Processing file /opt/airflow/dags/weather_scheduler.py for tasks to queue
[2026-01-20T02:21:28.166+0000] {logging_mixin.py:151} INFO - [2026-01-20T02:21:28.166+0000] {dagbag.py:539} INFO - Filling up the DagBag from /opt/airflow/dags/weather_scheduler.py
[2026-01-20T02:21:28.294+0000] {processor.py:839} INFO - DAG(s) dict_keys(['weather_data_pipeline']) retrieved from /opt/airflow/dags/weather_scheduler.py
[2026-01-20T02:21:28.507+0000] {logging_mixin.py:151} INFO - [2026-01-20T02:21:28.507+0000] {manager.py:499} INFO - Created Permission View: %s
[2026-01-20T02:21:28.525+0000] {logging_mixin.py:151} INFO - [2026-01-20T02:21:28.525+0000] {manager.py:499} INFO - Created Permission View: %s
[2026-01-20T02:21:28.538+0000] {logging_mixin.py:151} INFO - [2026-01-20T02:21:28.537+0000] {manager.py:499} INFO - Created Permission View: %s
[2026-01-20T02:21:28.539+0000] {logging_mixin.py:151} INFO - [2026-01-20T02:21:28.538+0000] {security.py:708} INFO - Not syncing DAG-level permissions for DAG 'DAG:weather_data_pipeline' as access control is unset.
[2026-01-20T02:21:28.540+0000] {logging_mixin.py:151} INFO - [2026-01-20T02:21:28.539+0000] {dag.py:2915} INFO - Sync 1 DAGs
[2026-01-20T02:21:28.559+0000] {logging_mixin.py:151} INFO - [2026-01-20T02:21:28.559+0000] {dag.py:2937} INFO - Creating ORM DAG for weather_data_pipeline
[2026-01-20T02:21:28.736+0000] {logging_mixin.py:151} INFO - [2026-01-20T02:21:28.736+0000] {dag.py:3696} INFO - Setting next_dagrun for weather_data_pipeline to 2026-01-16T00:00:00+00:00, run_after=2026-01-19T00:00:00+00:00
[2026-01-20T02:21:28.784+0000] {processor.py:179} INFO - Processing /opt/airflow/dags/weather_scheduler.py took 0.625 seconds
[2026-01-20T02:21:58.999+0000] {processor.py:157} INFO - Started process (PID=177) to work on /opt/airflow/dags/weather_scheduler.py
[2026-01-20T02:21:59.003+0000] {processor.py:829} INFO - Processing file /opt/airflow/dags/weather_scheduler.py for tasks to queue
[2026-01-20T02:21:59.007+0000] {logging_mixin.py:151} INFO - [2026-01-20T02:21:59.006+0000] {dagbag.py:539} INFO - Filling up the DagBag from /opt/airflow/dags/weather_scheduler.py
[2026-01-20T02:21:59.026+0000] {processor.py:839} INFO - DAG(s) dict_keys(['weather_data_pipeline']) retrieved from /opt/airflow/dags/weather_scheduler.py
[2026-01-20T02:21:59.071+0000] {logging_mixin.py:151} INFO - [2026-01-20T02:21:59.071+0000] {dag.py:2915} INFO - Sync 1 DAGs
[2026-01-20T02:21:59.113+0000] {logging_mixin.py:151} INFO - [2026-01-20T02:21:59.113+0000] {dag.py:3696} INFO - Setting next_dagrun for weather_data_pipeline to 2026-01-16T00:00:00+00:00, run_after=2026-01-19T00:00:00+00:00
[2026-01-20T02:21:59.160+0000] {processor.py:179} INFO - Processing /opt/airflow/dags/weather_scheduler.py took 0.172 seconds
[2026-01-20T02:22:29.219+0000] {processor.py:157} INFO - Started process (PID=182) to work on /opt/airflow/dags/weather_scheduler.py
[2026-01-20T02:22:29.221+0000] {processor.py:829} INFO - Processing file /opt/airflow/dags/weather_scheduler.py for tasks to queue
[2026-01-20T02:22:29.224+0000] {logging_mixin.py:151} INFO - [2026-01-20T02:22:29.223+0000] {dagbag.py:539} INFO - Filling up the DagBag from /opt/airflow/dags/weather_scheduler.py
[2026-01-20T02:22:29.256+0000] {processor.py:839} INFO - DAG(s) dict_keys(['weather_data_pipeline']) retrieved from /opt/airflow/dags/weather_scheduler.py
[2026-01-20T02:22:29.309+0000] {logging_mixin.py:151} INFO - [2026-01-20T02:22:29.308+0000] {dag.py:2915} INFO - Sync 1 DAGs
[2026-01-20T02:22:29.349+0000] {logging_mixin.py:151} INFO - [2026-01-20T02:22:29.348+0000] {dag.py:3696} INFO - Setting next_dagrun for weather_data_pipeline to 2026-01-16T00:00:00+00:00, run_after=2026-01-19T00:00:00+00:00
[2026-01-20T02:22:29.380+0000] {processor.py:179} INFO - Processing /opt/airflow/dags/weather_scheduler.py took 0.168 seconds
[2026-01-20T02:22:59.663+0000] {processor.py:157} INFO - Started process (PID=187) to work on /opt/airflow/dags/weather_scheduler.py
[2026-01-20T02:22:59.666+0000] {processor.py:829} INFO - Processing file /opt/airflow/dags/weather_scheduler.py for tasks to queue
[2026-01-20T02:22:59.669+0000] {logging_mixin.py:151} INFO - [2026-01-20T02:22:59.668+0000] {dagbag.py:539} INFO - Filling up the DagBag from /opt/airflow/dags/weather_scheduler.py
[2026-01-20T02:22:59.697+0000] {processor.py:839} INFO - DAG(s) dict_keys(['weather_data_pipeline']) retrieved from /opt/airflow/dags/weather_scheduler.py
[2026-01-20T02:22:59.756+0000] {logging_mixin.py:151} INFO - [2026-01-20T02:22:59.756+0000] {dag.py:2915} INFO - Sync 1 DAGs
[2026-01-20T02:22:59.796+0000] {logging_mixin.py:151} INFO - [2026-01-20T02:22:59.795+0000] {dag.py:3696} INFO - Setting next_dagrun for weather_data_pipeline to 2026-01-16T00:00:00+00:00, run_after=2026-01-19T00:00:00+00:00
[2026-01-20T02:22:59.829+0000] {processor.py:179} INFO - Processing /opt/airflow/dags/weather_scheduler.py took 0.176 seconds
[2026-01-20T02:23:29.976+0000] {processor.py:157} INFO - Started process (PID=192) to work on /opt/airflow/dags/weather_scheduler.py
[2026-01-20T02:23:29.978+0000] {processor.py:829} INFO - Processing file /opt/airflow/dags/weather_scheduler.py for tasks to queue
[2026-01-20T02:23:29.984+0000] {logging_mixin.py:151} INFO - [2026-01-20T02:23:29.983+0000] {dagbag.py:539} INFO - Filling up the DagBag from /opt/airflow/dags/weather_scheduler.py
[2026-01-20T02:23:30.023+0000] {processor.py:839} INFO - DAG(s) dict_keys(['weather_data_pipeline']) retrieved from /opt/airflow/dags/weather_scheduler.py
[2026-01-20T02:23:30.112+0000] {logging_mixin.py:151} INFO - [2026-01-20T02:23:30.111+0000] {dag.py:2915} INFO - Sync 1 DAGs
[2026-01-20T02:23:30.182+0000] {logging_mixin.py:151} INFO - [2026-01-20T02:23:30.182+0000] {dag.py:3696} INFO - Setting next_dagrun for weather_data_pipeline to 2026-01-16T00:00:00+00:00, run_after=2026-01-19T00:00:00+00:00
[2026-01-20T02:23:30.497+0000] {processor.py:179} INFO - Processing /opt/airflow/dags/weather_scheduler.py took 0.532 seconds
[2026-01-20T02:24:00.848+0000] {processor.py:157} INFO - Started process (PID=197) to work on /opt/airflow/dags/weather_scheduler.py
[2026-01-20T02:24:00.852+0000] {processor.py:829} INFO - Processing file /opt/airflow/dags/weather_scheduler.py for tasks to queue
[2026-01-20T02:24:00.856+0000] {logging_mixin.py:151} INFO - [2026-01-20T02:24:00.855+0000] {dagbag.py:539} INFO - Filling up the DagBag from /opt/airflow/dags/weather_scheduler.py
[2026-01-20T02:24:00.888+0000] {processor.py:839} INFO - DAG(s) dict_keys(['weather_data_pipeline']) retrieved from /opt/airflow/dags/weather_scheduler.py
[2026-01-20T02:24:00.936+0000] {logging_mixin.py:151} INFO - [2026-01-20T02:24:00.936+0000] {dag.py:2915} INFO - Sync 1 DAGs
[2026-01-20T02:24:01.129+0000] {logging_mixin.py:151} INFO - [2026-01-20T02:24:01.128+0000] {dag.py:3696} INFO - Setting next_dagrun for weather_data_pipeline to 2026-01-16T00:00:00+00:00, run_after=2026-01-19T00:00:00+00:00
[2026-01-20T02:24:01.159+0000] {processor.py:179} INFO - Processing /opt/airflow/dags/weather_scheduler.py took 0.323 seconds
[2026-01-20T02:24:31.527+0000] {processor.py:157} INFO - Started process (PID=202) to work on /opt/airflow/dags/weather_scheduler.py
[2026-01-20T02:24:31.532+0000] {processor.py:829} INFO - Processing file /opt/airflow/dags/weather_scheduler.py for tasks to queue
[2026-01-20T02:24:31.537+0000] {logging_mixin.py:151} INFO - [2026-01-20T02:24:31.536+0000] {dagbag.py:539} INFO - Filling up the DagBag from /opt/airflow/dags/weather_scheduler.py
[2026-01-20T02:24:31.560+0000] {processor.py:839} INFO - DAG(s) dict_keys(['weather_data_pipeline']) retrieved from /opt/airflow/dags/weather_scheduler.py
[2026-01-20T02:24:31.619+0000] {logging_mixin.py:151} INFO - [2026-01-20T02:24:31.619+0000] {dag.py:2915} INFO - Sync 1 DAGs
[2026-01-20T02:24:31.886+0000] {logging_mixin.py:151} INFO - [2026-01-20T02:24:31.885+0000] {dag.py:3696} INFO - Setting next_dagrun for weather_data_pipeline to 2026-01-16T00:00:00+00:00, run_after=2026-01-19T00:00:00+00:00
[2026-01-20T02:24:31.939+0000] {processor.py:179} INFO - Processing /opt/airflow/dags/weather_scheduler.py took 0.422 seconds
[2026-01-20T02:25:02.274+0000] {processor.py:157} INFO - Started process (PID=207) to work on /opt/airflow/dags/weather_scheduler.py
[2026-01-20T02:25:02.276+0000] {processor.py:829} INFO - Processing file /opt/airflow/dags/weather_scheduler.py for tasks to queue
[2026-01-20T02:25:02.280+0000] {logging_mixin.py:151} INFO - [2026-01-20T02:25:02.279+0000] {dagbag.py:539} INFO - Filling up the DagBag from /opt/airflow/dags/weather_scheduler.py
[2026-01-20T02:25:02.310+0000] {processor.py:839} INFO - DAG(s) dict_keys(['weather_data_pipeline']) retrieved from /opt/airflow/dags/weather_scheduler.py
[2026-01-20T02:25:02.507+0000] {logging_mixin.py:151} INFO - [2026-01-20T02:25:02.507+0000] {dag.py:2915} INFO - Sync 1 DAGs
[2026-01-20T02:25:02.547+0000] {logging_mixin.py:151} INFO - [2026-01-20T02:25:02.547+0000] {dag.py:3696} INFO - Setting next_dagrun for weather_data_pipeline to 2026-01-16T00:00:00+00:00, run_after=2026-01-19T00:00:00+00:00
[2026-01-20T02:25:02.586+0000] {processor.py:179} INFO - Processing /opt/airflow/dags/weather_scheduler.py took 0.317 seconds
[2026-01-20T02:25:32.899+0000] {processor.py:157} INFO - Started process (PID=212) to work on /opt/airflow/dags/weather_scheduler.py
[2026-01-20T02:25:32.901+0000] {processor.py:829} INFO - Processing file /opt/airflow/dags/weather_scheduler.py for tasks to queue
[2026-01-20T02:25:32.904+0000] {logging_mixin.py:151} INFO - [2026-01-20T02:25:32.903+0000] {dagbag.py:539} INFO - Filling up the DagBag from /opt/airflow/dags/weather_scheduler.py
[2026-01-20T02:25:33.085+0000] {processor.py:839} INFO - DAG(s) dict_keys(['weather_data_pipeline']) retrieved from /opt/airflow/dags/weather_scheduler.py
[2026-01-20T02:25:33.127+0000] {logging_mixin.py:151} INFO - [2026-01-20T02:25:33.126+0000] {dag.py:2915} INFO - Sync 1 DAGs
[2026-01-20T02:25:33.185+0000] {logging_mixin.py:151} INFO - [2026-01-20T02:25:33.185+0000] {dag.py:3696} INFO - Setting next_dagrun for weather_data_pipeline to 2026-01-16T00:00:00+00:00, run_after=2026-01-19T00:00:00+00:00
[2026-01-20T02:25:33.219+0000] {processor.py:179} INFO - Processing /opt/airflow/dags/weather_scheduler.py took 0.328 seconds
[2026-01-20T02:26:03.686+0000] {processor.py:157} INFO - Started process (PID=217) to work on /opt/airflow/dags/weather_scheduler.py
[2026-01-20T02:26:03.688+0000] {processor.py:829} INFO - Processing file /opt/airflow/dags/weather_scheduler.py for tasks to queue
[2026-01-20T02:26:03.691+0000] {logging_mixin.py:151} INFO - [2026-01-20T02:26:03.690+0000] {dagbag.py:539} INFO - Filling up the DagBag from /opt/airflow/dags/weather_scheduler.py
[2026-01-20T02:26:03.728+0000] {processor.py:839} INFO - DAG(s) dict_keys(['weather_data_pipeline']) retrieved from /opt/airflow/dags/weather_scheduler.py
[2026-01-20T02:26:03.789+0000] {logging_mixin.py:151} INFO - [2026-01-20T02:26:03.788+0000] {dag.py:2915} INFO - Sync 1 DAGs
[2026-01-20T02:26:03.828+0000] {logging_mixin.py:151} INFO - [2026-01-20T02:26:03.828+0000] {dag.py:3696} INFO - Setting next_dagrun for weather_data_pipeline to 2026-01-16T00:00:00+00:00, run_after=2026-01-19T00:00:00+00:00
[2026-01-20T02:26:03.859+0000] {processor.py:179} INFO - Processing /opt/airflow/dags/weather_scheduler.py took 0.180 seconds
[2026-01-20T02:26:33.954+0000] {processor.py:157} INFO - Started process (PID=222) to work on /opt/airflow/dags/weather_scheduler.py
[2026-01-20T02:26:33.956+0000] {processor.py:829} INFO - Processing file /opt/airflow/dags/weather_scheduler.py for tasks to queue
[2026-01-20T02:26:33.958+0000] {logging_mixin.py:151} INFO - [2026-01-20T02:26:33.958+0000] {dagbag.py:539} INFO - Filling up the DagBag from /opt/airflow/dags/weather_scheduler.py
[2026-01-20T02:26:33.979+0000] {processor.py:839} INFO - DAG(s) dict_keys(['weather_data_pipeline']) retrieved from /opt/airflow/dags/weather_scheduler.py
[2026-01-20T02:26:34.024+0000] {logging_mixin.py:151} INFO - [2026-01-20T02:26:34.024+0000] {dag.py:2915} INFO - Sync 1 DAGs
[2026-01-20T02:26:34.066+0000] {logging_mixin.py:151} INFO - [2026-01-20T02:26:34.065+0000] {dag.py:3696} INFO - Setting next_dagrun for weather_data_pipeline to 2026-01-16T00:00:00+00:00, run_after=2026-01-19T00:00:00+00:00
[2026-01-20T02:26:34.101+0000] {processor.py:179} INFO - Processing /opt/airflow/dags/weather_scheduler.py took 0.151 seconds
[2026-01-20T02:27:04.320+0000] {processor.py:157} INFO - Started process (PID=227) to work on /opt/airflow/dags/weather_scheduler.py
[2026-01-20T02:27:04.322+0000] {processor.py:829} INFO - Processing file /opt/airflow/dags/weather_scheduler.py for tasks to queue
[2026-01-20T02:27:04.326+0000] {logging_mixin.py:151} INFO - [2026-01-20T02:27:04.325+0000] {dagbag.py:539} INFO - Filling up the DagBag from /opt/airflow/dags/weather_scheduler.py
[2026-01-20T02:27:04.356+0000] {processor.py:839} INFO - DAG(s) dict_keys(['weather_data_pipeline']) retrieved from /opt/airflow/dags/weather_scheduler.py
[2026-01-20T02:27:04.417+0000] {logging_mixin.py:151} INFO - [2026-01-20T02:27:04.417+0000] {dag.py:2915} INFO - Sync 1 DAGs
[2026-01-20T02:27:04.475+0000] {logging_mixin.py:151} INFO - [2026-01-20T02:27:04.474+0000] {dag.py:3696} INFO - Setting next_dagrun for weather_data_pipeline to 2026-01-16T00:00:00+00:00, run_after=2026-01-19T00:00:00+00:00
[2026-01-20T02:27:04.535+0000] {processor.py:179} INFO - Processing /opt/airflow/dags/weather_scheduler.py took 0.220 seconds
[2026-01-20T02:27:34.711+0000] {processor.py:157} INFO - Started process (PID=232) to work on /opt/airflow/dags/weather_scheduler.py
[2026-01-20T02:27:34.713+0000] {processor.py:829} INFO - Processing file /opt/airflow/dags/weather_scheduler.py for tasks to queue
[2026-01-20T02:27:34.717+0000] {logging_mixin.py:151} INFO - [2026-01-20T02:27:34.716+0000] {dagbag.py:539} INFO - Filling up the DagBag from /opt/airflow/dags/weather_scheduler.py
[2026-01-20T02:27:34.755+0000] {processor.py:839} INFO - DAG(s) dict_keys(['weather_data_pipeline']) retrieved from /opt/airflow/dags/weather_scheduler.py
[2026-01-20T02:27:34.852+0000] {logging_mixin.py:151} INFO - [2026-01-20T02:27:34.852+0000] {dag.py:2915} INFO - Sync 1 DAGs
[2026-01-20T02:27:34.904+0000] {logging_mixin.py:151} INFO - [2026-01-20T02:27:34.904+0000] {dag.py:3696} INFO - Setting next_dagrun for weather_data_pipeline to 2026-01-16T00:00:00+00:00, run_after=2026-01-19T00:00:00+00:00
[2026-01-20T02:27:34.946+0000] {processor.py:179} INFO - Processing /opt/airflow/dags/weather_scheduler.py took 0.249 seconds
[2026-01-20T02:28:05.160+0000] {processor.py:157} INFO - Started process (PID=237) to work on /opt/airflow/dags/weather_scheduler.py
[2026-01-20T02:28:05.162+0000] {processor.py:829} INFO - Processing file /opt/airflow/dags/weather_scheduler.py for tasks to queue
[2026-01-20T02:28:05.164+0000] {logging_mixin.py:151} INFO - [2026-01-20T02:28:05.164+0000] {dagbag.py:539} INFO - Filling up the DagBag from /opt/airflow/dags/weather_scheduler.py
[2026-01-20T02:28:05.186+0000] {processor.py:839} INFO - DAG(s) dict_keys(['weather_data_pipeline']) retrieved from /opt/airflow/dags/weather_scheduler.py
[2026-01-20T02:28:05.248+0000] {logging_mixin.py:151} INFO - [2026-01-20T02:28:05.247+0000] {dag.py:2915} INFO - Sync 1 DAGs
[2026-01-20T02:28:05.307+0000] {logging_mixin.py:151} INFO - [2026-01-20T02:28:05.307+0000] {dag.py:3696} INFO - Setting next_dagrun for weather_data_pipeline to 2026-01-16T00:00:00+00:00, run_after=2026-01-19T00:00:00+00:00
[2026-01-20T02:28:05.367+0000] {processor.py:179} INFO - Processing /opt/airflow/dags/weather_scheduler.py took 0.211 seconds
[2026-01-20T02:28:35.499+0000] {processor.py:157} INFO - Started process (PID=242) to work on /opt/airflow/dags/weather_scheduler.py
[2026-01-20T02:28:35.501+0000] {processor.py:829} INFO - Processing file /opt/airflow/dags/weather_scheduler.py for tasks to queue
[2026-01-20T02:28:35.504+0000] {logging_mixin.py:151} INFO - [2026-01-20T02:28:35.503+0000] {dagbag.py:539} INFO - Filling up the DagBag from /opt/airflow/dags/weather_scheduler.py
[2026-01-20T02:28:35.534+0000] {processor.py:839} INFO - DAG(s) dict_keys(['weather_data_pipeline']) retrieved from /opt/airflow/dags/weather_scheduler.py
[2026-01-20T02:28:35.585+0000] {logging_mixin.py:151} INFO - [2026-01-20T02:28:35.585+0000] {dag.py:2915} INFO - Sync 1 DAGs
[2026-01-20T02:28:35.637+0000] {logging_mixin.py:151} INFO - [2026-01-20T02:28:35.636+0000] {dag.py:3696} INFO - Setting next_dagrun for weather_data_pipeline to 2026-01-16T00:00:00+00:00, run_after=2026-01-19T00:00:00+00:00
[2026-01-20T02:28:35.681+0000] {processor.py:179} INFO - Processing /opt/airflow/dags/weather_scheduler.py took 0.188 seconds
[2026-01-20T02:29:05.992+0000] {processor.py:157} INFO - Started process (PID=247) to work on /opt/airflow/dags/weather_scheduler.py
[2026-01-20T02:29:05.996+0000] {processor.py:829} INFO - Processing file /opt/airflow/dags/weather_scheduler.py for tasks to queue
[2026-01-20T02:29:06.002+0000] {logging_mixin.py:151} INFO - [2026-01-20T02:29:06.000+0000] {dagbag.py:539} INFO - Filling up the DagBag from /opt/airflow/dags/weather_scheduler.py
[2026-01-20T02:29:06.041+0000] {processor.py:839} INFO - DAG(s) dict_keys(['weather_data_pipeline']) retrieved from /opt/airflow/dags/weather_scheduler.py
[2026-01-20T02:29:06.094+0000] {logging_mixin.py:151} INFO - [2026-01-20T02:29:06.094+0000] {dag.py:2915} INFO - Sync 1 DAGs
[2026-01-20T02:29:06.134+0000] {logging_mixin.py:151} INFO - [2026-01-20T02:29:06.133+0000] {dag.py:3696} INFO - Setting next_dagrun for weather_data_pipeline to 2026-01-16T00:00:00+00:00, run_after=2026-01-19T00:00:00+00:00
[2026-01-20T02:29:06.173+0000] {processor.py:179} INFO - Processing /opt/airflow/dags/weather_scheduler.py took 0.197 seconds
[2026-01-20T02:29:36.325+0000] {processor.py:157} INFO - Started process (PID=252) to work on /opt/airflow/dags/weather_scheduler.py
[2026-01-20T02:29:36.329+0000] {processor.py:829} INFO - Processing file /opt/airflow/dags/weather_scheduler.py for tasks to queue
[2026-01-20T02:29:36.334+0000] {logging_mixin.py:151} INFO - [2026-01-20T02:29:36.333+0000] {dagbag.py:539} INFO - Filling up the DagBag from /opt/airflow/dags/weather_scheduler.py
[2026-01-20T02:29:36.378+0000] {processor.py:839} INFO - DAG(s) dict_keys(['weather_data_pipeline']) retrieved from /opt/airflow/dags/weather_scheduler.py
[2026-01-20T02:29:36.444+0000] {logging_mixin.py:151} INFO - [2026-01-20T02:29:36.443+0000] {dag.py:2915} INFO - Sync 1 DAGs
[2026-01-20T02:29:36.491+0000] {logging_mixin.py:151} INFO - [2026-01-20T02:29:36.491+0000] {dag.py:3696} INFO - Setting next_dagrun for weather_data_pipeline to 2026-01-16T00:00:00+00:00, run_after=2026-01-19T00:00:00+00:00
[2026-01-20T02:29:36.556+0000] {processor.py:179} INFO - Processing /opt/airflow/dags/weather_scheduler.py took 0.244 seconds
[2026-01-20T02:30:06.791+0000] {processor.py:157} INFO - Started process (PID=257) to work on /opt/airflow/dags/weather_scheduler.py
[2026-01-20T02:30:06.793+0000] {processor.py:829} INFO - Processing file /opt/airflow/dags/weather_scheduler.py for tasks to queue
[2026-01-20T02:30:06.797+0000] {logging_mixin.py:151} INFO - [2026-01-20T02:30:06.796+0000] {dagbag.py:539} INFO - Filling up the DagBag from /opt/airflow/dags/weather_scheduler.py
[2026-01-20T02:30:06.824+0000] {processor.py:839} INFO - DAG(s) dict_keys(['weather_data_pipeline']) retrieved from /opt/airflow/dags/weather_scheduler.py
[2026-01-20T02:30:06.871+0000] {logging_mixin.py:151} INFO - [2026-01-20T02:30:06.870+0000] {dag.py:2915} INFO - Sync 1 DAGs
[2026-01-20T02:30:06.919+0000] {logging_mixin.py:151} INFO - [2026-01-20T02:30:06.919+0000] {dag.py:3696} INFO - Setting next_dagrun for weather_data_pipeline to 2026-01-16T00:00:00+00:00, run_after=2026-01-19T00:00:00+00:00
[2026-01-20T02:30:06.962+0000] {processor.py:179} INFO - Processing /opt/airflow/dags/weather_scheduler.py took 0.181 seconds
[2026-01-20T02:30:37.122+0000] {processor.py:157} INFO - Started process (PID=262) to work on /opt/airflow/dags/weather_scheduler.py
[2026-01-20T02:30:37.125+0000] {processor.py:829} INFO - Processing file /opt/airflow/dags/weather_scheduler.py for tasks to queue
[2026-01-20T02:30:37.128+0000] {logging_mixin.py:151} INFO - [2026-01-20T02:30:37.127+0000] {dagbag.py:539} INFO - Filling up the DagBag from /opt/airflow/dags/weather_scheduler.py
[2026-01-20T02:30:37.164+0000] {processor.py:839} INFO - DAG(s) dict_keys(['weather_data_pipeline']) retrieved from /opt/airflow/dags/weather_scheduler.py
[2026-01-20T02:30:37.231+0000] {logging_mixin.py:151} INFO - [2026-01-20T02:30:37.230+0000] {dag.py:2915} INFO - Sync 1 DAGs
[2026-01-20T02:30:37.283+0000] {logging_mixin.py:151} INFO - [2026-01-20T02:30:37.282+0000] {dag.py:3696} INFO - Setting next_dagrun for weather_data_pipeline to 2026-01-16T00:00:00+00:00, run_after=2026-01-19T00:00:00+00:00
[2026-01-20T02:30:37.339+0000] {processor.py:179} INFO - Processing /opt/airflow/dags/weather_scheduler.py took 0.225 seconds
[2026-01-20T02:31:07.544+0000] {processor.py:157} INFO - Started process (PID=267) to work on /opt/airflow/dags/weather_scheduler.py
[2026-01-20T02:31:07.546+0000] {processor.py:829} INFO - Processing file /opt/airflow/dags/weather_scheduler.py for tasks to queue
[2026-01-20T02:31:07.549+0000] {logging_mixin.py:151} INFO - [2026-01-20T02:31:07.548+0000] {dagbag.py:539} INFO - Filling up the DagBag from /opt/airflow/dags/weather_scheduler.py
[2026-01-20T02:31:07.605+0000] {processor.py:839} INFO - DAG(s) dict_keys(['weather_data_pipeline']) retrieved from /opt/airflow/dags/weather_scheduler.py
[2026-01-20T02:31:07.678+0000] {logging_mixin.py:151} INFO - [2026-01-20T02:31:07.677+0000] {dag.py:2915} INFO - Sync 1 DAGs
[2026-01-20T02:31:07.728+0000] {logging_mixin.py:151} INFO - [2026-01-20T02:31:07.727+0000] {dag.py:3696} INFO - Setting next_dagrun for weather_data_pipeline to 2026-01-16T00:00:00+00:00, run_after=2026-01-19T00:00:00+00:00
[2026-01-20T02:31:07.772+0000] {processor.py:179} INFO - Processing /opt/airflow/dags/weather_scheduler.py took 0.238 seconds
[2026-01-20T02:31:37.953+0000] {processor.py:157} INFO - Started process (PID=272) to work on /opt/airflow/dags/weather_scheduler.py
[2026-01-20T02:31:37.955+0000] {processor.py:829} INFO - Processing file /opt/airflow/dags/weather_scheduler.py for tasks to queue
[2026-01-20T02:31:37.957+0000] {logging_mixin.py:151} INFO - [2026-01-20T02:31:37.956+0000] {dagbag.py:539} INFO - Filling up the DagBag from /opt/airflow/dags/weather_scheduler.py
[2026-01-20T02:31:37.983+0000] {processor.py:839} INFO - DAG(s) dict_keys(['weather_data_pipeline']) retrieved from /opt/airflow/dags/weather_scheduler.py
[2026-01-20T02:31:38.050+0000] {logging_mixin.py:151} INFO - [2026-01-20T02:31:38.050+0000] {dag.py:2915} INFO - Sync 1 DAGs
[2026-01-20T02:31:38.107+0000] {logging_mixin.py:151} INFO - [2026-01-20T02:31:38.106+0000] {dag.py:3696} INFO - Setting next_dagrun for weather_data_pipeline to 2026-01-16T00:00:00+00:00, run_after=2026-01-19T00:00:00+00:00
[2026-01-20T02:31:38.171+0000] {processor.py:179} INFO - Processing /opt/airflow/dags/weather_scheduler.py took 0.226 seconds
[2026-01-20T02:32:08.363+0000] {processor.py:157} INFO - Started process (PID=277) to work on /opt/airflow/dags/weather_scheduler.py
[2026-01-20T02:32:08.365+0000] {processor.py:829} INFO - Processing file /opt/airflow/dags/weather_scheduler.py for tasks to queue
[2026-01-20T02:32:08.368+0000] {logging_mixin.py:151} INFO - [2026-01-20T02:32:08.368+0000] {dagbag.py:539} INFO - Filling up the DagBag from /opt/airflow/dags/weather_scheduler.py
[2026-01-20T02:32:08.402+0000] {processor.py:839} INFO - DAG(s) dict_keys(['weather_data_pipeline']) retrieved from /opt/airflow/dags/weather_scheduler.py
[2026-01-20T02:32:08.463+0000] {logging_mixin.py:151} INFO - [2026-01-20T02:32:08.462+0000] {dag.py:2915} INFO - Sync 1 DAGs
[2026-01-20T02:32:08.507+0000] {logging_mixin.py:151} INFO - [2026-01-20T02:32:08.507+0000] {dag.py:3696} INFO - Setting next_dagrun for weather_data_pipeline to 2026-01-16T00:00:00+00:00, run_after=2026-01-19T00:00:00+00:00
[2026-01-20T02:32:08.562+0000] {processor.py:179} INFO - Processing /opt/airflow/dags/weather_scheduler.py took 0.207 seconds
[2026-01-20T02:32:38.716+0000] {processor.py:157} INFO - Started process (PID=282) to work on /opt/airflow/dags/weather_scheduler.py
[2026-01-20T02:32:38.718+0000] {processor.py:829} INFO - Processing file /opt/airflow/dags/weather_scheduler.py for tasks to queue
[2026-01-20T02:32:38.722+0000] {logging_mixin.py:151} INFO - [2026-01-20T02:32:38.721+0000] {dagbag.py:539} INFO - Filling up the DagBag from /opt/airflow/dags/weather_scheduler.py
[2026-01-20T02:32:38.757+0000] {processor.py:839} INFO - DAG(s) dict_keys(['weather_data_pipeline']) retrieved from /opt/airflow/dags/weather_scheduler.py
[2026-01-20T02:32:38.807+0000] {logging_mixin.py:151} INFO - [2026-01-20T02:32:38.807+0000] {dag.py:2915} INFO - Sync 1 DAGs
[2026-01-20T02:32:38.852+0000] {logging_mixin.py:151} INFO - [2026-01-20T02:32:38.851+0000] {dag.py:3696} INFO - Setting next_dagrun for weather_data_pipeline to 2026-01-16T00:00:00+00:00, run_after=2026-01-19T00:00:00+00:00
[2026-01-20T02:32:38.888+0000] {processor.py:179} INFO - Processing /opt/airflow/dags/weather_scheduler.py took 0.177 seconds
[2026-01-20T02:33:09.127+0000] {processor.py:157} INFO - Started process (PID=287) to work on /opt/airflow/dags/weather_scheduler.py
[2026-01-20T02:33:09.129+0000] {processor.py:829} INFO - Processing file /opt/airflow/dags/weather_scheduler.py for tasks to queue
[2026-01-20T02:33:09.132+0000] {logging_mixin.py:151} INFO - [2026-01-20T02:33:09.131+0000] {dagbag.py:539} INFO - Filling up the DagBag from /opt/airflow/dags/weather_scheduler.py
[2026-01-20T02:33:09.155+0000] {processor.py:839} INFO - DAG(s) dict_keys(['weather_data_pipeline']) retrieved from /opt/airflow/dags/weather_scheduler.py
[2026-01-20T02:33:09.202+0000] {logging_mixin.py:151} INFO - [2026-01-20T02:33:09.202+0000] {dag.py:2915} INFO - Sync 1 DAGs
[2026-01-20T02:33:09.249+0000] {logging_mixin.py:151} INFO - [2026-01-20T02:33:09.249+0000] {dag.py:3696} INFO - Setting next_dagrun for weather_data_pipeline to 2026-01-16T00:00:00+00:00, run_after=2026-01-19T00:00:00+00:00
[2026-01-20T02:33:09.322+0000] {processor.py:179} INFO - Processing /opt/airflow/dags/weather_scheduler.py took 0.201 seconds
[2026-01-20T02:33:39.506+0000] {processor.py:157} INFO - Started process (PID=292) to work on /opt/airflow/dags/weather_scheduler.py
[2026-01-20T02:33:39.509+0000] {processor.py:829} INFO - Processing file /opt/airflow/dags/weather_scheduler.py for tasks to queue
[2026-01-20T02:33:39.515+0000] {logging_mixin.py:151} INFO - [2026-01-20T02:33:39.513+0000] {dagbag.py:539} INFO - Filling up the DagBag from /opt/airflow/dags/weather_scheduler.py
[2026-01-20T02:33:39.547+0000] {processor.py:839} INFO - DAG(s) dict_keys(['weather_data_pipeline']) retrieved from /opt/airflow/dags/weather_scheduler.py
[2026-01-20T02:33:39.604+0000] {logging_mixin.py:151} INFO - [2026-01-20T02:33:39.603+0000] {dag.py:2915} INFO - Sync 1 DAGs
[2026-01-20T02:33:39.648+0000] {logging_mixin.py:151} INFO - [2026-01-20T02:33:39.647+0000] {dag.py:3696} INFO - Setting next_dagrun for weather_data_pipeline to 2026-01-16T00:00:00+00:00, run_after=2026-01-19T00:00:00+00:00
[2026-01-20T02:33:39.701+0000] {processor.py:179} INFO - Processing /opt/airflow/dags/weather_scheduler.py took 0.202 seconds
[2026-01-20T02:34:09.884+0000] {processor.py:157} INFO - Started process (PID=297) to work on /opt/airflow/dags/weather_scheduler.py
[2026-01-20T02:34:09.886+0000] {processor.py:829} INFO - Processing file /opt/airflow/dags/weather_scheduler.py for tasks to queue
[2026-01-20T02:34:09.889+0000] {logging_mixin.py:151} INFO - [2026-01-20T02:34:09.888+0000] {dagbag.py:539} INFO - Filling up the DagBag from /opt/airflow/dags/weather_scheduler.py
[2026-01-20T02:34:09.914+0000] {processor.py:839} INFO - DAG(s) dict_keys(['weather_data_pipeline']) retrieved from /opt/airflow/dags/weather_scheduler.py
[2026-01-20T02:34:09.960+0000] {logging_mixin.py:151} INFO - [2026-01-20T02:34:09.959+0000] {dag.py:2915} INFO - Sync 1 DAGs
[2026-01-20T02:34:10.009+0000] {logging_mixin.py:151} INFO - [2026-01-20T02:34:10.008+0000] {dag.py:3696} INFO - Setting next_dagrun for weather_data_pipeline to 2026-01-16T00:00:00+00:00, run_after=2026-01-19T00:00:00+00:00
[2026-01-20T02:34:10.041+0000] {processor.py:179} INFO - Processing /opt/airflow/dags/weather_scheduler.py took 0.163 seconds
[2026-01-20T02:34:40.338+0000] {processor.py:157} INFO - Started process (PID=302) to work on /opt/airflow/dags/weather_scheduler.py
[2026-01-20T02:34:40.343+0000] {processor.py:829} INFO - Processing file /opt/airflow/dags/weather_scheduler.py for tasks to queue
[2026-01-20T02:34:40.349+0000] {logging_mixin.py:151} INFO - [2026-01-20T02:34:40.347+0000] {dagbag.py:539} INFO - Filling up the DagBag from /opt/airflow/dags/weather_scheduler.py
[2026-01-20T02:34:40.391+0000] {processor.py:839} INFO - DAG(s) dict_keys(['weather_data_pipeline']) retrieved from /opt/airflow/dags/weather_scheduler.py
[2026-01-20T02:34:40.436+0000] {logging_mixin.py:151} INFO - [2026-01-20T02:34:40.436+0000] {dag.py:2915} INFO - Sync 1 DAGs
[2026-01-20T02:34:40.477+0000] {logging_mixin.py:151} INFO - [2026-01-20T02:34:40.477+0000] {dag.py:3696} INFO - Setting next_dagrun for weather_data_pipeline to 2026-01-16T00:00:00+00:00, run_after=2026-01-19T00:00:00+00:00
[2026-01-20T02:34:40.508+0000] {processor.py:179} INFO - Processing /opt/airflow/dags/weather_scheduler.py took 0.184 seconds
[2026-01-20T02:35:10.612+0000] {processor.py:157} INFO - Started process (PID=307) to work on /opt/airflow/dags/weather_scheduler.py
[2026-01-20T02:35:10.616+0000] {processor.py:829} INFO - Processing file /opt/airflow/dags/weather_scheduler.py for tasks to queue
[2026-01-20T02:35:10.620+0000] {logging_mixin.py:151} INFO - [2026-01-20T02:35:10.619+0000] {dagbag.py:539} INFO - Filling up the DagBag from /opt/airflow/dags/weather_scheduler.py
[2026-01-20T02:35:10.662+0000] {processor.py:839} INFO - DAG(s) dict_keys(['weather_data_pipeline']) retrieved from /opt/airflow/dags/weather_scheduler.py
[2026-01-20T02:35:10.728+0000] {logging_mixin.py:151} INFO - [2026-01-20T02:35:10.727+0000] {dag.py:2915} INFO - Sync 1 DAGs
[2026-01-20T02:35:10.801+0000] {logging_mixin.py:151} INFO - [2026-01-20T02:35:10.800+0000] {dag.py:3696} INFO - Setting next_dagrun for weather_data_pipeline to 2026-01-16T00:00:00+00:00, run_after=2026-01-19T00:00:00+00:00
[2026-01-20T02:35:10.855+0000] {processor.py:179} INFO - Processing /opt/airflow/dags/weather_scheduler.py took 0.255 seconds
[2026-01-20T02:35:41.112+0000] {processor.py:157} INFO - Started process (PID=312) to work on /opt/airflow/dags/weather_scheduler.py
[2026-01-20T02:35:41.117+0000] {processor.py:829} INFO - Processing file /opt/airflow/dags/weather_scheduler.py for tasks to queue
[2026-01-20T02:35:41.126+0000] {logging_mixin.py:151} INFO - [2026-01-20T02:35:41.122+0000] {dagbag.py:539} INFO - Filling up the DagBag from /opt/airflow/dags/weather_scheduler.py
[2026-01-20T02:35:41.176+0000] {processor.py:839} INFO - DAG(s) dict_keys(['weather_data_pipeline']) retrieved from /opt/airflow/dags/weather_scheduler.py
[2026-01-20T02:35:41.235+0000] {logging_mixin.py:151} INFO - [2026-01-20T02:35:41.235+0000] {dag.py:2915} INFO - Sync 1 DAGs
[2026-01-20T02:35:41.285+0000] {logging_mixin.py:151} INFO - [2026-01-20T02:35:41.285+0000] {dag.py:3696} INFO - Setting next_dagrun for weather_data_pipeline to 2026-01-16T00:00:00+00:00, run_after=2026-01-19T00:00:00+00:00
[2026-01-20T02:35:41.318+0000] {processor.py:179} INFO - Processing /opt/airflow/dags/weather_scheduler.py took 0.222 seconds
[2026-01-20T02:36:11.410+0000] {processor.py:157} INFO - Started process (PID=317) to work on /opt/airflow/dags/weather_scheduler.py
[2026-01-20T02:36:11.412+0000] {processor.py:829} INFO - Processing file /opt/airflow/dags/weather_scheduler.py for tasks to queue
[2026-01-20T02:36:11.414+0000] {logging_mixin.py:151} INFO - [2026-01-20T02:36:11.413+0000] {dagbag.py:539} INFO - Filling up the DagBag from /opt/airflow/dags/weather_scheduler.py
[2026-01-20T02:36:11.433+0000] {processor.py:839} INFO - DAG(s) dict_keys(['weather_data_pipeline']) retrieved from /opt/airflow/dags/weather_scheduler.py
[2026-01-20T02:36:11.480+0000] {logging_mixin.py:151} INFO - [2026-01-20T02:36:11.480+0000] {dag.py:2915} INFO - Sync 1 DAGs
[2026-01-20T02:36:11.532+0000] {logging_mixin.py:151} INFO - [2026-01-20T02:36:11.531+0000] {dag.py:3696} INFO - Setting next_dagrun for weather_data_pipeline to 2026-01-16T00:00:00+00:00, run_after=2026-01-19T00:00:00+00:00
[2026-01-20T02:36:11.596+0000] {processor.py:179} INFO - Processing /opt/airflow/dags/weather_scheduler.py took 0.190 seconds
[2026-01-20T02:36:41.924+0000] {processor.py:157} INFO - Started process (PID=322) to work on /opt/airflow/dags/weather_scheduler.py
[2026-01-20T02:36:41.926+0000] {processor.py:829} INFO - Processing file /opt/airflow/dags/weather_scheduler.py for tasks to queue
[2026-01-20T02:36:41.929+0000] {logging_mixin.py:151} INFO - [2026-01-20T02:36:41.928+0000] {dagbag.py:539} INFO - Filling up the DagBag from /opt/airflow/dags/weather_scheduler.py
[2026-01-20T02:36:41.953+0000] {processor.py:839} INFO - DAG(s) dict_keys(['weather_data_pipeline']) retrieved from /opt/airflow/dags/weather_scheduler.py
[2026-01-20T02:36:41.998+0000] {logging_mixin.py:151} INFO - [2026-01-20T02:36:41.997+0000] {dag.py:2915} INFO - Sync 1 DAGs
[2026-01-20T02:36:42.042+0000] {logging_mixin.py:151} INFO - [2026-01-20T02:36:42.041+0000] {dag.py:3696} INFO - Setting next_dagrun for weather_data_pipeline to 2026-01-16T00:00:00+00:00, run_after=2026-01-19T00:00:00+00:00
[2026-01-20T02:36:42.074+0000] {processor.py:179} INFO - Processing /opt/airflow/dags/weather_scheduler.py took 0.156 seconds
[2026-01-20T02:37:12.269+0000] {processor.py:157} INFO - Started process (PID=327) to work on /opt/airflow/dags/weather_scheduler.py
[2026-01-20T02:37:12.274+0000] {processor.py:829} INFO - Processing file /opt/airflow/dags/weather_scheduler.py for tasks to queue
[2026-01-20T02:37:12.279+0000] {logging_mixin.py:151} INFO - [2026-01-20T02:37:12.278+0000] {dagbag.py:539} INFO - Filling up the DagBag from /opt/airflow/dags/weather_scheduler.py
[2026-01-20T02:37:12.322+0000] {processor.py:839} INFO - DAG(s) dict_keys(['weather_data_pipeline']) retrieved from /opt/airflow/dags/weather_scheduler.py
[2026-01-20T02:37:12.377+0000] {logging_mixin.py:151} INFO - [2026-01-20T02:37:12.376+0000] {dag.py:2915} INFO - Sync 1 DAGs
[2026-01-20T02:37:12.418+0000] {logging_mixin.py:151} INFO - [2026-01-20T02:37:12.418+0000] {dag.py:3696} INFO - Setting next_dagrun for weather_data_pipeline to 2026-01-16T00:00:00+00:00, run_after=2026-01-19T00:00:00+00:00
[2026-01-20T02:37:12.450+0000] {processor.py:179} INFO - Processing /opt/airflow/dags/weather_scheduler.py took 0.198 seconds
[2026-01-20T02:37:42.662+0000] {processor.py:157} INFO - Started process (PID=332) to work on /opt/airflow/dags/weather_scheduler.py
[2026-01-20T02:37:42.664+0000] {processor.py:829} INFO - Processing file /opt/airflow/dags/weather_scheduler.py for tasks to queue
[2026-01-20T02:37:42.668+0000] {logging_mixin.py:151} INFO - [2026-01-20T02:37:42.667+0000] {dagbag.py:539} INFO - Filling up the DagBag from /opt/airflow/dags/weather_scheduler.py
[2026-01-20T02:37:42.713+0000] {processor.py:839} INFO - DAG(s) dict_keys(['weather_data_pipeline']) retrieved from /opt/airflow/dags/weather_scheduler.py
[2026-01-20T02:37:42.776+0000] {logging_mixin.py:151} INFO - [2026-01-20T02:37:42.776+0000] {dag.py:2915} INFO - Sync 1 DAGs
[2026-01-20T02:37:42.827+0000] {logging_mixin.py:151} INFO - [2026-01-20T02:37:42.827+0000] {dag.py:3696} INFO - Setting next_dagrun for weather_data_pipeline to 2026-01-16T00:00:00+00:00, run_after=2026-01-19T00:00:00+00:00
[2026-01-20T02:37:42.873+0000] {processor.py:179} INFO - Processing /opt/airflow/dags/weather_scheduler.py took 0.216 seconds
[2026-01-20T02:38:12.990+0000] {processor.py:157} INFO - Started process (PID=337) to work on /opt/airflow/dags/weather_scheduler.py
[2026-01-20T02:38:12.992+0000] {processor.py:829} INFO - Processing file /opt/airflow/dags/weather_scheduler.py for tasks to queue
[2026-01-20T02:38:12.994+0000] {logging_mixin.py:151} INFO - [2026-01-20T02:38:12.994+0000] {dagbag.py:539} INFO - Filling up the DagBag from /opt/airflow/dags/weather_scheduler.py
[2026-01-20T02:38:13.017+0000] {processor.py:839} INFO - DAG(s) dict_keys(['weather_data_pipeline']) retrieved from /opt/airflow/dags/weather_scheduler.py
[2026-01-20T02:38:13.079+0000] {logging_mixin.py:151} INFO - [2026-01-20T02:38:13.079+0000] {dag.py:2915} INFO - Sync 1 DAGs
[2026-01-20T02:38:13.122+0000] {logging_mixin.py:151} INFO - [2026-01-20T02:38:13.122+0000] {dag.py:3696} INFO - Setting next_dagrun for weather_data_pipeline to 2026-01-16T00:00:00+00:00, run_after=2026-01-19T00:00:00+00:00
[2026-01-20T02:38:13.161+0000] {processor.py:179} INFO - Processing /opt/airflow/dags/weather_scheduler.py took 0.176 seconds
[2026-01-20T02:38:43.373+0000] {processor.py:157} INFO - Started process (PID=342) to work on /opt/airflow/dags/weather_scheduler.py
[2026-01-20T02:38:43.375+0000] {processor.py:829} INFO - Processing file /opt/airflow/dags/weather_scheduler.py for tasks to queue
[2026-01-20T02:38:43.379+0000] {logging_mixin.py:151} INFO - [2026-01-20T02:38:43.378+0000] {dagbag.py:539} INFO - Filling up the DagBag from /opt/airflow/dags/weather_scheduler.py
[2026-01-20T02:38:43.405+0000] {processor.py:839} INFO - DAG(s) dict_keys(['weather_data_pipeline']) retrieved from /opt/airflow/dags/weather_scheduler.py
[2026-01-20T02:38:43.449+0000] {logging_mixin.py:151} INFO - [2026-01-20T02:38:43.449+0000] {dag.py:2915} INFO - Sync 1 DAGs
[2026-01-20T02:38:43.494+0000] {logging_mixin.py:151} INFO - [2026-01-20T02:38:43.494+0000] {dag.py:3696} INFO - Setting next_dagrun for weather_data_pipeline to 2026-01-16T00:00:00+00:00, run_after=2026-01-19T00:00:00+00:00
[2026-01-20T02:38:43.532+0000] {processor.py:179} INFO - Processing /opt/airflow/dags/weather_scheduler.py took 0.163 seconds
[2026-01-20T02:39:13.727+0000] {processor.py:157} INFO - Started process (PID=347) to work on /opt/airflow/dags/weather_scheduler.py
[2026-01-20T02:39:13.731+0000] {processor.py:829} INFO - Processing file /opt/airflow/dags/weather_scheduler.py for tasks to queue
[2026-01-20T02:39:13.736+0000] {logging_mixin.py:151} INFO - [2026-01-20T02:39:13.735+0000] {dagbag.py:539} INFO - Filling up the DagBag from /opt/airflow/dags/weather_scheduler.py
[2026-01-20T02:39:13.766+0000] {processor.py:839} INFO - DAG(s) dict_keys(['weather_data_pipeline']) retrieved from /opt/airflow/dags/weather_scheduler.py
[2026-01-20T02:39:13.813+0000] {logging_mixin.py:151} INFO - [2026-01-20T02:39:13.813+0000] {dag.py:2915} INFO - Sync 1 DAGs
[2026-01-20T02:39:13.852+0000] {logging_mixin.py:151} INFO - [2026-01-20T02:39:13.852+0000] {dag.py:3696} INFO - Setting next_dagrun for weather_data_pipeline to 2026-01-16T00:00:00+00:00, run_after=2026-01-19T00:00:00+00:00
[2026-01-20T02:39:13.882+0000] {processor.py:179} INFO - Processing /opt/airflow/dags/weather_scheduler.py took 0.177 seconds
[2026-01-20T02:39:44.080+0000] {processor.py:157} INFO - Started process (PID=352) to work on /opt/airflow/dags/weather_scheduler.py
[2026-01-20T02:39:44.084+0000] {processor.py:829} INFO - Processing file /opt/airflow/dags/weather_scheduler.py for tasks to queue
[2026-01-20T02:39:44.090+0000] {logging_mixin.py:151} INFO - [2026-01-20T02:39:44.088+0000] {dagbag.py:539} INFO - Filling up the DagBag from /opt/airflow/dags/weather_scheduler.py
[2026-01-20T02:39:44.133+0000] {processor.py:839} INFO - DAG(s) dict_keys(['weather_data_pipeline']) retrieved from /opt/airflow/dags/weather_scheduler.py
[2026-01-20T02:39:44.179+0000] {logging_mixin.py:151} INFO - [2026-01-20T02:39:44.179+0000] {dag.py:2915} INFO - Sync 1 DAGs
[2026-01-20T02:39:44.220+0000] {logging_mixin.py:151} INFO - [2026-01-20T02:39:44.220+0000] {dag.py:3696} INFO - Setting next_dagrun for weather_data_pipeline to 2026-01-16T00:00:00+00:00, run_after=2026-01-19T00:00:00+00:00
[2026-01-20T02:39:44.250+0000] {processor.py:179} INFO - Processing /opt/airflow/dags/weather_scheduler.py took 0.186 seconds
[2026-01-20T02:40:14.403+0000] {processor.py:157} INFO - Started process (PID=357) to work on /opt/airflow/dags/weather_scheduler.py
[2026-01-20T02:40:14.405+0000] {processor.py:829} INFO - Processing file /opt/airflow/dags/weather_scheduler.py for tasks to queue
[2026-01-20T02:40:14.407+0000] {logging_mixin.py:151} INFO - [2026-01-20T02:40:14.406+0000] {dagbag.py:539} INFO - Filling up the DagBag from /opt/airflow/dags/weather_scheduler.py
[2026-01-20T02:40:14.428+0000] {processor.py:839} INFO - DAG(s) dict_keys(['weather_data_pipeline']) retrieved from /opt/airflow/dags/weather_scheduler.py
[2026-01-20T02:40:14.470+0000] {logging_mixin.py:151} INFO - [2026-01-20T02:40:14.469+0000] {dag.py:2915} INFO - Sync 1 DAGs
[2026-01-20T02:40:14.513+0000] {logging_mixin.py:151} INFO - [2026-01-20T02:40:14.513+0000] {dag.py:3696} INFO - Setting next_dagrun for weather_data_pipeline to 2026-01-16T00:00:00+00:00, run_after=2026-01-19T00:00:00+00:00
[2026-01-20T02:40:14.543+0000] {processor.py:179} INFO - Processing /opt/airflow/dags/weather_scheduler.py took 0.144 seconds
[2026-01-20T02:40:44.757+0000] {processor.py:157} INFO - Started process (PID=362) to work on /opt/airflow/dags/weather_scheduler.py
[2026-01-20T02:40:44.759+0000] {processor.py:829} INFO - Processing file /opt/airflow/dags/weather_scheduler.py for tasks to queue
[2026-01-20T02:40:44.762+0000] {logging_mixin.py:151} INFO - [2026-01-20T02:40:44.762+0000] {dagbag.py:539} INFO - Filling up the DagBag from /opt/airflow/dags/weather_scheduler.py
[2026-01-20T02:40:44.802+0000] {processor.py:839} INFO - DAG(s) dict_keys(['weather_data_pipeline']) retrieved from /opt/airflow/dags/weather_scheduler.py
[2026-01-20T02:40:44.851+0000] {logging_mixin.py:151} INFO - [2026-01-20T02:40:44.850+0000] {dag.py:2915} INFO - Sync 1 DAGs
[2026-01-20T02:40:44.890+0000] {logging_mixin.py:151} INFO - [2026-01-20T02:40:44.890+0000] {dag.py:3696} INFO - Setting next_dagrun for weather_data_pipeline to 2026-01-16T00:00:00+00:00, run_after=2026-01-19T00:00:00+00:00
[2026-01-20T02:40:44.929+0000] {processor.py:179} INFO - Processing /opt/airflow/dags/weather_scheduler.py took 0.178 seconds
[2026-01-20T02:41:15.087+0000] {processor.py:157} INFO - Started process (PID=367) to work on /opt/airflow/dags/weather_scheduler.py
[2026-01-20T02:41:15.090+0000] {processor.py:829} INFO - Processing file /opt/airflow/dags/weather_scheduler.py for tasks to queue
[2026-01-20T02:41:15.095+0000] {logging_mixin.py:151} INFO - [2026-01-20T02:41:15.094+0000] {dagbag.py:539} INFO - Filling up the DagBag from /opt/airflow/dags/weather_scheduler.py
[2026-01-20T02:41:15.119+0000] {processor.py:839} INFO - DAG(s) dict_keys(['weather_data_pipeline']) retrieved from /opt/airflow/dags/weather_scheduler.py
[2026-01-20T02:41:15.170+0000] {logging_mixin.py:151} INFO - [2026-01-20T02:41:15.169+0000] {dag.py:2915} INFO - Sync 1 DAGs
[2026-01-20T02:41:15.220+0000] {logging_mixin.py:151} INFO - [2026-01-20T02:41:15.220+0000] {dag.py:3696} INFO - Setting next_dagrun for weather_data_pipeline to 2026-01-16T00:00:00+00:00, run_after=2026-01-19T00:00:00+00:00
[2026-01-20T02:41:15.261+0000] {processor.py:179} INFO - Processing /opt/airflow/dags/weather_scheduler.py took 0.183 seconds
[2026-01-20T02:41:45.475+0000] {processor.py:157} INFO - Started process (PID=372) to work on /opt/airflow/dags/weather_scheduler.py
[2026-01-20T02:41:45.478+0000] {processor.py:829} INFO - Processing file /opt/airflow/dags/weather_scheduler.py for tasks to queue
[2026-01-20T02:41:45.482+0000] {logging_mixin.py:151} INFO - [2026-01-20T02:41:45.481+0000] {dagbag.py:539} INFO - Filling up the DagBag from /opt/airflow/dags/weather_scheduler.py
[2026-01-20T02:41:45.512+0000] {processor.py:839} INFO - DAG(s) dict_keys(['weather_data_pipeline']) retrieved from /opt/airflow/dags/weather_scheduler.py
[2026-01-20T02:41:45.558+0000] {logging_mixin.py:151} INFO - [2026-01-20T02:41:45.558+0000] {dag.py:2915} INFO - Sync 1 DAGs
[2026-01-20T02:41:45.602+0000] {logging_mixin.py:151} INFO - [2026-01-20T02:41:45.602+0000] {dag.py:3696} INFO - Setting next_dagrun for weather_data_pipeline to 2026-01-16T00:00:00+00:00, run_after=2026-01-19T00:00:00+00:00
[2026-01-20T02:41:45.650+0000] {processor.py:179} INFO - Processing /opt/airflow/dags/weather_scheduler.py took 0.185 seconds
[2026-01-20T02:42:15.954+0000] {processor.py:157} INFO - Started process (PID=377) to work on /opt/airflow/dags/weather_scheduler.py
[2026-01-20T02:42:15.958+0000] {processor.py:829} INFO - Processing file /opt/airflow/dags/weather_scheduler.py for tasks to queue
[2026-01-20T02:42:15.962+0000] {logging_mixin.py:151} INFO - [2026-01-20T02:42:15.961+0000] {dagbag.py:539} INFO - Filling up the DagBag from /opt/airflow/dags/weather_scheduler.py
[2026-01-20T02:42:15.998+0000] {processor.py:839} INFO - DAG(s) dict_keys(['weather_data_pipeline']) retrieved from /opt/airflow/dags/weather_scheduler.py
[2026-01-20T02:42:16.098+0000] {logging_mixin.py:151} INFO - [2026-01-20T02:42:16.097+0000] {dag.py:2915} INFO - Sync 1 DAGs
[2026-01-20T02:42:16.166+0000] {logging_mixin.py:151} INFO - [2026-01-20T02:42:16.165+0000] {dag.py:3696} INFO - Setting next_dagrun for weather_data_pipeline to 2026-01-16T00:00:00+00:00, run_after=2026-01-19T00:00:00+00:00
[2026-01-20T02:42:16.217+0000] {processor.py:179} INFO - Processing /opt/airflow/dags/weather_scheduler.py took 0.272 seconds
[2026-01-20T02:42:46.390+0000] {processor.py:157} INFO - Started process (PID=382) to work on /opt/airflow/dags/weather_scheduler.py
[2026-01-20T02:42:46.393+0000] {processor.py:829} INFO - Processing file /opt/airflow/dags/weather_scheduler.py for tasks to queue
[2026-01-20T02:42:46.396+0000] {logging_mixin.py:151} INFO - [2026-01-20T02:42:46.395+0000] {dagbag.py:539} INFO - Filling up the DagBag from /opt/airflow/dags/weather_scheduler.py
[2026-01-20T02:42:46.419+0000] {processor.py:839} INFO - DAG(s) dict_keys(['weather_data_pipeline']) retrieved from /opt/airflow/dags/weather_scheduler.py
[2026-01-20T02:42:46.482+0000] {logging_mixin.py:151} INFO - [2026-01-20T02:42:46.482+0000] {dag.py:2915} INFO - Sync 1 DAGs
[2026-01-20T02:42:46.553+0000] {logging_mixin.py:151} INFO - [2026-01-20T02:42:46.553+0000] {dag.py:3696} INFO - Setting next_dagrun for weather_data_pipeline to 2026-01-16T00:00:00+00:00, run_after=2026-01-19T00:00:00+00:00
[2026-01-20T02:42:46.595+0000] {processor.py:179} INFO - Processing /opt/airflow/dags/weather_scheduler.py took 0.213 seconds
[2026-01-20T02:43:16.867+0000] {processor.py:157} INFO - Started process (PID=387) to work on /opt/airflow/dags/weather_scheduler.py
[2026-01-20T02:43:16.868+0000] {processor.py:829} INFO - Processing file /opt/airflow/dags/weather_scheduler.py for tasks to queue
[2026-01-20T02:43:16.871+0000] {logging_mixin.py:151} INFO - [2026-01-20T02:43:16.870+0000] {dagbag.py:539} INFO - Filling up the DagBag from /opt/airflow/dags/weather_scheduler.py
[2026-01-20T02:43:16.890+0000] {processor.py:839} INFO - DAG(s) dict_keys(['weather_data_pipeline']) retrieved from /opt/airflow/dags/weather_scheduler.py
[2026-01-20T02:43:16.931+0000] {logging_mixin.py:151} INFO - [2026-01-20T02:43:16.930+0000] {dag.py:2915} INFO - Sync 1 DAGs
[2026-01-20T02:43:16.971+0000] {logging_mixin.py:151} INFO - [2026-01-20T02:43:16.971+0000] {dag.py:3696} INFO - Setting next_dagrun for weather_data_pipeline to 2026-01-16T00:00:00+00:00, run_after=2026-01-19T00:00:00+00:00
[2026-01-20T02:43:17.002+0000] {processor.py:179} INFO - Processing /opt/airflow/dags/weather_scheduler.py took 0.146 seconds
[2026-01-20T02:43:47.183+0000] {processor.py:157} INFO - Started process (PID=392) to work on /opt/airflow/dags/weather_scheduler.py
[2026-01-20T02:43:47.187+0000] {processor.py:829} INFO - Processing file /opt/airflow/dags/weather_scheduler.py for tasks to queue
[2026-01-20T02:43:47.194+0000] {logging_mixin.py:151} INFO - [2026-01-20T02:43:47.192+0000] {dagbag.py:539} INFO - Filling up the DagBag from /opt/airflow/dags/weather_scheduler.py
[2026-01-20T02:43:47.240+0000] {processor.py:839} INFO - DAG(s) dict_keys(['weather_data_pipeline']) retrieved from /opt/airflow/dags/weather_scheduler.py
[2026-01-20T02:43:47.309+0000] {logging_mixin.py:151} INFO - [2026-01-20T02:43:47.309+0000] {dag.py:2915} INFO - Sync 1 DAGs
[2026-01-20T02:43:47.360+0000] {logging_mixin.py:151} INFO - [2026-01-20T02:43:47.360+0000] {dag.py:3696} INFO - Setting next_dagrun for weather_data_pipeline to 2026-01-16T00:00:00+00:00, run_after=2026-01-19T00:00:00+00:00
[2026-01-20T02:43:47.398+0000] {processor.py:179} INFO - Processing /opt/airflow/dags/weather_scheduler.py took 0.230 seconds
[2026-01-20T02:44:17.504+0000] {processor.py:157} INFO - Started process (PID=397) to work on /opt/airflow/dags/weather_scheduler.py
[2026-01-20T02:44:17.506+0000] {processor.py:829} INFO - Processing file /opt/airflow/dags/weather_scheduler.py for tasks to queue
[2026-01-20T02:44:17.508+0000] {logging_mixin.py:151} INFO - [2026-01-20T02:44:17.508+0000] {dagbag.py:539} INFO - Filling up the DagBag from /opt/airflow/dags/weather_scheduler.py
[2026-01-20T02:44:17.529+0000] {processor.py:839} INFO - DAG(s) dict_keys(['weather_data_pipeline']) retrieved from /opt/airflow/dags/weather_scheduler.py
[2026-01-20T02:44:17.575+0000] {logging_mixin.py:151} INFO - [2026-01-20T02:44:17.574+0000] {dag.py:2915} INFO - Sync 1 DAGs
[2026-01-20T02:44:17.668+0000] {logging_mixin.py:151} INFO - [2026-01-20T02:44:17.668+0000] {dag.py:3696} INFO - Setting next_dagrun for weather_data_pipeline to 2026-01-16T00:00:00+00:00, run_after=2026-01-19T00:00:00+00:00
[2026-01-20T02:44:17.727+0000] {processor.py:179} INFO - Processing /opt/airflow/dags/weather_scheduler.py took 0.227 seconds
[2026-01-20T02:44:47.894+0000] {processor.py:157} INFO - Started process (PID=402) to work on /opt/airflow/dags/weather_scheduler.py
[2026-01-20T02:44:47.897+0000] {processor.py:829} INFO - Processing file /opt/airflow/dags/weather_scheduler.py for tasks to queue
[2026-01-20T02:44:47.901+0000] {logging_mixin.py:151} INFO - [2026-01-20T02:44:47.900+0000] {dagbag.py:539} INFO - Filling up the DagBag from /opt/airflow/dags/weather_scheduler.py
[2026-01-20T02:44:47.930+0000] {processor.py:839} INFO - DAG(s) dict_keys(['weather_data_pipeline']) retrieved from /opt/airflow/dags/weather_scheduler.py
[2026-01-20T02:44:48.024+0000] {logging_mixin.py:151} INFO - [2026-01-20T02:44:48.023+0000] {dag.py:2915} INFO - Sync 1 DAGs
[2026-01-20T02:44:48.131+0000] {logging_mixin.py:151} INFO - [2026-01-20T02:44:48.130+0000] {dag.py:3696} INFO - Setting next_dagrun for weather_data_pipeline to 2026-01-16T00:00:00+00:00, run_after=2026-01-19T00:00:00+00:00
[2026-01-20T02:44:48.217+0000] {processor.py:179} INFO - Processing /opt/airflow/dags/weather_scheduler.py took 0.328 seconds
[2026-01-20T02:45:18.534+0000] {processor.py:157} INFO - Started process (PID=407) to work on /opt/airflow/dags/weather_scheduler.py
[2026-01-20T02:45:18.537+0000] {processor.py:829} INFO - Processing file /opt/airflow/dags/weather_scheduler.py for tasks to queue
[2026-01-20T02:45:18.540+0000] {logging_mixin.py:151} INFO - [2026-01-20T02:45:18.539+0000] {dagbag.py:539} INFO - Filling up the DagBag from /opt/airflow/dags/weather_scheduler.py
[2026-01-20T02:45:18.569+0000] {processor.py:839} INFO - DAG(s) dict_keys(['weather_data_pipeline']) retrieved from /opt/airflow/dags/weather_scheduler.py
[2026-01-20T02:45:18.626+0000] {logging_mixin.py:151} INFO - [2026-01-20T02:45:18.626+0000] {dag.py:2915} INFO - Sync 1 DAGs
[2026-01-20T02:45:18.683+0000] {logging_mixin.py:151} INFO - [2026-01-20T02:45:18.683+0000] {dag.py:3696} INFO - Setting next_dagrun for weather_data_pipeline to 2026-01-16T00:00:00+00:00, run_after=2026-01-19T00:00:00+00:00
[2026-01-20T02:45:18.730+0000] {processor.py:179} INFO - Processing /opt/airflow/dags/weather_scheduler.py took 0.209 seconds
[2026-01-20T02:45:48.786+0000] {processor.py:157} INFO - Started process (PID=412) to work on /opt/airflow/dags/weather_scheduler.py
[2026-01-20T02:45:48.787+0000] {processor.py:829} INFO - Processing file /opt/airflow/dags/weather_scheduler.py for tasks to queue
[2026-01-20T02:45:48.790+0000] {logging_mixin.py:151} INFO - [2026-01-20T02:45:48.789+0000] {dagbag.py:539} INFO - Filling up the DagBag from /opt/airflow/dags/weather_scheduler.py
[2026-01-20T02:45:48.815+0000] {processor.py:839} INFO - DAG(s) dict_keys(['weather_data_pipeline']) retrieved from /opt/airflow/dags/weather_scheduler.py
[2026-01-20T02:45:48.859+0000] {logging_mixin.py:151} INFO - [2026-01-20T02:45:48.858+0000] {dag.py:2915} INFO - Sync 1 DAGs
[2026-01-20T02:45:48.911+0000] {logging_mixin.py:151} INFO - [2026-01-20T02:45:48.911+0000] {dag.py:3696} INFO - Setting next_dagrun for weather_data_pipeline to 2026-01-16T00:00:00+00:00, run_after=2026-01-19T00:00:00+00:00
[2026-01-20T02:45:48.945+0000] {processor.py:179} INFO - Processing /opt/airflow/dags/weather_scheduler.py took 0.164 seconds
[2026-01-20T02:46:19.077+0000] {processor.py:157} INFO - Started process (PID=417) to work on /opt/airflow/dags/weather_scheduler.py
[2026-01-20T02:46:19.079+0000] {processor.py:829} INFO - Processing file /opt/airflow/dags/weather_scheduler.py for tasks to queue
[2026-01-20T02:46:19.082+0000] {logging_mixin.py:151} INFO - [2026-01-20T02:46:19.082+0000] {dagbag.py:539} INFO - Filling up the DagBag from /opt/airflow/dags/weather_scheduler.py
[2026-01-20T02:46:19.110+0000] {processor.py:839} INFO - DAG(s) dict_keys(['weather_data_pipeline']) retrieved from /opt/airflow/dags/weather_scheduler.py
[2026-01-20T02:46:19.157+0000] {logging_mixin.py:151} INFO - [2026-01-20T02:46:19.157+0000] {dag.py:2915} INFO - Sync 1 DAGs
[2026-01-20T02:46:19.241+0000] {logging_mixin.py:151} INFO - [2026-01-20T02:46:19.240+0000] {dag.py:3696} INFO - Setting next_dagrun for weather_data_pipeline to 2026-01-16T00:00:00+00:00, run_after=2026-01-19T00:00:00+00:00
[2026-01-20T02:46:19.287+0000] {processor.py:179} INFO - Processing /opt/airflow/dags/weather_scheduler.py took 0.219 seconds
[2026-01-20T02:46:49.620+0000] {processor.py:157} INFO - Started process (PID=422) to work on /opt/airflow/dags/weather_scheduler.py
[2026-01-20T02:46:49.623+0000] {processor.py:829} INFO - Processing file /opt/airflow/dags/weather_scheduler.py for tasks to queue
[2026-01-20T02:46:49.627+0000] {logging_mixin.py:151} INFO - [2026-01-20T02:46:49.626+0000] {dagbag.py:539} INFO - Filling up the DagBag from /opt/airflow/dags/weather_scheduler.py
[2026-01-20T02:46:49.653+0000] {processor.py:839} INFO - DAG(s) dict_keys(['weather_data_pipeline']) retrieved from /opt/airflow/dags/weather_scheduler.py
[2026-01-20T02:46:49.700+0000] {logging_mixin.py:151} INFO - [2026-01-20T02:46:49.699+0000] {dag.py:2915} INFO - Sync 1 DAGs
[2026-01-20T02:46:49.749+0000] {logging_mixin.py:151} INFO - [2026-01-20T02:46:49.749+0000] {dag.py:3696} INFO - Setting next_dagrun for weather_data_pipeline to 2026-01-16T00:00:00+00:00, run_after=2026-01-19T00:00:00+00:00
[2026-01-20T02:46:49.787+0000] {processor.py:179} INFO - Processing /opt/airflow/dags/weather_scheduler.py took 0.181 seconds
