[2026-01-15T18:16:09.412+0000] {taskinstance.py:1157} INFO - Dependencies all met for dep_context=non-requeueable deps ti=<TaskInstance: weather_data_pipeline.transform_weather_data manual__2026-01-15T04:54:59.255259+00:00 [queued]>
[2026-01-15T18:16:09.435+0000] {taskinstance.py:1157} INFO - Dependencies all met for dep_context=requeueable deps ti=<TaskInstance: weather_data_pipeline.transform_weather_data manual__2026-01-15T04:54:59.255259+00:00 [queued]>
[2026-01-15T18:16:09.436+0000] {taskinstance.py:1359} INFO - Starting attempt 2 of 2
[2026-01-15T18:16:09.476+0000] {taskinstance.py:1380} INFO - Executing <Task(BashOperator): transform_weather_data> on 2026-01-15 04:54:59.255259+00:00
[2026-01-15T18:16:09.486+0000] {standard_task_runner.py:57} INFO - Started process 185 to run task
[2026-01-15T18:16:09.495+0000] {standard_task_runner.py:84} INFO - Running: ['***', 'tasks', 'run', 'weather_data_pipeline', 'transform_weather_data', 'manual__2026-01-15T04:54:59.255259+00:00', '--job-id', '14', '--raw', '--subdir', 'DAGS_FOLDER/weather_scheduler.py', '--cfg-path', '/tmp/tmp_1eist8z']
[2026-01-15T18:16:09.502+0000] {standard_task_runner.py:85} INFO - Job 14: Subtask transform_weather_data
[2026-01-15T18:16:09.715+0000] {task_command.py:415} INFO - Running <TaskInstance: weather_data_pipeline.transform_weather_data manual__2026-01-15T04:54:59.255259+00:00 [running]> on host 84a850d23116
[2026-01-15T18:16:10.158+0000] {taskinstance.py:1660} INFO - Exporting env vars: AIRFLOW_CTX_DAG_OWNER='pangorin' AIRFLOW_CTX_DAG_ID='weather_data_pipeline' AIRFLOW_CTX_TASK_ID='transform_weather_data' AIRFLOW_CTX_EXECUTION_DATE='2026-01-15T04:54:59.255259+00:00' AIRFLOW_CTX_TRY_NUMBER='2' AIRFLOW_CTX_DAG_RUN_ID='manual__2026-01-15T04:54:59.255259+00:00'
[2026-01-15T18:16:10.164+0000] {subprocess.py:63} INFO - Tmp dir root location: /tmp
[2026-01-15T18:16:10.166+0000] {subprocess.py:75} INFO - Running command: ['/bin/bash', '-c', 'python /opt/***/scripts/transform.py']
[2026-01-15T18:16:10.182+0000] {subprocess.py:86} INFO - Output:
[2026-01-15T18:16:14.907+0000] {subprocess.py:93} INFO - Starting transformation process...
[2026-01-15T18:16:14.909+0000] {subprocess.py:93} INFO - Successfully processed Sydney_20260115_045507.json
[2026-01-15T18:16:14.912+0000] {subprocess.py:93} INFO - Successfully processed Munich_20260115_043309.json
[2026-01-15T18:16:14.913+0000] {subprocess.py:93} INFO - Successfully processed London_20260115_093150.json
[2026-01-15T18:16:14.915+0000] {subprocess.py:93} INFO - Successfully processed Paris_20260115_044904.json
[2026-01-15T18:16:14.918+0000] {subprocess.py:93} INFO - Successfully processed Sydney_20260115_043221.json
[2026-01-15T18:16:14.922+0000] {subprocess.py:93} INFO - Successfully processed New York_20260115_045506.json
[2026-01-15T18:16:14.924+0000] {subprocess.py:93} INFO - Successfully processed Los Angeles_20260115_045506.json
[2026-01-15T18:16:14.929+0000] {subprocess.py:93} INFO - Successfully processed Tokyo_20260115_044909.json
[2026-01-15T18:16:14.933+0000] {subprocess.py:93} INFO - Successfully processed Sydney_20260115_044910.json
[2026-01-15T18:16:14.934+0000] {subprocess.py:93} INFO - Successfully processed Los Angeles_20260115_044907.json
[2026-01-15T18:16:14.936+0000] {subprocess.py:93} INFO - Successfully processed Los Angeles_20260115_043219.json
[2026-01-15T18:16:14.938+0000] {subprocess.py:93} INFO - Successfully processed Ho Chi Minh City_20260115_045504.json
[2026-01-15T18:16:14.941+0000] {subprocess.py:93} INFO - Successfully processed London_20260115_043310.json
[2026-01-15T18:16:14.942+0000] {subprocess.py:93} INFO - Successfully processed Nurburg_20260115_043217.json
[2026-01-15T18:16:14.945+0000] {subprocess.py:93} INFO - Successfully processed Tokyo_20260115_043311.json
[2026-01-15T18:16:14.947+0000] {subprocess.py:93} INFO - Successfully processed Ho Chi Minh City_20260115_043308.json
[2026-01-15T18:16:14.950+0000] {subprocess.py:93} INFO - Successfully processed Munich_20260115_044902.json
[2026-01-15T18:16:14.952+0000] {subprocess.py:93} INFO - Successfully processed Paris_20260115_045505.json
[2026-01-15T18:16:14.955+0000] {subprocess.py:93} INFO - Successfully processed Hanoi_20260115_045503.json
[2026-01-15T18:16:14.957+0000] {subprocess.py:93} INFO - Successfully processed Nurburg_20260115_045504.json
[2026-01-15T18:16:14.960+0000] {subprocess.py:93} INFO - Successfully processed Tokyo_20260115_043221.json
[2026-01-15T18:16:14.962+0000] {subprocess.py:93} INFO - Successfully processed Ho Chi Minh City_20260115_043216.json
[2026-01-15T18:16:14.966+0000] {subprocess.py:93} INFO - Successfully processed Sydney_20260115_093151.json
[2026-01-15T18:16:14.969+0000] {subprocess.py:93} INFO - Successfully processed New York_20260115_043310.json
[2026-01-15T18:16:14.971+0000] {subprocess.py:93} INFO - Successfully processed New York_20260115_043219.json
[2026-01-15T18:16:14.973+0000] {subprocess.py:93} INFO - Successfully processed Nurburg_20260115_093149.json
[2026-01-15T18:16:14.977+0000] {subprocess.py:93} INFO - Successfully processed New York_20260115_044906.json
[2026-01-15T18:16:14.978+0000] {subprocess.py:93} INFO - Successfully processed Ho Chi Minh City_20260115_044901.json
[2026-01-15T18:16:14.980+0000] {subprocess.py:93} INFO - Successfully processed New York_20260115_093150.json
[2026-01-15T18:16:14.983+0000] {subprocess.py:93} INFO - Successfully processed Paris_20260115_093149.json
[2026-01-15T18:16:14.986+0000] {subprocess.py:93} INFO - Successfully processed Tokyo_20260115_045506.json
[2026-01-15T18:16:14.988+0000] {subprocess.py:93} INFO - Successfully processed Sydney_20260115_043311.json
[2026-01-15T18:16:14.991+0000] {subprocess.py:93} INFO - Successfully processed Ho Chi Minh City_20260115_093149.json
[2026-01-15T18:16:14.994+0000] {subprocess.py:93} INFO - Successfully processed Los Angeles_20260115_043311.json
[2026-01-15T18:16:14.996+0000] {subprocess.py:93} INFO - Successfully processed Munich_20260115_043217.json
[2026-01-15T18:16:14.998+0000] {subprocess.py:93} INFO - Successfully processed Hanoi_20260115_043216.json
[2026-01-15T18:16:15.001+0000] {subprocess.py:93} INFO - Successfully processed Paris_20260115_043309.json
[2026-01-15T18:16:15.006+0000] {subprocess.py:93} INFO - Successfully processed London_20260115_044905.json
[2026-01-15T18:16:15.009+0000] {subprocess.py:93} INFO - Successfully processed London_20260115_043218.json
[2026-01-15T18:16:15.012+0000] {subprocess.py:93} INFO - Successfully processed Munich_20260115_045504.json
[2026-01-15T18:16:15.014+0000] {subprocess.py:93} INFO - Successfully processed Tokyo_20260115_093151.json
[2026-01-15T18:16:15.016+0000] {subprocess.py:93} INFO - Successfully processed London_20260115_045505.json
[2026-01-15T18:16:15.019+0000] {subprocess.py:93} INFO - Successfully processed Hanoi_20260115_093148.json
[2026-01-15T18:16:15.026+0000] {subprocess.py:93} INFO - Successfully processed Nurburg_20260115_044904.json
[2026-01-15T18:16:15.034+0000] {subprocess.py:93} INFO - Successfully processed Hanoi_20260115_044900.json
[2026-01-15T18:16:15.041+0000] {subprocess.py:93} INFO - Successfully processed Nurburg_20260115_043309.json
[2026-01-15T18:16:15.055+0000] {subprocess.py:93} INFO - Successfully processed Munich_20260115_093149.json
[2026-01-15T18:16:15.057+0000] {subprocess.py:93} INFO - Successfully processed Los Angeles_20260115_093151.json
[2026-01-15T18:16:15.063+0000] {subprocess.py:93} INFO - Successfully processed Hanoi_20260115_043308.json
[2026-01-15T18:16:15.076+0000] {subprocess.py:93} INFO - Successfully processed Paris_20260115_043218.json
[2026-01-15T18:16:15.080+0000] {subprocess.py:93} INFO - Traceback (most recent call last):
[2026-01-15T18:16:15.083+0000] {subprocess.py:93} INFO -   File "/opt/***/scripts/transform.py", line 112, in <module>
[2026-01-15T18:16:15.085+0000] {subprocess.py:93} INFO -     run()
[2026-01-15T18:16:15.087+0000] {subprocess.py:93} INFO -   File "/opt/***/scripts/transform.py", line 103, in run
[2026-01-15T18:16:15.088+0000] {subprocess.py:93} INFO -     df.to_csv(output_path, index=False)
[2026-01-15T18:16:15.090+0000] {subprocess.py:93} INFO -   File "/home/***/.local/lib/python3.9/site-packages/pandas/core/generic.py", line 3902, in to_csv
[2026-01-15T18:16:15.091+0000] {subprocess.py:93} INFO -     return DataFrameRenderer(formatter).to_csv(
[2026-01-15T18:16:15.092+0000] {subprocess.py:93} INFO -   File "/home/***/.local/lib/python3.9/site-packages/pandas/io/formats/format.py", line 1152, in to_csv
[2026-01-15T18:16:15.092+0000] {subprocess.py:93} INFO -     csv_formatter.save()
[2026-01-15T18:16:15.093+0000] {subprocess.py:93} INFO -   File "/home/***/.local/lib/python3.9/site-packages/pandas/io/formats/csvs.py", line 247, in save
[2026-01-15T18:16:15.095+0000] {subprocess.py:93} INFO -     with get_handle(
[2026-01-15T18:16:15.096+0000] {subprocess.py:93} INFO -   File "/home/***/.local/lib/python3.9/site-packages/pandas/io/common.py", line 739, in get_handle
[2026-01-15T18:16:15.098+0000] {subprocess.py:93} INFO -     check_parent_directory(str(handle))
[2026-01-15T18:16:15.099+0000] {subprocess.py:93} INFO -   File "/home/***/.local/lib/python3.9/site-packages/pandas/io/common.py", line 604, in check_parent_directory
[2026-01-15T18:16:15.101+0000] {subprocess.py:93} INFO -     raise OSError(rf"Cannot save file into a non-existent directory: '{parent}'")
[2026-01-15T18:16:15.101+0000] {subprocess.py:93} INFO - OSError: Cannot save file into a non-existent directory: '/opt/***/scripts/data/processed'
[2026-01-15T18:16:15.131+0000] {subprocess.py:97} INFO - Command exited with return code 1
[2026-01-15T18:16:15.160+0000] {taskinstance.py:1935} ERROR - Task failed with exception
Traceback (most recent call last):
  File "/home/airflow/.local/lib/python3.9/site-packages/airflow/operators/bash.py", line 210, in execute
    raise AirflowException(
airflow.exceptions.AirflowException: Bash command failed. The command returned a non-zero exit code 1.
[2026-01-15T18:16:15.170+0000] {taskinstance.py:1398} INFO - Marking task as FAILED. dag_id=weather_data_pipeline, task_id=transform_weather_data, execution_date=20260115T045459, start_date=20260115T181609, end_date=20260115T181615
[2026-01-15T18:16:15.319+0000] {standard_task_runner.py:104} ERROR - Failed to execute job 14 for task transform_weather_data (Bash command failed. The command returned a non-zero exit code 1.; 185)
[2026-01-15T18:16:15.340+0000] {local_task_job_runner.py:228} INFO - Task exited with return code 1
[2026-01-15T18:16:15.398+0000] {taskinstance.py:2776} INFO - 0 downstream tasks scheduled from follow-on schedule check
