[2026-01-15T04:55:09.196+0000] {taskinstance.py:1157} INFO - Dependencies all met for dep_context=non-requeueable deps ti=<TaskInstance: weather_data_pipeline.transform_weather_data manual__2026-01-15T04:54:59.255259+00:00 [queued]>
[2026-01-15T04:55:09.219+0000] {taskinstance.py:1157} INFO - Dependencies all met for dep_context=requeueable deps ti=<TaskInstance: weather_data_pipeline.transform_weather_data manual__2026-01-15T04:54:59.255259+00:00 [queued]>
[2026-01-15T04:55:09.220+0000] {taskinstance.py:1359} INFO - Starting attempt 1 of 2
[2026-01-15T04:55:09.251+0000] {taskinstance.py:1380} INFO - Executing <Task(BashOperator): transform_weather_data> on 2026-01-15 04:54:59.255259+00:00
[2026-01-15T04:55:09.260+0000] {standard_task_runner.py:57} INFO - Started process 477 to run task
[2026-01-15T04:55:09.265+0000] {standard_task_runner.py:84} INFO - Running: ['***', 'tasks', 'run', 'weather_data_pipeline', 'transform_weather_data', 'manual__2026-01-15T04:54:59.255259+00:00', '--job-id', '12', '--raw', '--subdir', 'DAGS_FOLDER/weather_scheduler.py', '--cfg-path', '/tmp/tmp3uhvx3zm']
[2026-01-15T04:55:09.271+0000] {standard_task_runner.py:85} INFO - Job 12: Subtask transform_weather_data
[2026-01-15T04:55:09.354+0000] {task_command.py:415} INFO - Running <TaskInstance: weather_data_pipeline.transform_weather_data manual__2026-01-15T04:54:59.255259+00:00 [running]> on host bd68da24c275
[2026-01-15T04:55:09.504+0000] {taskinstance.py:1660} INFO - Exporting env vars: AIRFLOW_CTX_DAG_OWNER='pangorin' AIRFLOW_CTX_DAG_ID='weather_data_pipeline' AIRFLOW_CTX_TASK_ID='transform_weather_data' AIRFLOW_CTX_EXECUTION_DATE='2026-01-15T04:54:59.255259+00:00' AIRFLOW_CTX_TRY_NUMBER='1' AIRFLOW_CTX_DAG_RUN_ID='manual__2026-01-15T04:54:59.255259+00:00'
[2026-01-15T04:55:09.507+0000] {subprocess.py:63} INFO - Tmp dir root location: /tmp
[2026-01-15T04:55:09.510+0000] {subprocess.py:75} INFO - Running command: ['/bin/bash', '-c', 'python /opt/***/scripts/transform.py']
[2026-01-15T04:55:09.522+0000] {subprocess.py:86} INFO - Output:
[2026-01-15T04:55:10.691+0000] {subprocess.py:93} INFO - Starting transformation process...
[2026-01-15T04:55:10.693+0000] {subprocess.py:93} INFO - Successfully processed Sydney_20260115_045507.json
[2026-01-15T04:55:10.695+0000] {subprocess.py:93} INFO - Successfully processed Munich_20260115_043309.json
[2026-01-15T04:55:10.699+0000] {subprocess.py:93} INFO - Successfully processed London_20260115_093150.json
[2026-01-15T04:55:10.701+0000] {subprocess.py:93} INFO - Successfully processed Paris_20260115_044904.json
[2026-01-15T04:55:10.703+0000] {subprocess.py:93} INFO - Successfully processed Sydney_20260115_043221.json
[2026-01-15T04:55:10.705+0000] {subprocess.py:93} INFO - Successfully processed New York_20260115_045506.json
[2026-01-15T04:55:10.707+0000] {subprocess.py:93} INFO - Successfully processed Los Angeles_20260115_045506.json
[2026-01-15T04:55:10.709+0000] {subprocess.py:93} INFO - Successfully processed Tokyo_20260115_044909.json
[2026-01-15T04:55:10.711+0000] {subprocess.py:93} INFO - Successfully processed Sydney_20260115_044910.json
[2026-01-15T04:55:10.712+0000] {subprocess.py:93} INFO - Successfully processed Los Angeles_20260115_044907.json
[2026-01-15T04:55:10.713+0000] {subprocess.py:93} INFO - Successfully processed Los Angeles_20260115_043219.json
[2026-01-15T04:55:10.714+0000] {subprocess.py:93} INFO - Successfully processed Ho Chi Minh City_20260115_045504.json
[2026-01-15T04:55:10.718+0000] {subprocess.py:93} INFO - Successfully processed London_20260115_043310.json
[2026-01-15T04:55:10.720+0000] {subprocess.py:93} INFO - Successfully processed Nurburg_20260115_043217.json
[2026-01-15T04:55:10.722+0000] {subprocess.py:93} INFO - Successfully processed Tokyo_20260115_043311.json
[2026-01-15T04:55:10.723+0000] {subprocess.py:93} INFO - Successfully processed Ho Chi Minh City_20260115_043308.json
[2026-01-15T04:55:10.724+0000] {subprocess.py:93} INFO - Successfully processed Munich_20260115_044902.json
[2026-01-15T04:55:10.725+0000] {subprocess.py:93} INFO - Successfully processed Paris_20260115_045505.json
[2026-01-15T04:55:10.728+0000] {subprocess.py:93} INFO - Successfully processed Hanoi_20260115_045503.json
[2026-01-15T04:55:10.731+0000] {subprocess.py:93} INFO - Successfully processed Nurburg_20260115_045504.json
[2026-01-15T04:55:10.733+0000] {subprocess.py:93} INFO - Successfully processed Tokyo_20260115_043221.json
[2026-01-15T04:55:10.736+0000] {subprocess.py:93} INFO - Successfully processed Ho Chi Minh City_20260115_043216.json
[2026-01-15T04:55:10.739+0000] {subprocess.py:93} INFO - Successfully processed Sydney_20260115_093151.json
[2026-01-15T04:55:10.741+0000] {subprocess.py:93} INFO - Successfully processed New York_20260115_043310.json
[2026-01-15T04:55:10.742+0000] {subprocess.py:93} INFO - Successfully processed New York_20260115_043219.json
[2026-01-15T04:55:10.744+0000] {subprocess.py:93} INFO - Successfully processed Nurburg_20260115_093149.json
[2026-01-15T04:55:10.746+0000] {subprocess.py:93} INFO - Successfully processed New York_20260115_044906.json
[2026-01-15T04:55:10.748+0000] {subprocess.py:93} INFO - Successfully processed Ho Chi Minh City_20260115_044901.json
[2026-01-15T04:55:10.750+0000] {subprocess.py:93} INFO - Successfully processed New York_20260115_093150.json
[2026-01-15T04:55:10.752+0000] {subprocess.py:93} INFO - Successfully processed Paris_20260115_093149.json
[2026-01-15T04:55:10.754+0000] {subprocess.py:93} INFO - Successfully processed Tokyo_20260115_045506.json
[2026-01-15T04:55:10.756+0000] {subprocess.py:93} INFO - Successfully processed Sydney_20260115_043311.json
[2026-01-15T04:55:10.758+0000] {subprocess.py:93} INFO - Successfully processed Ho Chi Minh City_20260115_093149.json
[2026-01-15T04:55:10.760+0000] {subprocess.py:93} INFO - Successfully processed Los Angeles_20260115_043311.json
[2026-01-15T04:55:10.762+0000] {subprocess.py:93} INFO - Successfully processed Munich_20260115_043217.json
[2026-01-15T04:55:10.763+0000] {subprocess.py:93} INFO - Successfully processed Hanoi_20260115_043216.json
[2026-01-15T04:55:10.765+0000] {subprocess.py:93} INFO - Successfully processed Paris_20260115_043309.json
[2026-01-15T04:55:10.767+0000] {subprocess.py:93} INFO - Successfully processed London_20260115_044905.json
[2026-01-15T04:55:10.771+0000] {subprocess.py:93} INFO - Successfully processed London_20260115_043218.json
[2026-01-15T04:55:10.774+0000] {subprocess.py:93} INFO - Successfully processed Munich_20260115_045504.json
[2026-01-15T04:55:10.775+0000] {subprocess.py:93} INFO - Successfully processed Tokyo_20260115_093151.json
[2026-01-15T04:55:10.776+0000] {subprocess.py:93} INFO - Successfully processed London_20260115_045505.json
[2026-01-15T04:55:10.778+0000] {subprocess.py:93} INFO - Successfully processed Hanoi_20260115_093148.json
[2026-01-15T04:55:10.780+0000] {subprocess.py:93} INFO - Successfully processed Nurburg_20260115_044904.json
[2026-01-15T04:55:10.782+0000] {subprocess.py:93} INFO - Successfully processed Hanoi_20260115_044900.json
[2026-01-15T04:55:10.784+0000] {subprocess.py:93} INFO - Successfully processed Nurburg_20260115_043309.json
[2026-01-15T04:55:10.786+0000] {subprocess.py:93} INFO - Successfully processed Munich_20260115_093149.json
[2026-01-15T04:55:10.789+0000] {subprocess.py:93} INFO - Successfully processed Los Angeles_20260115_093151.json
[2026-01-15T04:55:10.790+0000] {subprocess.py:93} INFO - Successfully processed Hanoi_20260115_043308.json
[2026-01-15T04:55:10.793+0000] {subprocess.py:93} INFO - Successfully processed Paris_20260115_043218.json
[2026-01-15T04:55:10.795+0000] {subprocess.py:93} INFO - Traceback (most recent call last):
[2026-01-15T04:55:10.799+0000] {subprocess.py:93} INFO -   File "/opt/***/scripts/transform.py", line 109, in <module>
[2026-01-15T04:55:10.802+0000] {subprocess.py:93} INFO -     run()
[2026-01-15T04:55:10.804+0000] {subprocess.py:93} INFO -   File "/opt/***/scripts/transform.py", line 100, in run
[2026-01-15T04:55:10.807+0000] {subprocess.py:93} INFO -     df.to_csv(output_csv_path, index=False)
[2026-01-15T04:55:10.808+0000] {subprocess.py:93} INFO -   File "/home/***/.local/lib/python3.9/site-packages/pandas/core/generic.py", line 3902, in to_csv
[2026-01-15T04:55:10.811+0000] {subprocess.py:93} INFO -     return DataFrameRenderer(formatter).to_csv(
[2026-01-15T04:55:10.812+0000] {subprocess.py:93} INFO -   File "/home/***/.local/lib/python3.9/site-packages/pandas/io/formats/format.py", line 1152, in to_csv
[2026-01-15T04:55:10.817+0000] {subprocess.py:93} INFO -     csv_formatter.save()
[2026-01-15T04:55:10.818+0000] {subprocess.py:93} INFO -   File "/home/***/.local/lib/python3.9/site-packages/pandas/io/formats/csvs.py", line 247, in save
[2026-01-15T04:55:10.820+0000] {subprocess.py:93} INFO -     with get_handle(
[2026-01-15T04:55:10.821+0000] {subprocess.py:93} INFO -   File "/home/***/.local/lib/python3.9/site-packages/pandas/io/common.py", line 739, in get_handle
[2026-01-15T04:55:10.823+0000] {subprocess.py:93} INFO -     check_parent_directory(str(handle))
[2026-01-15T04:55:10.826+0000] {subprocess.py:93} INFO -   File "/home/***/.local/lib/python3.9/site-packages/pandas/io/common.py", line 604, in check_parent_directory
[2026-01-15T04:55:10.830+0000] {subprocess.py:93} INFO -     raise OSError(rf"Cannot save file into a non-existent directory: '{parent}'")
[2026-01-15T04:55:10.835+0000] {subprocess.py:93} INFO - OSError: Cannot save file into a non-existent directory: 'data/processed'
[2026-01-15T04:55:10.866+0000] {subprocess.py:97} INFO - Command exited with return code 1
[2026-01-15T04:55:10.885+0000] {taskinstance.py:1935} ERROR - Task failed with exception
Traceback (most recent call last):
  File "/home/airflow/.local/lib/python3.9/site-packages/airflow/operators/bash.py", line 210, in execute
    raise AirflowException(
airflow.exceptions.AirflowException: Bash command failed. The command returned a non-zero exit code 1.
[2026-01-15T04:55:10.892+0000] {taskinstance.py:1398} INFO - Marking task as UP_FOR_RETRY. dag_id=weather_data_pipeline, task_id=transform_weather_data, execution_date=20260115T045459, start_date=20260115T045509, end_date=20260115T045510
[2026-01-15T04:55:10.985+0000] {standard_task_runner.py:104} ERROR - Failed to execute job 12 for task transform_weather_data (Bash command failed. The command returned a non-zero exit code 1.; 477)
[2026-01-15T04:55:11.003+0000] {local_task_job_runner.py:228} INFO - Task exited with return code 1
[2026-01-15T04:55:11.053+0000] {taskinstance.py:2776} INFO - 0 downstream tasks scheduled from follow-on schedule check
