[2026-01-16T06:09:04.517+0000] {taskinstance.py:1157} INFO - Dependencies all met for dep_context=non-requeueable deps ti=<TaskInstance: weather_data_pipeline.extract_weather_data manual__2026-01-16T06:09:01.672356+00:00 [queued]>
[2026-01-16T06:09:04.536+0000] {taskinstance.py:1157} INFO - Dependencies all met for dep_context=requeueable deps ti=<TaskInstance: weather_data_pipeline.extract_weather_data manual__2026-01-16T06:09:01.672356+00:00 [queued]>
[2026-01-16T06:09:04.537+0000] {taskinstance.py:1359} INFO - Starting attempt 1 of 2
[2026-01-16T06:09:04.568+0000] {taskinstance.py:1380} INFO - Executing <Task(BashOperator): extract_weather_data> on 2026-01-16 06:09:01.672356+00:00
[2026-01-16T06:09:04.576+0000] {standard_task_runner.py:57} INFO - Started process 263 to run task
[2026-01-16T06:09:04.585+0000] {standard_task_runner.py:84} INFO - Running: ['***', 'tasks', 'run', 'weather_data_pipeline', 'extract_weather_data', 'manual__2026-01-16T06:09:01.672356+00:00', '--job-id', '8', '--raw', '--subdir', 'DAGS_FOLDER/weather_scheduler.py', '--cfg-path', '/tmp/tmpgf8n0tzv']
[2026-01-16T06:09:04.589+0000] {standard_task_runner.py:85} INFO - Job 8: Subtask extract_weather_data
[2026-01-16T06:09:04.685+0000] {task_command.py:415} INFO - Running <TaskInstance: weather_data_pipeline.extract_weather_data manual__2026-01-16T06:09:01.672356+00:00 [running]> on host 5f9f65985556
[2026-01-16T06:09:04.852+0000] {taskinstance.py:1660} INFO - Exporting env vars: AIRFLOW_CTX_DAG_OWNER='pangorin' AIRFLOW_CTX_DAG_ID='weather_data_pipeline' AIRFLOW_CTX_TASK_ID='extract_weather_data' AIRFLOW_CTX_EXECUTION_DATE='2026-01-16T06:09:01.672356+00:00' AIRFLOW_CTX_TRY_NUMBER='1' AIRFLOW_CTX_DAG_RUN_ID='manual__2026-01-16T06:09:01.672356+00:00'
[2026-01-16T06:09:04.856+0000] {subprocess.py:63} INFO - Tmp dir root location: /tmp
[2026-01-16T06:09:04.858+0000] {subprocess.py:75} INFO - Running command: ['/bin/bash', '-c', 'python /opt/***/scripts/extract.py']
[2026-01-16T06:09:04.874+0000] {subprocess.py:86} INFO - Output:
[2026-01-16T06:09:09.403+0000] {subprocess.py:93} INFO - Start extraction process...
[2026-01-16T06:09:09.404+0000] {subprocess.py:93} INFO - Successfully fetched data for {city.strip()} to {filename}
[2026-01-16T06:09:09.406+0000] {subprocess.py:93} INFO - Successfully fetched data for {city.strip()} to {filename}
[2026-01-16T06:09:09.408+0000] {subprocess.py:93} INFO - Successfully fetched data for {city.strip()} to {filename}
[2026-01-16T06:09:09.409+0000] {subprocess.py:93} INFO - Successfully fetched data for {city.strip()} to {filename}
[2026-01-16T06:09:09.411+0000] {subprocess.py:93} INFO - Successfully fetched data for {city.strip()} to {filename}
[2026-01-16T06:09:09.412+0000] {subprocess.py:93} INFO - Successfully fetched data for {city.strip()} to {filename}
[2026-01-16T06:09:09.416+0000] {subprocess.py:93} INFO - Successfully fetched data for {city.strip()} to {filename}
[2026-01-16T06:09:09.418+0000] {subprocess.py:93} INFO - Successfully fetched data for {city.strip()} to {filename}
[2026-01-16T06:09:09.420+0000] {subprocess.py:93} INFO - Successfully fetched data for {city.strip()} to {filename}
[2026-01-16T06:09:09.423+0000] {subprocess.py:93} INFO - Successfully fetched data for {city.strip()} to {filename}
[2026-01-16T06:09:09.441+0000] {subprocess.py:97} INFO - Command exited with return code 0
[2026-01-16T06:09:09.492+0000] {taskinstance.py:1398} INFO - Marking task as SUCCESS. dag_id=weather_data_pipeline, task_id=extract_weather_data, execution_date=20260116T060901, start_date=20260116T060904, end_date=20260116T060909
[2026-01-16T06:09:09.523+0000] {local_task_job_runner.py:228} INFO - Task exited with return code 0
[2026-01-16T06:09:09.566+0000] {taskinstance.py:2776} INFO - 1 downstream tasks scheduled from follow-on schedule check
