[2026-01-16T06:06:29.432+0000] {taskinstance.py:1157} INFO - Dependencies all met for dep_context=non-requeueable deps ti=<TaskInstance: weather_data_pipeline.extract_weather_data manual__2026-01-16T06:06:25.499939+00:00 [queued]>
[2026-01-16T06:06:29.457+0000] {taskinstance.py:1157} INFO - Dependencies all met for dep_context=requeueable deps ti=<TaskInstance: weather_data_pipeline.extract_weather_data manual__2026-01-16T06:06:25.499939+00:00 [queued]>
[2026-01-16T06:06:29.460+0000] {taskinstance.py:1359} INFO - Starting attempt 1 of 2
[2026-01-16T06:06:29.505+0000] {taskinstance.py:1380} INFO - Executing <Task(BashOperator): extract_weather_data> on 2026-01-16 06:06:25.499939+00:00
[2026-01-16T06:06:29.520+0000] {standard_task_runner.py:57} INFO - Started process 200 to run task
[2026-01-16T06:06:29.547+0000] {standard_task_runner.py:84} INFO - Running: ['***', 'tasks', 'run', 'weather_data_pipeline', 'extract_weather_data', 'manual__2026-01-16T06:06:25.499939+00:00', '--job-id', '2', '--raw', '--subdir', 'DAGS_FOLDER/weather_scheduler.py', '--cfg-path', '/tmp/tmp9kedkgbx']
[2026-01-16T06:06:29.572+0000] {standard_task_runner.py:85} INFO - Job 2: Subtask extract_weather_data
[2026-01-16T06:06:29.764+0000] {task_command.py:415} INFO - Running <TaskInstance: weather_data_pipeline.extract_weather_data manual__2026-01-16T06:06:25.499939+00:00 [running]> on host 5f9f65985556
[2026-01-16T06:06:30.155+0000] {taskinstance.py:1660} INFO - Exporting env vars: AIRFLOW_CTX_DAG_OWNER='pangorin' AIRFLOW_CTX_DAG_ID='weather_data_pipeline' AIRFLOW_CTX_TASK_ID='extract_weather_data' AIRFLOW_CTX_EXECUTION_DATE='2026-01-16T06:06:25.499939+00:00' AIRFLOW_CTX_TRY_NUMBER='1' AIRFLOW_CTX_DAG_RUN_ID='manual__2026-01-16T06:06:25.499939+00:00'
[2026-01-16T06:06:30.170+0000] {subprocess.py:63} INFO - Tmp dir root location: /tmp
[2026-01-16T06:06:30.173+0000] {subprocess.py:75} INFO - Running command: ['/bin/bash', '-c', 'python /opt/***/scripts/extract.py']
[2026-01-16T06:06:30.190+0000] {subprocess.py:86} INFO - Output:
[2026-01-16T06:06:36.281+0000] {subprocess.py:93} INFO - Start extraction process...
[2026-01-16T06:06:36.283+0000] {subprocess.py:93} INFO - Successfully fetched data for {city.strip()} to {filename}
[2026-01-16T06:06:36.285+0000] {subprocess.py:93} INFO - Successfully fetched data for {city.strip()} to {filename}
[2026-01-16T06:06:36.286+0000] {subprocess.py:93} INFO - Successfully fetched data for {city.strip()} to {filename}
[2026-01-16T06:06:36.287+0000] {subprocess.py:93} INFO - Successfully fetched data for {city.strip()} to {filename}
[2026-01-16T06:06:36.289+0000] {subprocess.py:93} INFO - Successfully fetched data for {city.strip()} to {filename}
[2026-01-16T06:06:36.291+0000] {subprocess.py:93} INFO - Successfully fetched data for {city.strip()} to {filename}
[2026-01-16T06:06:36.293+0000] {subprocess.py:93} INFO - Successfully fetched data for {city.strip()} to {filename}
[2026-01-16T06:06:36.296+0000] {subprocess.py:93} INFO - Successfully fetched data for {city.strip()} to {filename}
[2026-01-16T06:06:36.298+0000] {subprocess.py:93} INFO - Successfully fetched data for {city.strip()} to {filename}
[2026-01-16T06:06:36.301+0000] {subprocess.py:93} INFO - Successfully fetched data for {city.strip()} to {filename}
[2026-01-16T06:06:36.333+0000] {subprocess.py:97} INFO - Command exited with return code 0
[2026-01-16T06:06:36.388+0000] {taskinstance.py:1398} INFO - Marking task as SUCCESS. dag_id=weather_data_pipeline, task_id=extract_weather_data, execution_date=20260116T060625, start_date=20260116T060629, end_date=20260116T060636
[2026-01-16T06:06:36.449+0000] {local_task_job_runner.py:228} INFO - Task exited with return code 0
[2026-01-16T06:06:36.508+0000] {taskinstance.py:2776} INFO - 1 downstream tasks scheduled from follow-on schedule check
