[2026-01-16T06:09:11.071+0000] {taskinstance.py:1157} INFO - Dependencies all met for dep_context=non-requeueable deps ti=<TaskInstance: weather_data_pipeline.transform_weather_data manual__2026-01-16T06:09:01.672356+00:00 [queued]>
[2026-01-16T06:09:11.091+0000] {taskinstance.py:1157} INFO - Dependencies all met for dep_context=requeueable deps ti=<TaskInstance: weather_data_pipeline.transform_weather_data manual__2026-01-16T06:09:01.672356+00:00 [queued]>
[2026-01-16T06:09:11.092+0000] {taskinstance.py:1359} INFO - Starting attempt 1 of 2
[2026-01-16T06:09:11.118+0000] {taskinstance.py:1380} INFO - Executing <Task(BashOperator): transform_weather_data> on 2026-01-16 06:09:01.672356+00:00
[2026-01-16T06:09:11.130+0000] {standard_task_runner.py:57} INFO - Started process 266 to run task
[2026-01-16T06:09:11.138+0000] {standard_task_runner.py:84} INFO - Running: ['***', 'tasks', 'run', 'weather_data_pipeline', 'transform_weather_data', 'manual__2026-01-16T06:09:01.672356+00:00', '--job-id', '9', '--raw', '--subdir', 'DAGS_FOLDER/weather_scheduler.py', '--cfg-path', '/tmp/tmpvos9tf1q']
[2026-01-16T06:09:11.145+0000] {standard_task_runner.py:85} INFO - Job 9: Subtask transform_weather_data
[2026-01-16T06:09:11.253+0000] {task_command.py:415} INFO - Running <TaskInstance: weather_data_pipeline.transform_weather_data manual__2026-01-16T06:09:01.672356+00:00 [running]> on host 5f9f65985556
[2026-01-16T06:09:11.418+0000] {taskinstance.py:1660} INFO - Exporting env vars: AIRFLOW_CTX_DAG_OWNER='pangorin' AIRFLOW_CTX_DAG_ID='weather_data_pipeline' AIRFLOW_CTX_TASK_ID='transform_weather_data' AIRFLOW_CTX_EXECUTION_DATE='2026-01-16T06:09:01.672356+00:00' AIRFLOW_CTX_TRY_NUMBER='1' AIRFLOW_CTX_DAG_RUN_ID='manual__2026-01-16T06:09:01.672356+00:00'
[2026-01-16T06:09:11.422+0000] {subprocess.py:63} INFO - Tmp dir root location: /tmp
[2026-01-16T06:09:11.424+0000] {subprocess.py:75} INFO - Running command: ['/bin/bash', '-c', 'python /opt/***/scripts/transform.py']
[2026-01-16T06:09:11.439+0000] {subprocess.py:86} INFO - Output:
[2026-01-16T06:09:12.738+0000] {subprocess.py:93} INFO - Starting transformation process...
[2026-01-16T06:09:12.740+0000] {subprocess.py:93} INFO - Successfully processed Nurburg_20260116_055401.json
[2026-01-16T06:09:12.742+0000] {subprocess.py:93} INFO - Successfully processed Sydney_20260115_045507.json
[2026-01-16T06:09:12.744+0000] {subprocess.py:93} INFO - Successfully processed Paris_20260116_054430.json
[2026-01-16T06:09:12.745+0000] {subprocess.py:93} INFO - Successfully processed Munich_20260116_052633.json
[2026-01-16T06:09:12.747+0000] {subprocess.py:93} INFO - Successfully processed Paris_20260116_053114.json
[2026-01-16T06:09:12.749+0000] {subprocess.py:93} INFO - Successfully processed Paris_20260116_060633.json
[2026-01-16T06:09:12.750+0000] {subprocess.py:93} INFO - Successfully processed Paris_20260116_052634.json
[2026-01-16T06:09:12.752+0000] {subprocess.py:93} INFO - Successfully processed Ho Chi Minh City_20260116_060906.json
[2026-01-16T06:09:12.754+0000] {subprocess.py:93} INFO - Successfully processed Munich_20260115_043309.json
[2026-01-16T06:09:12.757+0000] {subprocess.py:93} INFO - Successfully processed London_20260115_181754.json
[2026-01-16T06:09:12.759+0000] {subprocess.py:93} INFO - Successfully processed Nurburg_20260115_181754.json
[2026-01-16T06:09:12.761+0000] {subprocess.py:93} INFO - Successfully processed London_20260115_093150.json
[2026-01-16T06:09:12.763+0000] {subprocess.py:93} INFO - Successfully processed Ho Chi Minh City_20260116_054429.json
[2026-01-16T06:09:12.764+0000] {subprocess.py:93} INFO - Successfully processed Ho Chi Minh City_20260116_055401.json
[2026-01-16T06:09:12.766+0000] {subprocess.py:93} INFO - Successfully processed Paris_20260115_044904.json
[2026-01-16T06:09:12.768+0000] {subprocess.py:93} INFO - Successfully processed Los Angeles_20260116_053116.json
[2026-01-16T06:09:12.770+0000] {subprocess.py:93} INFO - Successfully processed Sydney_20260115_043221.json
[2026-01-16T06:09:12.771+0000] {subprocess.py:93} INFO - Successfully processed London_20260116_060908.json
[2026-01-16T06:09:12.773+0000] {subprocess.py:93} INFO - Successfully processed New York_20260115_045506.json
[2026-01-16T06:09:12.776+0000] {subprocess.py:93} INFO - Successfully processed Los Angeles_20260115_045506.json
[2026-01-16T06:09:12.777+0000] {subprocess.py:93} INFO - Successfully processed New York_20260116_053115.json
[2026-01-16T06:09:12.779+0000] {subprocess.py:93} INFO - Successfully processed Tokyo_20260115_044909.json
[2026-01-16T06:09:12.781+0000] {subprocess.py:93} INFO - Successfully processed Sydney_20260115_044910.json
[2026-01-16T06:09:12.783+0000] {subprocess.py:93} INFO - Successfully processed Los Angeles_20260115_044907.json
[2026-01-16T06:09:12.784+0000] {subprocess.py:93} INFO - Successfully processed Los Angeles_20260115_043219.json
[2026-01-16T06:09:12.786+0000] {subprocess.py:93} INFO - Successfully processed Ho Chi Minh City_20260115_045504.json
[2026-01-16T06:09:12.788+0000] {subprocess.py:93} INFO - Successfully processed Nurburg_20260116_053857.json
[2026-01-16T06:09:12.789+0000] {subprocess.py:93} INFO - Successfully processed Paris_20260116_060907.json
[2026-01-16T06:09:12.793+0000] {subprocess.py:93} INFO - Successfully processed Los Angeles_20260115_181755.json
[2026-01-16T06:09:12.795+0000] {subprocess.py:93} INFO - Successfully processed London_20260115_043310.json
[2026-01-16T06:09:12.797+0000] {subprocess.py:93} INFO - Successfully processed Nurburg_20260116_060907.json
[2026-01-16T06:09:12.799+0000] {subprocess.py:93} INFO - Successfully processed Nurburg_20260115_043217.json
[2026-01-16T06:09:12.801+0000] {subprocess.py:93} INFO - Successfully processed Munich_20260116_060633.json
[2026-01-16T06:09:12.802+0000] {subprocess.py:93} INFO - Successfully processed Nurburg_20260116_052634.json
[2026-01-16T06:09:12.804+0000] {subprocess.py:93} INFO - Successfully processed Tokyo_20260115_043311.json
[2026-01-16T06:09:12.806+0000] {subprocess.py:93} INFO - Successfully processed Ho Chi Minh City_20260115_043308.json
[2026-01-16T06:09:12.808+0000] {subprocess.py:93} INFO - Successfully processed Munich_20260115_044902.json
[2026-01-16T06:09:12.810+0000] {subprocess.py:93} INFO - Successfully processed Nurburg_20260116_054430.json
[2026-01-16T06:09:12.811+0000] {subprocess.py:93} INFO - Successfully processed Paris_20260115_045505.json
[2026-01-16T06:09:12.813+0000] {subprocess.py:93} INFO - Successfully processed London_20260116_060634.json
[2026-01-16T06:09:12.814+0000] {subprocess.py:93} INFO - Successfully processed Tokyo_20260116_053859.json
[2026-01-16T06:09:12.816+0000] {subprocess.py:93} INFO - Successfully processed Ho Chi Minh City_20260116_060632.json
[2026-01-16T06:09:12.818+0000] {subprocess.py:93} INFO - Successfully processed Paris_20260116_055402.json
[2026-01-16T06:09:12.819+0000] {subprocess.py:93} INFO - Successfully processed Hanoi_20260115_045503.json
[2026-01-16T06:09:12.821+0000] {subprocess.py:93} INFO - Successfully processed Tokyo_20260116_053116.json
[2026-01-16T06:09:12.824+0000] {subprocess.py:93} INFO - Successfully processed Los Angeles_20260116_055402.json
[2026-01-16T06:09:12.826+0000] {subprocess.py:93} INFO - Successfully processed Ho Chi Minh City_20260116_053853.json
[2026-01-16T06:09:12.829+0000] {subprocess.py:93} INFO - Successfully processed Munich_20260116_055401.json
[2026-01-16T06:09:12.830+0000] {subprocess.py:93} INFO - Successfully processed New York_20260116_060635.json
[2026-01-16T06:09:12.831+0000] {subprocess.py:93} INFO - Successfully processed Hanoi_20260116_060632.json
[2026-01-16T06:09:12.834+0000] {subprocess.py:93} INFO - Successfully processed Los Angeles_20260116_052634.json
[2026-01-16T06:09:12.836+0000] {subprocess.py:93} INFO - Successfully processed Los Angeles_20260116_053859.json
[2026-01-16T06:09:12.837+0000] {subprocess.py:93} INFO - Successfully processed Nurburg_20260115_045504.json
[2026-01-16T06:09:12.839+0000] {subprocess.py:93} INFO - Successfully processed Munich_20260115_181754.json
[2026-01-16T06:09:12.840+0000] {subprocess.py:93} INFO - Successfully processed London_20260116_053858.json
[2026-01-16T06:09:12.841+0000] {subprocess.py:93} INFO - Successfully processed Tokyo_20260116_060909.json
[2026-01-16T06:09:12.842+0000] {subprocess.py:93} INFO - Successfully processed Tokyo_20260115_043221.json
[2026-01-16T06:09:12.843+0000] {subprocess.py:93} INFO - Successfully processed Munich_20260116_060906.json
[2026-01-16T06:09:12.845+0000] {subprocess.py:93} INFO - Successfully processed Ho Chi Minh City_20260115_043216.json
[2026-01-16T06:09:12.847+0000] {subprocess.py:93} INFO - Successfully processed London_20260116_055402.json
[2026-01-16T06:09:12.849+0000] {subprocess.py:93} INFO - Successfully processed Hanoi_20260116_055401.json
[2026-01-16T06:09:12.850+0000] {subprocess.py:93} INFO - Successfully processed New York_20260116_060908.json
[2026-01-16T06:09:12.852+0000] {subprocess.py:93} INFO - Successfully processed Sydney_20260116_052635.json
[2026-01-16T06:09:12.853+0000] {subprocess.py:93} INFO - Successfully processed Sydney_20260115_093151.json
[2026-01-16T06:09:12.854+0000] {subprocess.py:93} INFO - Successfully processed Munich_20260116_053111.json
[2026-01-16T06:09:12.854+0000] {subprocess.py:93} INFO - Successfully processed New York_20260115_043310.json
[2026-01-16T06:09:12.855+0000] {subprocess.py:93} INFO - Successfully processed Ho Chi Minh City_20260116_052633.json
[2026-01-16T06:09:12.855+0000] {subprocess.py:93} INFO - Successfully processed New York_20260115_043219.json
[2026-01-16T06:09:12.856+0000] {subprocess.py:93} INFO - Successfully processed Nurburg_20260115_093149.json
[2026-01-16T06:09:12.856+0000] {subprocess.py:93} INFO - Successfully processed New York_20260115_044906.json
[2026-01-16T06:09:12.857+0000] {subprocess.py:93} INFO - Successfully processed Munich_20260116_053853.json
[2026-01-16T06:09:12.858+0000] {subprocess.py:93} INFO - Successfully processed New York_20260116_055402.json
[2026-01-16T06:09:12.859+0000] {subprocess.py:93} INFO - Successfully processed Hanoi_20260116_053106.json
[2026-01-16T06:09:12.860+0000] {subprocess.py:93} INFO - Successfully processed Sydney_20260115_181755.json
[2026-01-16T06:09:12.862+0000] {subprocess.py:93} INFO - Successfully processed Hanoi_20260115_181754.json
[2026-01-16T06:09:12.863+0000] {subprocess.py:93} INFO - Successfully processed Hanoi_20260116_054424.json
[2026-01-16T06:09:12.865+0000] {subprocess.py:93} INFO - Successfully processed Sydney_20260116_060909.json
[2026-01-16T06:09:12.865+0000] {subprocess.py:93} INFO - Successfully processed Ho Chi Minh City_20260115_181754.json
[2026-01-16T06:09:12.866+0000] {subprocess.py:93} INFO - Successfully processed Sydney_20260116_055402.json
[2026-01-16T06:09:12.868+0000] {subprocess.py:93} INFO - Successfully processed Hanoi_20260116_060905.json
[2026-01-16T06:09:12.869+0000] {subprocess.py:93} INFO - Successfully processed Tokyo_20260115_181755.json
[2026-01-16T06:09:12.870+0000] {subprocess.py:93} INFO - Successfully processed Ho Chi Minh City_20260115_044901.json
[2026-01-16T06:09:12.871+0000] {subprocess.py:93} INFO - Successfully processed New York_20260115_093150.json
[2026-01-16T06:09:12.872+0000] {subprocess.py:93} INFO - Successfully processed Los Angeles_20260116_060908.json
[2026-01-16T06:09:12.874+0000] {subprocess.py:93} INFO - Successfully processed Sydney_20260116_053116.json
[2026-01-16T06:09:12.876+0000] {subprocess.py:93} INFO - Successfully processed Paris_20260115_093149.json
[2026-01-16T06:09:12.878+0000] {subprocess.py:93} INFO - Successfully processed Nurburg_20260116_060633.json
[2026-01-16T06:09:12.879+0000] {subprocess.py:93} INFO - Successfully processed Sydney_20260116_054431.json
[2026-01-16T06:09:12.881+0000] {subprocess.py:93} INFO - Successfully processed Munich_20260116_054430.json
[2026-01-16T06:09:12.882+0000] {subprocess.py:93} INFO - Successfully processed New York_20260116_053858.json
[2026-01-16T06:09:12.883+0000] {subprocess.py:93} INFO - Successfully processed Tokyo_20260115_045506.json
[2026-01-16T06:09:12.885+0000] {subprocess.py:93} INFO - Successfully processed Sydney_20260115_043311.json
[2026-01-16T06:09:12.886+0000] {subprocess.py:93} INFO - Successfully processed Nurburg_20260116_053111.json
[2026-01-16T06:09:12.888+0000] {subprocess.py:93} INFO - Successfully processed Ho Chi Minh City_20260115_093149.json
[2026-01-16T06:09:12.890+0000] {subprocess.py:93} INFO - Successfully processed London_20260116_053115.json
[2026-01-16T06:09:12.894+0000] {subprocess.py:93} INFO - Successfully processed Tokyo_20260116_055402.json
[2026-01-16T06:09:12.896+0000] {subprocess.py:93} INFO - Successfully processed Hanoi_20260116_053849.json
[2026-01-16T06:09:12.900+0000] {subprocess.py:93} INFO - Successfully processed Los Angeles_20260115_043311.json
[2026-01-16T06:09:12.901+0000] {subprocess.py:93} INFO - Successfully processed Tokyo_20260116_060635.json
[2026-01-16T06:09:12.902+0000] {subprocess.py:93} INFO - Successfully processed Ho Chi Minh City_20260116_053110.json
[2026-01-16T06:09:12.904+0000] {subprocess.py:93} INFO - Successfully processed New York_20260116_052634.json
[2026-01-16T06:09:12.905+0000] {subprocess.py:93} INFO - Successfully processed New York_20260116_054430.json
[2026-01-16T06:09:12.906+0000] {subprocess.py:93} INFO - Successfully processed New York_20260115_181755.json
[2026-01-16T06:09:12.908+0000] {subprocess.py:93} INFO - Successfully processed London_20260116_054430.json
[2026-01-16T06:09:12.909+0000] {subprocess.py:93} INFO - Successfully processed Paris_20260116_053857.json
[2026-01-16T06:09:12.910+0000] {subprocess.py:93} INFO - Successfully processed Hanoi_20260116_052633.json
[2026-01-16T06:09:12.911+0000] {subprocess.py:93} INFO - Successfully processed Sydney_20260116_060636.json
[2026-01-16T06:09:12.912+0000] {subprocess.py:93} INFO - Successfully processed Munich_20260115_043217.json
[2026-01-16T06:09:12.913+0000] {subprocess.py:93} INFO - Successfully processed Hanoi_20260115_043216.json
[2026-01-16T06:09:12.914+0000] {subprocess.py:93} INFO - Successfully processed Paris_20260115_043309.json
[2026-01-16T06:09:12.915+0000] {subprocess.py:93} INFO - Successfully processed London_20260115_044905.json
[2026-01-16T06:09:12.916+0000] {subprocess.py:93} INFO - Successfully processed London_20260115_043218.json
[2026-01-16T06:09:12.917+0000] {subprocess.py:93} INFO - Successfully processed Munich_20260115_045504.json
[2026-01-16T06:09:12.918+0000] {subprocess.py:93} INFO - Successfully processed Tokyo_20260115_093151.json
[2026-01-16T06:09:12.920+0000] {subprocess.py:93} INFO - Successfully processed London_20260115_045505.json
[2026-01-16T06:09:12.922+0000] {subprocess.py:93} INFO - Successfully processed Tokyo_20260116_054431.json
[2026-01-16T06:09:12.924+0000] {subprocess.py:93} INFO - Successfully processed Tokyo_20260116_052635.json
[2026-01-16T06:09:12.925+0000] {subprocess.py:93} INFO - Successfully processed Hanoi_20260115_093148.json
[2026-01-16T06:09:12.926+0000] {subprocess.py:93} INFO - Successfully processed Nurburg_20260115_044904.json
[2026-01-16T06:09:12.927+0000] {subprocess.py:93} INFO - Successfully processed Hanoi_20260115_044900.json
[2026-01-16T06:09:12.928+0000] {subprocess.py:93} INFO - Successfully processed Sydney_20260116_053859.json
[2026-01-16T06:09:12.929+0000] {subprocess.py:93} INFO - Successfully processed Los Angeles_20260116_060635.json
[2026-01-16T06:09:12.930+0000] {subprocess.py:93} INFO - Successfully processed Nurburg_20260115_043309.json
[2026-01-16T06:09:12.931+0000] {subprocess.py:93} INFO - Successfully processed Munich_20260115_093149.json
[2026-01-16T06:09:12.932+0000] {subprocess.py:93} INFO - Successfully processed Los Angeles_20260115_093151.json
[2026-01-16T06:09:12.933+0000] {subprocess.py:93} INFO - Successfully processed London_20260116_052634.json
[2026-01-16T06:09:12.934+0000] {subprocess.py:93} INFO - Successfully processed Los Angeles_20260116_054430.json
[2026-01-16T06:09:12.935+0000] {subprocess.py:93} INFO - Successfully processed Hanoi_20260115_043308.json
[2026-01-16T06:09:12.936+0000] {subprocess.py:93} INFO - Successfully processed Paris_20260115_181754.json
[2026-01-16T06:09:12.937+0000] {subprocess.py:93} INFO - Successfully processed Paris_20260115_043218.json
[2026-01-16T06:09:12.938+0000] {subprocess.py:93} INFO - --------------------------------------------------
[2026-01-16T06:09:12.939+0000] {subprocess.py:93} INFO - Transformation completed. Processed 130 records.
[2026-01-16T06:09:12.940+0000] {subprocess.py:93} INFO - Cleaned data saved to: /opt/***/data/processed/processed_weather_data_20260116_060912.csv
[2026-01-16T06:09:12.942+0000] {subprocess.py:93} INFO - Preview data:
[2026-01-16T06:09:12.942+0000] {subprocess.py:93} INFO -       city        timestamp_utc  ...  wind_speed_ms  weather_description
[2026-01-16T06:09:12.943+0000] {subprocess.py:93} INFO - 0  Nürburg  2026-01-16 05:44:30  ...           6.69        broken clouds
[2026-01-16T06:09:12.944+0000] {subprocess.py:93} INFO - 1   Sydney  2026-01-15 04:47:30  ...          10.80     scattered clouds
[2026-01-16T06:09:12.945+0000] {subprocess.py:93} INFO - 2    Paris  2026-01-16 05:44:20  ...           3.60      overcast clouds
[2026-01-16T06:09:12.946+0000] {subprocess.py:93} INFO - 3   Munich  2026-01-16 05:25:09  ...           0.45      overcast clouds
[2026-01-16T06:09:12.947+0000] {subprocess.py:93} INFO - 4    Paris  2026-01-16 05:19:33  ...           3.60      overcast clouds
[2026-01-16T06:09:12.948+0000] {subprocess.py:93} INFO - 
[2026-01-16T06:09:12.950+0000] {subprocess.py:93} INFO - [5 rows x 7 columns]
[2026-01-16T06:09:12.951+0000] {subprocess.py:97} INFO - Command exited with return code 0
[2026-01-16T06:09:13.021+0000] {taskinstance.py:1398} INFO - Marking task as SUCCESS. dag_id=weather_data_pipeline, task_id=transform_weather_data, execution_date=20260116T060901, start_date=20260116T060911, end_date=20260116T060913
[2026-01-16T06:09:13.079+0000] {local_task_job_runner.py:228} INFO - Task exited with return code 0
[2026-01-16T06:09:13.116+0000] {taskinstance.py:2776} INFO - 1 downstream tasks scheduled from follow-on schedule check
