[2026-01-16T05:54:11.945+0000] {taskinstance.py:1157} INFO - Dependencies all met for dep_context=non-requeueable deps ti=<TaskInstance: weather_data_pipeline.load_weather_data_to_db manual__2026-01-16T05:53:55.396527+00:00 [queued]>
[2026-01-16T05:54:11.969+0000] {taskinstance.py:1157} INFO - Dependencies all met for dep_context=requeueable deps ti=<TaskInstance: weather_data_pipeline.load_weather_data_to_db manual__2026-01-16T05:53:55.396527+00:00 [queued]>
[2026-01-16T05:54:11.971+0000] {taskinstance.py:1359} INFO - Starting attempt 1 of 2
[2026-01-16T05:54:12.002+0000] {taskinstance.py:1380} INFO - Executing <Task(BashOperator): load_weather_data_to_db> on 2026-01-16 05:53:55.396527+00:00
[2026-01-16T05:54:12.017+0000] {standard_task_runner.py:57} INFO - Started process 225 to run task
[2026-01-16T05:54:12.025+0000] {standard_task_runner.py:84} INFO - Running: ['***', 'tasks', 'run', 'weather_data_pipeline', 'load_weather_data_to_db', 'manual__2026-01-16T05:53:55.396527+00:00', '--job-id', '7', '--raw', '--subdir', 'DAGS_FOLDER/weather_scheduler.py', '--cfg-path', '/tmp/tmponf_ya03']
[2026-01-16T05:54:12.032+0000] {standard_task_runner.py:85} INFO - Job 7: Subtask load_weather_data_to_db
[2026-01-16T05:54:12.158+0000] {task_command.py:415} INFO - Running <TaskInstance: weather_data_pipeline.load_weather_data_to_db manual__2026-01-16T05:53:55.396527+00:00 [running]> on host 7eba5050a014
[2026-01-16T05:54:12.322+0000] {taskinstance.py:1660} INFO - Exporting env vars: AIRFLOW_CTX_DAG_OWNER='pangorin' AIRFLOW_CTX_DAG_ID='weather_data_pipeline' AIRFLOW_CTX_TASK_ID='load_weather_data_to_db' AIRFLOW_CTX_EXECUTION_DATE='2026-01-16T05:53:55.396527+00:00' AIRFLOW_CTX_TRY_NUMBER='1' AIRFLOW_CTX_DAG_RUN_ID='manual__2026-01-16T05:53:55.396527+00:00'
[2026-01-16T05:54:12.325+0000] {subprocess.py:63} INFO - Tmp dir root location: /tmp
[2026-01-16T05:54:12.327+0000] {subprocess.py:75} INFO - Running command: ['/bin/bash', '-c', 'python /opt/***/scripts/load.py']
[2026-01-16T05:54:12.347+0000] {subprocess.py:86} INFO - Output:
[2026-01-16T05:54:16.898+0000] {subprocess.py:93} INFO - Starting load process...
[2026-01-16T05:54:16.901+0000] {subprocess.py:93} INFO - Searching for files at: /opt/***/data/processed/processed_weather_*.csv
[2026-01-16T05:54:16.904+0000] {subprocess.py:93} INFO - Found latest data file: /opt/***/data/processed/processed_weather_data_20260116_055409.csv
[2026-01-16T05:54:16.908+0000] {subprocess.py:93} INFO - Successfully connected to MySQL database.
[2026-01-16T05:54:16.909+0000] {subprocess.py:93} INFO - --------------------------------------------------
[2026-01-16T05:54:16.914+0000] {subprocess.py:93} INFO - Successfully loaded 110 records into the weather_readings.
[2026-01-16T05:54:17.235+0000] {subprocess.py:97} INFO - Command exited with return code 0
[2026-01-16T05:54:17.316+0000] {taskinstance.py:1398} INFO - Marking task as SUCCESS. dag_id=weather_data_pipeline, task_id=load_weather_data_to_db, execution_date=20260116T055355, start_date=20260116T055411, end_date=20260116T055417
[2026-01-16T05:54:17.413+0000] {local_task_job_runner.py:228} INFO - Task exited with return code 0
[2026-01-16T05:54:17.466+0000] {taskinstance.py:2776} INFO - 0 downstream tasks scheduled from follow-on schedule check
