[2026-01-16T06:09:14.326+0000] {taskinstance.py:1157} INFO - Dependencies all met for dep_context=non-requeueable deps ti=<TaskInstance: weather_data_pipeline.load_weather_data_to_db manual__2026-01-16T06:09:01.672356+00:00 [queued]>
[2026-01-16T06:09:14.343+0000] {taskinstance.py:1157} INFO - Dependencies all met for dep_context=requeueable deps ti=<TaskInstance: weather_data_pipeline.load_weather_data_to_db manual__2026-01-16T06:09:01.672356+00:00 [queued]>
[2026-01-16T06:09:14.344+0000] {taskinstance.py:1359} INFO - Starting attempt 1 of 2
[2026-01-16T06:09:14.366+0000] {taskinstance.py:1380} INFO - Executing <Task(BashOperator): load_weather_data_to_db> on 2026-01-16 06:09:01.672356+00:00
[2026-01-16T06:09:14.373+0000] {standard_task_runner.py:57} INFO - Started process 273 to run task
[2026-01-16T06:09:14.379+0000] {standard_task_runner.py:84} INFO - Running: ['***', 'tasks', 'run', 'weather_data_pipeline', 'load_weather_data_to_db', 'manual__2026-01-16T06:09:01.672356+00:00', '--job-id', '10', '--raw', '--subdir', 'DAGS_FOLDER/weather_scheduler.py', '--cfg-path', '/tmp/tmpq61p1n0p']
[2026-01-16T06:09:14.383+0000] {standard_task_runner.py:85} INFO - Job 10: Subtask load_weather_data_to_db
[2026-01-16T06:09:14.472+0000] {task_command.py:415} INFO - Running <TaskInstance: weather_data_pipeline.load_weather_data_to_db manual__2026-01-16T06:09:01.672356+00:00 [running]> on host 5f9f65985556
[2026-01-16T06:09:14.636+0000] {taskinstance.py:1660} INFO - Exporting env vars: AIRFLOW_CTX_DAG_OWNER='pangorin' AIRFLOW_CTX_DAG_ID='weather_data_pipeline' AIRFLOW_CTX_TASK_ID='load_weather_data_to_db' AIRFLOW_CTX_EXECUTION_DATE='2026-01-16T06:09:01.672356+00:00' AIRFLOW_CTX_TRY_NUMBER='1' AIRFLOW_CTX_DAG_RUN_ID='manual__2026-01-16T06:09:01.672356+00:00'
[2026-01-16T06:09:14.640+0000] {subprocess.py:63} INFO - Tmp dir root location: /tmp
[2026-01-16T06:09:14.642+0000] {subprocess.py:75} INFO - Running command: ['/bin/bash', '-c', 'python /opt/***/scripts/load.py']
[2026-01-16T06:09:14.655+0000] {subprocess.py:86} INFO - Output:
[2026-01-16T06:09:16.745+0000] {subprocess.py:93} INFO - Starting load process...
[2026-01-16T06:09:16.747+0000] {subprocess.py:93} INFO - Searching for files at: /opt/***/data/processed/processed_weather_*.csv
[2026-01-16T06:09:16.749+0000] {subprocess.py:93} INFO - Found latest data file: /opt/***/data/processed/processed_weather_data_20260116_060912.csv
[2026-01-16T06:09:16.752+0000] {subprocess.py:93} INFO - Successfully connected to MySQL database.
[2026-01-16T06:09:16.755+0000] {subprocess.py:93} INFO - --------------------------------------------------
[2026-01-16T06:09:16.758+0000] {subprocess.py:93} INFO - Successfully loaded 130 records into the weather_readings.
[2026-01-16T06:09:16.931+0000] {subprocess.py:97} INFO - Command exited with return code 0
[2026-01-16T06:09:16.984+0000] {taskinstance.py:1398} INFO - Marking task as SUCCESS. dag_id=weather_data_pipeline, task_id=load_weather_data_to_db, execution_date=20260116T060901, start_date=20260116T060914, end_date=20260116T060916
[2026-01-16T06:09:17.018+0000] {local_task_job_runner.py:228} INFO - Task exited with return code 0
[2026-01-16T06:09:17.063+0000] {taskinstance.py:2776} INFO - 0 downstream tasks scheduled from follow-on schedule check
