[2026-01-16T06:06:46.087+0000] {taskinstance.py:1157} INFO - Dependencies all met for dep_context=non-requeueable deps ti=<TaskInstance: weather_data_pipeline.load_weather_data_to_db manual__2026-01-16T06:06:25.499939+00:00 [queued]>
[2026-01-16T06:06:46.119+0000] {taskinstance.py:1157} INFO - Dependencies all met for dep_context=requeueable deps ti=<TaskInstance: weather_data_pipeline.load_weather_data_to_db manual__2026-01-16T06:06:25.499939+00:00 [queued]>
[2026-01-16T06:06:46.122+0000] {taskinstance.py:1359} INFO - Starting attempt 1 of 2
[2026-01-16T06:06:46.170+0000] {taskinstance.py:1380} INFO - Executing <Task(BashOperator): load_weather_data_to_db> on 2026-01-16 06:06:25.499939+00:00
[2026-01-16T06:06:46.182+0000] {standard_task_runner.py:57} INFO - Started process 219 to run task
[2026-01-16T06:06:46.192+0000] {standard_task_runner.py:84} INFO - Running: ['***', 'tasks', 'run', 'weather_data_pipeline', 'load_weather_data_to_db', 'manual__2026-01-16T06:06:25.499939+00:00', '--job-id', '7', '--raw', '--subdir', 'DAGS_FOLDER/weather_scheduler.py', '--cfg-path', '/tmp/tmpipk_i6s7']
[2026-01-16T06:06:46.197+0000] {standard_task_runner.py:85} INFO - Job 7: Subtask load_weather_data_to_db
[2026-01-16T06:06:46.313+0000] {task_command.py:415} INFO - Running <TaskInstance: weather_data_pipeline.load_weather_data_to_db manual__2026-01-16T06:06:25.499939+00:00 [running]> on host 5f9f65985556
[2026-01-16T06:06:46.548+0000] {taskinstance.py:1660} INFO - Exporting env vars: AIRFLOW_CTX_DAG_OWNER='pangorin' AIRFLOW_CTX_DAG_ID='weather_data_pipeline' AIRFLOW_CTX_TASK_ID='load_weather_data_to_db' AIRFLOW_CTX_EXECUTION_DATE='2026-01-16T06:06:25.499939+00:00' AIRFLOW_CTX_TRY_NUMBER='1' AIRFLOW_CTX_DAG_RUN_ID='manual__2026-01-16T06:06:25.499939+00:00'
[2026-01-16T06:06:46.553+0000] {subprocess.py:63} INFO - Tmp dir root location: /tmp
[2026-01-16T06:06:46.561+0000] {subprocess.py:75} INFO - Running command: ['/bin/bash', '-c', 'python /opt/***/scripts/load.py']
[2026-01-16T06:06:46.591+0000] {subprocess.py:86} INFO - Output:
[2026-01-16T06:06:50.482+0000] {subprocess.py:93} INFO - Starting load process...
[2026-01-16T06:06:50.483+0000] {subprocess.py:93} INFO - Searching for files at: /opt/***/data/processed/processed_weather_*.csv
[2026-01-16T06:06:50.486+0000] {subprocess.py:93} INFO - Found latest data file: /opt/***/data/processed/processed_weather_data_20260116_060642.csv
[2026-01-16T06:06:50.490+0000] {subprocess.py:93} INFO - Successfully connected to MySQL database.
[2026-01-16T06:06:50.496+0000] {subprocess.py:93} INFO - --------------------------------------------------
[2026-01-16T06:06:50.497+0000] {subprocess.py:93} INFO - Successfully loaded 120 records into the weather_readings.
[2026-01-16T06:06:50.754+0000] {subprocess.py:97} INFO - Command exited with return code 0
[2026-01-16T06:06:50.820+0000] {taskinstance.py:1398} INFO - Marking task as SUCCESS. dag_id=weather_data_pipeline, task_id=load_weather_data_to_db, execution_date=20260116T060625, start_date=20260116T060646, end_date=20260116T060650
[2026-01-16T06:06:50.887+0000] {local_task_job_runner.py:228} INFO - Task exited with return code 0
[2026-01-16T06:06:50.916+0000] {taskinstance.py:2776} INFO - 0 downstream tasks scheduled from follow-on schedule check
