[2026-01-16T05:38:45.695+0000] {taskinstance.py:1157} INFO - Dependencies all met for dep_context=non-requeueable deps ti=<TaskInstance: weather_data_pipeline.extract_weather_data manual__2026-01-16T05:38:41.918482+00:00 [queued]>
[2026-01-16T05:38:45.715+0000] {taskinstance.py:1157} INFO - Dependencies all met for dep_context=requeueable deps ti=<TaskInstance: weather_data_pipeline.extract_weather_data manual__2026-01-16T05:38:41.918482+00:00 [queued]>
[2026-01-16T05:38:45.716+0000] {taskinstance.py:1359} INFO - Starting attempt 1 of 2
[2026-01-16T05:38:45.747+0000] {taskinstance.py:1380} INFO - Executing <Task(BashOperator): extract_weather_data> on 2026-01-16 05:38:41.918482+00:00
[2026-01-16T05:38:45.757+0000] {standard_task_runner.py:57} INFO - Started process 200 to run task
[2026-01-16T05:38:45.768+0000] {standard_task_runner.py:84} INFO - Running: ['***', 'tasks', 'run', 'weather_data_pipeline', 'extract_weather_data', 'manual__2026-01-16T05:38:41.918482+00:00', '--job-id', '2', '--raw', '--subdir', 'DAGS_FOLDER/weather_scheduler.py', '--cfg-path', '/tmp/tmp8i8bh30o']
[2026-01-16T05:38:45.776+0000] {standard_task_runner.py:85} INFO - Job 2: Subtask extract_weather_data
[2026-01-16T05:38:45.933+0000] {task_command.py:415} INFO - Running <TaskInstance: weather_data_pipeline.extract_weather_data manual__2026-01-16T05:38:41.918482+00:00 [running]> on host d5e9cd3f2712
[2026-01-16T05:38:46.249+0000] {taskinstance.py:1660} INFO - Exporting env vars: AIRFLOW_CTX_DAG_OWNER='pangorin' AIRFLOW_CTX_DAG_ID='weather_data_pipeline' AIRFLOW_CTX_TASK_ID='extract_weather_data' AIRFLOW_CTX_EXECUTION_DATE='2026-01-16T05:38:41.918482+00:00' AIRFLOW_CTX_TRY_NUMBER='1' AIRFLOW_CTX_DAG_RUN_ID='manual__2026-01-16T05:38:41.918482+00:00'
[2026-01-16T05:38:46.256+0000] {subprocess.py:63} INFO - Tmp dir root location: /tmp
[2026-01-16T05:38:46.260+0000] {subprocess.py:75} INFO - Running command: ['/bin/bash', '-c', 'python /opt/***/scripts/extract.py']
[2026-01-16T05:38:46.283+0000] {subprocess.py:86} INFO - Output:
[2026-01-16T05:38:59.782+0000] {subprocess.py:93} INFO - Start extraction process...
[2026-01-16T05:38:59.784+0000] {subprocess.py:93} INFO - Successfully fetched data for {city.strip()} to {filename}
[2026-01-16T05:38:59.786+0000] {subprocess.py:93} INFO - Successfully fetched data for {city.strip()} to {filename}
[2026-01-16T05:38:59.787+0000] {subprocess.py:93} INFO - Successfully fetched data for {city.strip()} to {filename}
[2026-01-16T05:38:59.789+0000] {subprocess.py:93} INFO - Successfully fetched data for {city.strip()} to {filename}
[2026-01-16T05:38:59.790+0000] {subprocess.py:93} INFO - Successfully fetched data for {city.strip()} to {filename}
[2026-01-16T05:38:59.792+0000] {subprocess.py:93} INFO - Successfully fetched data for {city.strip()} to {filename}
[2026-01-16T05:38:59.795+0000] {subprocess.py:93} INFO - Successfully fetched data for {city.strip()} to {filename}
[2026-01-16T05:38:59.797+0000] {subprocess.py:93} INFO - Successfully fetched data for {city.strip()} to {filename}
[2026-01-16T05:38:59.801+0000] {subprocess.py:93} INFO - Successfully fetched data for {city.strip()} to {filename}
[2026-01-16T05:38:59.802+0000] {subprocess.py:93} INFO - Successfully fetched data for {city.strip()} to {filename}
[2026-01-16T05:38:59.858+0000] {subprocess.py:97} INFO - Command exited with return code 0
[2026-01-16T05:38:59.926+0000] {taskinstance.py:1398} INFO - Marking task as SUCCESS. dag_id=weather_data_pipeline, task_id=extract_weather_data, execution_date=20260116T053841, start_date=20260116T053845, end_date=20260116T053859
[2026-01-16T05:38:59.976+0000] {local_task_job_runner.py:228} INFO - Task exited with return code 0
[2026-01-16T05:39:00.028+0000] {taskinstance.py:2776} INFO - 1 downstream tasks scheduled from follow-on schedule check
