[2026-01-15T04:33:06.780+0000] {taskinstance.py:1157} INFO - Dependencies all met for dep_context=non-requeueable deps ti=<TaskInstance: weather_data_pipeline.extract_weather_data manual__2026-01-15T04:33:03.919741+00:00 [queued]>
[2026-01-15T04:33:06.798+0000] {taskinstance.py:1157} INFO - Dependencies all met for dep_context=requeueable deps ti=<TaskInstance: weather_data_pipeline.extract_weather_data manual__2026-01-15T04:33:03.919741+00:00 [queued]>
[2026-01-15T04:33:06.799+0000] {taskinstance.py:1359} INFO - Starting attempt 1 of 2
[2026-01-15T04:33:06.823+0000] {taskinstance.py:1380} INFO - Executing <Task(BashOperator): extract_weather_data> on 2026-01-15 04:33:03.919741+00:00
[2026-01-15T04:33:06.829+0000] {standard_task_runner.py:57} INFO - Started process 225 to run task
[2026-01-15T04:33:06.836+0000] {standard_task_runner.py:84} INFO - Running: ['***', 'tasks', 'run', 'weather_data_pipeline', 'extract_weather_data', 'manual__2026-01-15T04:33:03.919741+00:00', '--job-id', '5', '--raw', '--subdir', 'DAGS_FOLDER/weather_scheduler.py', '--cfg-path', '/tmp/tmpjv9t7ew_']
[2026-01-15T04:33:06.839+0000] {standard_task_runner.py:85} INFO - Job 5: Subtask extract_weather_data
[2026-01-15T04:33:06.927+0000] {task_command.py:415} INFO - Running <TaskInstance: weather_data_pipeline.extract_weather_data manual__2026-01-15T04:33:03.919741+00:00 [running]> on host bd68da24c275
[2026-01-15T04:33:07.077+0000] {taskinstance.py:1660} INFO - Exporting env vars: AIRFLOW_CTX_DAG_OWNER='pangorin' AIRFLOW_CTX_DAG_ID='weather_data_pipeline' AIRFLOW_CTX_TASK_ID='extract_weather_data' AIRFLOW_CTX_EXECUTION_DATE='2026-01-15T04:33:03.919741+00:00' AIRFLOW_CTX_TRY_NUMBER='1' AIRFLOW_CTX_DAG_RUN_ID='manual__2026-01-15T04:33:03.919741+00:00'
[2026-01-15T04:33:07.081+0000] {subprocess.py:63} INFO - Tmp dir root location: /tmp
[2026-01-15T04:33:07.083+0000] {subprocess.py:75} INFO - Running command: ['/bin/bash', '-c', 'python /opt/***/scripts/extract.py']
[2026-01-15T04:33:07.095+0000] {subprocess.py:86} INFO - Output:
[2026-01-15T04:33:11.873+0000] {subprocess.py:93} INFO - Start extraction process...
[2026-01-15T04:33:11.875+0000] {subprocess.py:93} INFO - Successfully fetched data for {city.strip()} to {filename}
[2026-01-15T04:33:11.877+0000] {subprocess.py:93} INFO - Successfully fetched data for {city.strip()} to {filename}
[2026-01-15T04:33:11.879+0000] {subprocess.py:93} INFO - Successfully fetched data for {city.strip()} to {filename}
[2026-01-15T04:33:11.881+0000] {subprocess.py:93} INFO - Successfully fetched data for {city.strip()} to {filename}
[2026-01-15T04:33:11.882+0000] {subprocess.py:93} INFO - Successfully fetched data for {city.strip()} to {filename}
[2026-01-15T04:33:11.884+0000] {subprocess.py:93} INFO - Successfully fetched data for {city.strip()} to {filename}
[2026-01-15T04:33:11.892+0000] {subprocess.py:93} INFO - Successfully fetched data for {city.strip()} to {filename}
[2026-01-15T04:33:11.893+0000] {subprocess.py:93} INFO - Successfully fetched data for {city.strip()} to {filename}
[2026-01-15T04:33:11.895+0000] {subprocess.py:93} INFO - Successfully fetched data for {city.strip()} to {filename}
[2026-01-15T04:33:11.898+0000] {subprocess.py:93} INFO - Successfully fetched data for {city.strip()} to {filename}
[2026-01-15T04:33:11.931+0000] {subprocess.py:97} INFO - Command exited with return code 0
[2026-01-15T04:33:11.994+0000] {taskinstance.py:1398} INFO - Marking task as SUCCESS. dag_id=weather_data_pipeline, task_id=extract_weather_data, execution_date=20260115T043303, start_date=20260115T043306, end_date=20260115T043311
[2026-01-15T04:33:12.068+0000] {local_task_job_runner.py:228} INFO - Task exited with return code 0
[2026-01-15T04:33:12.148+0000] {taskinstance.py:2776} INFO - 0 downstream tasks scheduled from follow-on schedule check
