[2026-01-16T05:26:31.398+0000] {taskinstance.py:1157} INFO - Dependencies all met for dep_context=non-requeueable deps ti=<TaskInstance: weather_data_pipeline.extract_weather_data scheduled__2026-01-13T00:00:00+00:00 [queued]>
[2026-01-16T05:26:31.435+0000] {taskinstance.py:1157} INFO - Dependencies all met for dep_context=requeueable deps ti=<TaskInstance: weather_data_pipeline.extract_weather_data scheduled__2026-01-13T00:00:00+00:00 [queued]>
[2026-01-16T05:26:31.438+0000] {taskinstance.py:1359} INFO - Starting attempt 1 of 2
[2026-01-16T05:26:31.477+0000] {taskinstance.py:1380} INFO - Executing <Task(BashOperator): extract_weather_data> on 2026-01-13 00:00:00+00:00
[2026-01-16T05:26:31.496+0000] {standard_task_runner.py:57} INFO - Started process 257 to run task
[2026-01-16T05:26:31.517+0000] {standard_task_runner.py:84} INFO - Running: ['***', 'tasks', 'run', 'weather_data_pipeline', 'extract_weather_data', 'scheduled__2026-01-13T00:00:00+00:00', '--job-id', '18', '--raw', '--subdir', 'DAGS_FOLDER/weather_scheduler.py', '--cfg-path', '/tmp/tmpa3d97ex0']
[2026-01-16T05:26:31.522+0000] {standard_task_runner.py:85} INFO - Job 18: Subtask extract_weather_data
[2026-01-16T05:26:31.676+0000] {task_command.py:415} INFO - Running <TaskInstance: weather_data_pipeline.extract_weather_data scheduled__2026-01-13T00:00:00+00:00 [running]> on host 84a850d23116
[2026-01-16T05:26:31.936+0000] {taskinstance.py:1660} INFO - Exporting env vars: AIRFLOW_CTX_DAG_OWNER='pangorin' AIRFLOW_CTX_DAG_ID='weather_data_pipeline' AIRFLOW_CTX_TASK_ID='extract_weather_data' AIRFLOW_CTX_EXECUTION_DATE='2026-01-13T00:00:00+00:00' AIRFLOW_CTX_TRY_NUMBER='1' AIRFLOW_CTX_DAG_RUN_ID='scheduled__2026-01-13T00:00:00+00:00'
[2026-01-16T05:26:31.958+0000] {subprocess.py:63} INFO - Tmp dir root location: /tmp
[2026-01-16T05:26:31.961+0000] {subprocess.py:75} INFO - Running command: ['/bin/bash', '-c', 'python /opt/***/scripts/extract.py']
[2026-01-16T05:26:31.984+0000] {subprocess.py:86} INFO - Output:
[2026-01-16T05:26:35.215+0000] {subprocess.py:93} INFO - Start extraction process...
[2026-01-16T05:26:35.218+0000] {subprocess.py:93} INFO - Successfully fetched data for {city.strip()} to {filename}
[2026-01-16T05:26:35.219+0000] {subprocess.py:93} INFO - Successfully fetched data for {city.strip()} to {filename}
[2026-01-16T05:26:35.222+0000] {subprocess.py:93} INFO - Successfully fetched data for {city.strip()} to {filename}
[2026-01-16T05:26:35.225+0000] {subprocess.py:93} INFO - Successfully fetched data for {city.strip()} to {filename}
[2026-01-16T05:26:35.227+0000] {subprocess.py:93} INFO - Successfully fetched data for {city.strip()} to {filename}
[2026-01-16T05:26:35.228+0000] {subprocess.py:93} INFO - Successfully fetched data for {city.strip()} to {filename}
[2026-01-16T05:26:35.231+0000] {subprocess.py:93} INFO - Successfully fetched data for {city.strip()} to {filename}
[2026-01-16T05:26:35.234+0000] {subprocess.py:93} INFO - Successfully fetched data for {city.strip()} to {filename}
[2026-01-16T05:26:35.235+0000] {subprocess.py:93} INFO - Successfully fetched data for {city.strip()} to {filename}
[2026-01-16T05:26:35.239+0000] {subprocess.py:93} INFO - Successfully fetched data for {city.strip()} to {filename}
[2026-01-16T05:26:35.280+0000] {subprocess.py:97} INFO - Command exited with return code 0
[2026-01-16T05:26:35.375+0000] {taskinstance.py:1398} INFO - Marking task as SUCCESS. dag_id=weather_data_pipeline, task_id=extract_weather_data, execution_date=20260113T000000, start_date=20260116T052631, end_date=20260116T052635
[2026-01-16T05:26:35.453+0000] {local_task_job_runner.py:228} INFO - Task exited with return code 0
[2026-01-16T05:26:35.514+0000] {taskinstance.py:2776} INFO - 1 downstream tasks scheduled from follow-on schedule check
[2026-01-16T05:38:45.696+0000] {taskinstance.py:1157} INFO - Dependencies all met for dep_context=non-requeueable deps ti=<TaskInstance: weather_data_pipeline.extract_weather_data scheduled__2026-01-13T00:00:00+00:00 [queued]>
[2026-01-16T05:38:45.716+0000] {taskinstance.py:1157} INFO - Dependencies all met for dep_context=requeueable deps ti=<TaskInstance: weather_data_pipeline.extract_weather_data scheduled__2026-01-13T00:00:00+00:00 [queued]>
[2026-01-16T05:38:45.718+0000] {taskinstance.py:1359} INFO - Starting attempt 1 of 2
[2026-01-16T05:38:45.745+0000] {taskinstance.py:1380} INFO - Executing <Task(BashOperator): extract_weather_data> on 2026-01-13 00:00:00+00:00
[2026-01-16T05:38:45.756+0000] {standard_task_runner.py:57} INFO - Started process 199 to run task
[2026-01-16T05:38:45.765+0000] {standard_task_runner.py:84} INFO - Running: ['***', 'tasks', 'run', 'weather_data_pipeline', 'extract_weather_data', 'scheduled__2026-01-13T00:00:00+00:00', '--job-id', '3', '--raw', '--subdir', 'DAGS_FOLDER/weather_scheduler.py', '--cfg-path', '/tmp/tmp975uvk2g']
[2026-01-16T05:38:45.773+0000] {standard_task_runner.py:85} INFO - Job 3: Subtask extract_weather_data
[2026-01-16T05:38:45.943+0000] {task_command.py:415} INFO - Running <TaskInstance: weather_data_pipeline.extract_weather_data scheduled__2026-01-13T00:00:00+00:00 [running]> on host d5e9cd3f2712
[2026-01-16T05:38:46.249+0000] {taskinstance.py:1660} INFO - Exporting env vars: AIRFLOW_CTX_DAG_OWNER='pangorin' AIRFLOW_CTX_DAG_ID='weather_data_pipeline' AIRFLOW_CTX_TASK_ID='extract_weather_data' AIRFLOW_CTX_EXECUTION_DATE='2026-01-13T00:00:00+00:00' AIRFLOW_CTX_TRY_NUMBER='1' AIRFLOW_CTX_DAG_RUN_ID='scheduled__2026-01-13T00:00:00+00:00'
[2026-01-16T05:38:46.256+0000] {subprocess.py:63} INFO - Tmp dir root location: /tmp
[2026-01-16T05:38:46.258+0000] {subprocess.py:75} INFO - Running command: ['/bin/bash', '-c', 'python /opt/***/scripts/extract.py']
[2026-01-16T05:38:46.283+0000] {subprocess.py:86} INFO - Output:
[2026-01-16T05:38:59.791+0000] {subprocess.py:93} INFO - Start extraction process...
[2026-01-16T05:38:59.796+0000] {subprocess.py:93} INFO - Successfully fetched data for {city.strip()} to {filename}
[2026-01-16T05:38:59.799+0000] {subprocess.py:93} INFO - Successfully fetched data for {city.strip()} to {filename}
[2026-01-16T05:38:59.802+0000] {subprocess.py:93} INFO - Successfully fetched data for {city.strip()} to {filename}
[2026-01-16T05:38:59.806+0000] {subprocess.py:93} INFO - Successfully fetched data for {city.strip()} to {filename}
[2026-01-16T05:38:59.807+0000] {subprocess.py:93} INFO - Successfully fetched data for {city.strip()} to {filename}
[2026-01-16T05:38:59.809+0000] {subprocess.py:93} INFO - Successfully fetched data for {city.strip()} to {filename}
[2026-01-16T05:38:59.811+0000] {subprocess.py:93} INFO - Successfully fetched data for {city.strip()} to {filename}
[2026-01-16T05:38:59.814+0000] {subprocess.py:93} INFO - Successfully fetched data for {city.strip()} to {filename}
[2026-01-16T05:38:59.816+0000] {subprocess.py:93} INFO - Successfully fetched data for {city.strip()} to {filename}
[2026-01-16T05:38:59.818+0000] {subprocess.py:93} INFO - Successfully fetched data for {city.strip()} to {filename}
[2026-01-16T05:38:59.853+0000] {subprocess.py:97} INFO - Command exited with return code 0
[2026-01-16T05:38:59.920+0000] {taskinstance.py:1398} INFO - Marking task as SUCCESS. dag_id=weather_data_pipeline, task_id=extract_weather_data, execution_date=20260113T000000, start_date=20260116T053845, end_date=20260116T053859
[2026-01-16T05:38:59.980+0000] {local_task_job_runner.py:228} INFO - Task exited with return code 0
[2026-01-16T05:39:00.037+0000] {taskinstance.py:2776} INFO - 1 downstream tasks scheduled from follow-on schedule check
[2026-01-16T05:53:59.178+0000] {taskinstance.py:1157} INFO - Dependencies all met for dep_context=non-requeueable deps ti=<TaskInstance: weather_data_pipeline.extract_weather_data scheduled__2026-01-13T00:00:00+00:00 [queued]>
[2026-01-16T05:53:59.198+0000] {taskinstance.py:1157} INFO - Dependencies all met for dep_context=requeueable deps ti=<TaskInstance: weather_data_pipeline.extract_weather_data scheduled__2026-01-13T00:00:00+00:00 [queued]>
[2026-01-16T05:53:59.200+0000] {taskinstance.py:1359} INFO - Starting attempt 1 of 2
[2026-01-16T05:53:59.225+0000] {taskinstance.py:1380} INFO - Executing <Task(BashOperator): extract_weather_data> on 2026-01-13 00:00:00+00:00
[2026-01-16T05:53:59.236+0000] {standard_task_runner.py:57} INFO - Started process 205 to run task
[2026-01-16T05:53:59.247+0000] {standard_task_runner.py:84} INFO - Running: ['***', 'tasks', 'run', 'weather_data_pipeline', 'extract_weather_data', 'scheduled__2026-01-13T00:00:00+00:00', '--job-id', '2', '--raw', '--subdir', 'DAGS_FOLDER/weather_scheduler.py', '--cfg-path', '/tmp/tmpdeggdp23']
[2026-01-16T05:53:59.254+0000] {standard_task_runner.py:85} INFO - Job 2: Subtask extract_weather_data
[2026-01-16T05:53:59.415+0000] {task_command.py:415} INFO - Running <TaskInstance: weather_data_pipeline.extract_weather_data scheduled__2026-01-13T00:00:00+00:00 [running]> on host 7eba5050a014
[2026-01-16T05:53:59.598+0000] {taskinstance.py:1660} INFO - Exporting env vars: AIRFLOW_CTX_DAG_OWNER='pangorin' AIRFLOW_CTX_DAG_ID='weather_data_pipeline' AIRFLOW_CTX_TASK_ID='extract_weather_data' AIRFLOW_CTX_EXECUTION_DATE='2026-01-13T00:00:00+00:00' AIRFLOW_CTX_TRY_NUMBER='1' AIRFLOW_CTX_DAG_RUN_ID='scheduled__2026-01-13T00:00:00+00:00'
[2026-01-16T05:53:59.608+0000] {subprocess.py:63} INFO - Tmp dir root location: /tmp
[2026-01-16T05:53:59.611+0000] {subprocess.py:75} INFO - Running command: ['/bin/bash', '-c', 'python /opt/***/scripts/extract.py']
[2026-01-16T05:53:59.628+0000] {subprocess.py:86} INFO - Output:
[2026-01-16T05:54:02.973+0000] {subprocess.py:93} INFO - Start extraction process...
[2026-01-16T05:54:02.975+0000] {subprocess.py:93} INFO - Successfully fetched data for {city.strip()} to {filename}
[2026-01-16T05:54:02.977+0000] {subprocess.py:93} INFO - Successfully fetched data for {city.strip()} to {filename}
[2026-01-16T05:54:02.980+0000] {subprocess.py:93} INFO - Successfully fetched data for {city.strip()} to {filename}
[2026-01-16T05:54:02.985+0000] {subprocess.py:93} INFO - Successfully fetched data for {city.strip()} to {filename}
[2026-01-16T05:54:02.990+0000] {subprocess.py:93} INFO - Successfully fetched data for {city.strip()} to {filename}
[2026-01-16T05:54:02.992+0000] {subprocess.py:93} INFO - Successfully fetched data for {city.strip()} to {filename}
[2026-01-16T05:54:02.995+0000] {subprocess.py:93} INFO - Successfully fetched data for {city.strip()} to {filename}
[2026-01-16T05:54:03.003+0000] {subprocess.py:93} INFO - Successfully fetched data for {city.strip()} to {filename}
[2026-01-16T05:54:03.006+0000] {subprocess.py:93} INFO - Successfully fetched data for {city.strip()} to {filename}
[2026-01-16T05:54:03.008+0000] {subprocess.py:93} INFO - Successfully fetched data for {city.strip()} to {filename}
[2026-01-16T05:54:03.048+0000] {subprocess.py:97} INFO - Command exited with return code 0
[2026-01-16T05:54:03.137+0000] {taskinstance.py:1398} INFO - Marking task as SUCCESS. dag_id=weather_data_pipeline, task_id=extract_weather_data, execution_date=20260113T000000, start_date=20260116T055359, end_date=20260116T055403
[2026-01-16T05:54:03.217+0000] {local_task_job_runner.py:228} INFO - Task exited with return code 0
[2026-01-16T05:54:03.284+0000] {taskinstance.py:2776} INFO - 1 downstream tasks scheduled from follow-on schedule check
[2026-01-16T06:06:29.428+0000] {taskinstance.py:1157} INFO - Dependencies all met for dep_context=non-requeueable deps ti=<TaskInstance: weather_data_pipeline.extract_weather_data scheduled__2026-01-13T00:00:00+00:00 [queued]>
[2026-01-16T06:06:29.452+0000] {taskinstance.py:1157} INFO - Dependencies all met for dep_context=requeueable deps ti=<TaskInstance: weather_data_pipeline.extract_weather_data scheduled__2026-01-13T00:00:00+00:00 [queued]>
[2026-01-16T06:06:29.454+0000] {taskinstance.py:1359} INFO - Starting attempt 1 of 2
[2026-01-16T06:06:29.498+0000] {taskinstance.py:1380} INFO - Executing <Task(BashOperator): extract_weather_data> on 2026-01-13 00:00:00+00:00
[2026-01-16T06:06:29.519+0000] {standard_task_runner.py:57} INFO - Started process 199 to run task
[2026-01-16T06:06:29.537+0000] {standard_task_runner.py:84} INFO - Running: ['***', 'tasks', 'run', 'weather_data_pipeline', 'extract_weather_data', 'scheduled__2026-01-13T00:00:00+00:00', '--job-id', '3', '--raw', '--subdir', 'DAGS_FOLDER/weather_scheduler.py', '--cfg-path', '/tmp/tmpgoseaj2n']
[2026-01-16T06:06:29.550+0000] {standard_task_runner.py:85} INFO - Job 3: Subtask extract_weather_data
[2026-01-16T06:06:29.782+0000] {task_command.py:415} INFO - Running <TaskInstance: weather_data_pipeline.extract_weather_data scheduled__2026-01-13T00:00:00+00:00 [running]> on host 5f9f65985556
[2026-01-16T06:06:30.155+0000] {taskinstance.py:1660} INFO - Exporting env vars: AIRFLOW_CTX_DAG_OWNER='pangorin' AIRFLOW_CTX_DAG_ID='weather_data_pipeline' AIRFLOW_CTX_TASK_ID='extract_weather_data' AIRFLOW_CTX_EXECUTION_DATE='2026-01-13T00:00:00+00:00' AIRFLOW_CTX_TRY_NUMBER='1' AIRFLOW_CTX_DAG_RUN_ID='scheduled__2026-01-13T00:00:00+00:00'
[2026-01-16T06:06:30.170+0000] {subprocess.py:63} INFO - Tmp dir root location: /tmp
[2026-01-16T06:06:30.171+0000] {subprocess.py:75} INFO - Running command: ['/bin/bash', '-c', 'python /opt/***/scripts/extract.py']
[2026-01-16T06:06:30.190+0000] {subprocess.py:86} INFO - Output:
[2026-01-16T06:06:36.271+0000] {subprocess.py:93} INFO - Start extraction process...
[2026-01-16T06:06:36.273+0000] {subprocess.py:93} INFO - Successfully fetched data for {city.strip()} to {filename}
[2026-01-16T06:06:36.275+0000] {subprocess.py:93} INFO - Successfully fetched data for {city.strip()} to {filename}
[2026-01-16T06:06:36.276+0000] {subprocess.py:93} INFO - Successfully fetched data for {city.strip()} to {filename}
[2026-01-16T06:06:36.279+0000] {subprocess.py:93} INFO - Successfully fetched data for {city.strip()} to {filename}
[2026-01-16T06:06:36.281+0000] {subprocess.py:93} INFO - Successfully fetched data for {city.strip()} to {filename}
[2026-01-16T06:06:36.283+0000] {subprocess.py:93} INFO - Successfully fetched data for {city.strip()} to {filename}
[2026-01-16T06:06:36.285+0000] {subprocess.py:93} INFO - Successfully fetched data for {city.strip()} to {filename}
[2026-01-16T06:06:36.286+0000] {subprocess.py:93} INFO - Successfully fetched data for {city.strip()} to {filename}
[2026-01-16T06:06:36.288+0000] {subprocess.py:93} INFO - Successfully fetched data for {city.strip()} to {filename}
[2026-01-16T06:06:36.292+0000] {subprocess.py:93} INFO - Successfully fetched data for {city.strip()} to {filename}
[2026-01-16T06:06:36.325+0000] {subprocess.py:97} INFO - Command exited with return code 0
[2026-01-16T06:06:36.388+0000] {taskinstance.py:1398} INFO - Marking task as SUCCESS. dag_id=weather_data_pipeline, task_id=extract_weather_data, execution_date=20260113T000000, start_date=20260116T060629, end_date=20260116T060636
[2026-01-16T06:06:36.450+0000] {local_task_job_runner.py:228} INFO - Task exited with return code 0
[2026-01-16T06:06:36.507+0000] {taskinstance.py:2776} INFO - 1 downstream tasks scheduled from follow-on schedule check
