[2026-01-16T05:26:31.393+0000] {taskinstance.py:1157} INFO - Dependencies all met for dep_context=non-requeueable deps ti=<TaskInstance: weather_data_pipeline.transform_weather_data manual__2026-01-15T18:17:49.258249+00:00 [queued]>
[2026-01-16T05:26:31.428+0000] {taskinstance.py:1157} INFO - Dependencies all met for dep_context=requeueable deps ti=<TaskInstance: weather_data_pipeline.transform_weather_data manual__2026-01-15T18:17:49.258249+00:00 [queued]>
[2026-01-16T05:26:31.434+0000] {taskinstance.py:1359} INFO - Starting attempt 2 of 2
[2026-01-16T05:26:31.476+0000] {taskinstance.py:1380} INFO - Executing <Task(BashOperator): transform_weather_data> on 2026-01-15 18:17:49.258249+00:00
[2026-01-16T05:26:31.495+0000] {standard_task_runner.py:57} INFO - Started process 258 to run task
[2026-01-16T05:26:31.515+0000] {standard_task_runner.py:84} INFO - Running: ['***', 'tasks', 'run', 'weather_data_pipeline', 'transform_weather_data', 'manual__2026-01-15T18:17:49.258249+00:00', '--job-id', '17', '--raw', '--subdir', 'DAGS_FOLDER/weather_scheduler.py', '--cfg-path', '/tmp/tmputm9s7yj']
[2026-01-16T05:26:31.523+0000] {standard_task_runner.py:85} INFO - Job 17: Subtask transform_weather_data
[2026-01-16T05:26:31.686+0000] {task_command.py:415} INFO - Running <TaskInstance: weather_data_pipeline.transform_weather_data manual__2026-01-15T18:17:49.258249+00:00 [running]> on host 84a850d23116
[2026-01-16T05:26:31.948+0000] {taskinstance.py:1660} INFO - Exporting env vars: AIRFLOW_CTX_DAG_OWNER='pangorin' AIRFLOW_CTX_DAG_ID='weather_data_pipeline' AIRFLOW_CTX_TASK_ID='transform_weather_data' AIRFLOW_CTX_EXECUTION_DATE='2026-01-15T18:17:49.258249+00:00' AIRFLOW_CTX_TRY_NUMBER='2' AIRFLOW_CTX_DAG_RUN_ID='manual__2026-01-15T18:17:49.258249+00:00'
[2026-01-16T05:26:31.958+0000] {subprocess.py:63} INFO - Tmp dir root location: /tmp
[2026-01-16T05:26:31.960+0000] {subprocess.py:75} INFO - Running command: ['/bin/bash', '-c', 'python /opt/***/scripts/transform.py']
[2026-01-16T05:26:31.981+0000] {subprocess.py:86} INFO - Output:
[2026-01-16T05:26:34.321+0000] {subprocess.py:93} INFO - Starting transformation process...
[2026-01-16T05:26:34.321+0000] {subprocess.py:93} INFO - Successfully processed Sydney_20260115_045507.json
[2026-01-16T05:26:34.325+0000] {subprocess.py:93} INFO - Successfully processed Munich_20260116_052633.json
[2026-01-16T05:26:34.327+0000] {subprocess.py:93} INFO - Successfully processed Munich_20260115_043309.json
[2026-01-16T05:26:34.329+0000] {subprocess.py:93} INFO - Successfully processed London_20260115_181754.json
[2026-01-16T05:26:34.332+0000] {subprocess.py:93} INFO - Successfully processed Nurburg_20260115_181754.json
[2026-01-16T05:26:34.333+0000] {subprocess.py:93} INFO - Successfully processed London_20260115_093150.json
[2026-01-16T05:26:34.336+0000] {subprocess.py:93} INFO - Successfully processed Paris_20260115_044904.json
[2026-01-16T05:26:34.337+0000] {subprocess.py:93} INFO - Successfully processed Sydney_20260115_043221.json
[2026-01-16T05:26:34.340+0000] {subprocess.py:93} INFO - Successfully processed New York_20260115_045506.json
[2026-01-16T05:26:34.346+0000] {subprocess.py:93} INFO - Successfully processed Los Angeles_20260115_045506.json
[2026-01-16T05:26:34.347+0000] {subprocess.py:93} INFO - Successfully processed Tokyo_20260115_044909.json
[2026-01-16T05:26:34.348+0000] {subprocess.py:93} INFO - Successfully processed Sydney_20260115_044910.json
[2026-01-16T05:26:34.348+0000] {subprocess.py:93} INFO - Successfully processed Los Angeles_20260115_044907.json
[2026-01-16T05:26:34.349+0000] {subprocess.py:93} INFO - Successfully processed Los Angeles_20260115_043219.json
[2026-01-16T05:26:34.350+0000] {subprocess.py:93} INFO - Successfully processed Ho Chi Minh City_20260115_045504.json
[2026-01-16T05:26:34.352+0000] {subprocess.py:93} INFO - Successfully processed Los Angeles_20260115_181755.json
[2026-01-16T05:26:34.354+0000] {subprocess.py:93} INFO - Successfully processed London_20260115_043310.json
[2026-01-16T05:26:34.357+0000] {subprocess.py:93} INFO - Successfully processed Nurburg_20260115_043217.json
[2026-01-16T05:26:34.363+0000] {subprocess.py:93} INFO - Successfully processed Nurburg_20260116_052634.json
[2026-01-16T05:26:34.365+0000] {subprocess.py:93} INFO - Successfully processed Tokyo_20260115_043311.json
[2026-01-16T05:26:34.367+0000] {subprocess.py:93} INFO - Successfully processed Ho Chi Minh City_20260115_043308.json
[2026-01-16T05:26:34.368+0000] {subprocess.py:93} INFO - Successfully processed Munich_20260115_044902.json
[2026-01-16T05:26:34.369+0000] {subprocess.py:93} INFO - Successfully processed Paris_20260115_045505.json
[2026-01-16T05:26:34.369+0000] {subprocess.py:93} INFO - Successfully processed Hanoi_20260115_045503.json
[2026-01-16T05:26:34.370+0000] {subprocess.py:93} INFO - Successfully processed Nurburg_20260115_045504.json
[2026-01-16T05:26:34.371+0000] {subprocess.py:93} INFO - Successfully processed Munich_20260115_181754.json
[2026-01-16T05:26:34.372+0000] {subprocess.py:93} INFO - Successfully processed Tokyo_20260115_043221.json
[2026-01-16T05:26:34.373+0000] {subprocess.py:93} INFO - Successfully processed Ho Chi Minh City_20260115_043216.json
[2026-01-16T05:26:34.376+0000] {subprocess.py:93} INFO - Successfully processed Sydney_20260115_093151.json
[2026-01-16T05:26:34.377+0000] {subprocess.py:93} INFO - Successfully processed New York_20260115_043310.json
[2026-01-16T05:26:34.380+0000] {subprocess.py:93} INFO - Successfully processed Ho Chi Minh City_20260116_052633.json
[2026-01-16T05:26:34.382+0000] {subprocess.py:93} INFO - Successfully processed New York_20260115_043219.json
[2026-01-16T05:26:34.384+0000] {subprocess.py:93} INFO - Successfully processed Nurburg_20260115_093149.json
[2026-01-16T05:26:34.387+0000] {subprocess.py:93} INFO - Successfully processed New York_20260115_044906.json
[2026-01-16T05:26:34.389+0000] {subprocess.py:93} INFO - Successfully processed Sydney_20260115_181755.json
[2026-01-16T05:26:34.390+0000] {subprocess.py:93} INFO - Successfully processed Hanoi_20260115_181754.json
[2026-01-16T05:26:34.394+0000] {subprocess.py:93} INFO - Successfully processed Ho Chi Minh City_20260115_181754.json
[2026-01-16T05:26:34.396+0000] {subprocess.py:93} INFO - Successfully processed Tokyo_20260115_181755.json
[2026-01-16T05:26:34.401+0000] {subprocess.py:93} INFO - Successfully processed Ho Chi Minh City_20260115_044901.json
[2026-01-16T05:26:34.403+0000] {subprocess.py:93} INFO - Successfully processed New York_20260115_093150.json
[2026-01-16T05:26:34.404+0000] {subprocess.py:93} INFO - Successfully processed Paris_20260115_093149.json
[2026-01-16T05:26:34.405+0000] {subprocess.py:93} INFO - Successfully processed Tokyo_20260115_045506.json
[2026-01-16T05:26:34.409+0000] {subprocess.py:93} INFO - Successfully processed Sydney_20260115_043311.json
[2026-01-16T05:26:34.411+0000] {subprocess.py:93} INFO - Successfully processed Ho Chi Minh City_20260115_093149.json
[2026-01-16T05:26:34.414+0000] {subprocess.py:93} INFO - Successfully processed Los Angeles_20260115_043311.json
[2026-01-16T05:26:34.416+0000] {subprocess.py:93} INFO - Successfully processed New York_20260115_181755.json
[2026-01-16T05:26:34.417+0000] {subprocess.py:93} INFO - Successfully processed Hanoi_20260116_052633.json
[2026-01-16T05:26:34.421+0000] {subprocess.py:93} INFO - Successfully processed Munich_20260115_043217.json
[2026-01-16T05:26:34.422+0000] {subprocess.py:93} INFO - Successfully processed Hanoi_20260115_043216.json
[2026-01-16T05:26:34.429+0000] {subprocess.py:93} INFO - Successfully processed Paris_20260115_043309.json
[2026-01-16T05:26:34.430+0000] {subprocess.py:93} INFO - Successfully processed London_20260115_044905.json
[2026-01-16T05:26:34.431+0000] {subprocess.py:93} INFO - Successfully processed London_20260115_043218.json
[2026-01-16T05:26:34.433+0000] {subprocess.py:93} INFO - Successfully processed Munich_20260115_045504.json
[2026-01-16T05:26:34.435+0000] {subprocess.py:93} INFO - Successfully processed Tokyo_20260115_093151.json
[2026-01-16T05:26:34.437+0000] {subprocess.py:93} INFO - Successfully processed London_20260115_045505.json
[2026-01-16T05:26:34.439+0000] {subprocess.py:93} INFO - Successfully processed Hanoi_20260115_093148.json
[2026-01-16T05:26:34.441+0000] {subprocess.py:93} INFO - Successfully processed Nurburg_20260115_044904.json
[2026-01-16T05:26:34.443+0000] {subprocess.py:93} INFO - Successfully processed Hanoi_20260115_044900.json
[2026-01-16T05:26:34.445+0000] {subprocess.py:93} INFO - Successfully processed Nurburg_20260115_043309.json
[2026-01-16T05:26:34.447+0000] {subprocess.py:93} INFO - Successfully processed Munich_20260115_093149.json
[2026-01-16T05:26:34.448+0000] {subprocess.py:93} INFO - Successfully processed Los Angeles_20260115_093151.json
[2026-01-16T05:26:34.451+0000] {subprocess.py:93} INFO - Successfully processed Hanoi_20260115_043308.json
[2026-01-16T05:26:34.452+0000] {subprocess.py:93} INFO - Successfully processed Paris_20260115_181754.json
[2026-01-16T05:26:34.455+0000] {subprocess.py:93} INFO - Successfully processed Paris_20260115_043218.json
[2026-01-16T05:26:34.461+0000] {subprocess.py:93} INFO - Traceback (most recent call last):
[2026-01-16T05:26:34.463+0000] {subprocess.py:93} INFO -   File "/opt/***/scripts/transform.py", line 112, in <module>
[2026-01-16T05:26:34.468+0000] {subprocess.py:93} INFO -     run()
[2026-01-16T05:26:34.471+0000] {subprocess.py:93} INFO -   File "/opt/***/scripts/transform.py", line 103, in run
[2026-01-16T05:26:34.474+0000] {subprocess.py:93} INFO -     df.to_csv(output_path, index=False)
[2026-01-16T05:26:34.477+0000] {subprocess.py:93} INFO -   File "/home/***/.local/lib/python3.9/site-packages/pandas/core/generic.py", line 3902, in to_csv
[2026-01-16T05:26:34.483+0000] {subprocess.py:93} INFO -     return DataFrameRenderer(formatter).to_csv(
[2026-01-16T05:26:34.486+0000] {subprocess.py:93} INFO -   File "/home/***/.local/lib/python3.9/site-packages/pandas/io/formats/format.py", line 1152, in to_csv
[2026-01-16T05:26:34.488+0000] {subprocess.py:93} INFO -     csv_formatter.save()
[2026-01-16T05:26:34.492+0000] {subprocess.py:93} INFO -   File "/home/***/.local/lib/python3.9/site-packages/pandas/io/formats/csvs.py", line 247, in save
[2026-01-16T05:26:34.497+0000] {subprocess.py:93} INFO -     with get_handle(
[2026-01-16T05:26:34.499+0000] {subprocess.py:93} INFO -   File "/home/***/.local/lib/python3.9/site-packages/pandas/io/common.py", line 739, in get_handle
[2026-01-16T05:26:34.502+0000] {subprocess.py:93} INFO -     check_parent_directory(str(handle))
[2026-01-16T05:26:34.504+0000] {subprocess.py:93} INFO -   File "/home/***/.local/lib/python3.9/site-packages/pandas/io/common.py", line 604, in check_parent_directory
[2026-01-16T05:26:34.505+0000] {subprocess.py:93} INFO -     raise OSError(rf"Cannot save file into a non-existent directory: '{parent}'")
[2026-01-16T05:26:34.507+0000] {subprocess.py:93} INFO - OSError: Cannot save file into a non-existent directory: '/opt/***/scripts/data/processed'
[2026-01-16T05:26:34.548+0000] {subprocess.py:97} INFO - Command exited with return code 1
[2026-01-16T05:26:34.590+0000] {taskinstance.py:1935} ERROR - Task failed with exception
Traceback (most recent call last):
  File "/home/airflow/.local/lib/python3.9/site-packages/airflow/operators/bash.py", line 210, in execute
    raise AirflowException(
airflow.exceptions.AirflowException: Bash command failed. The command returned a non-zero exit code 1.
[2026-01-16T05:26:34.600+0000] {taskinstance.py:1398} INFO - Marking task as FAILED. dag_id=weather_data_pipeline, task_id=transform_weather_data, execution_date=20260115T181749, start_date=20260116T052631, end_date=20260116T052634
[2026-01-16T05:26:34.638+0000] {standard_task_runner.py:104} ERROR - Failed to execute job 17 for task transform_weather_data (Bash command failed. The command returned a non-zero exit code 1.; 258)
[2026-01-16T05:26:34.679+0000] {local_task_job_runner.py:228} INFO - Task exited with return code 1
[2026-01-16T05:26:34.789+0000] {taskinstance.py:2776} INFO - 0 downstream tasks scheduled from follow-on schedule check
