[2026-01-15T18:17:57.589+0000] {taskinstance.py:1157} INFO - Dependencies all met for dep_context=non-requeueable deps ti=<TaskInstance: weather_data_pipeline.transform_weather_data manual__2026-01-15T18:17:49.258249+00:00 [queued]>
[2026-01-15T18:17:57.609+0000] {taskinstance.py:1157} INFO - Dependencies all met for dep_context=requeueable deps ti=<TaskInstance: weather_data_pipeline.transform_weather_data manual__2026-01-15T18:17:49.258249+00:00 [queued]>
[2026-01-15T18:17:57.609+0000] {taskinstance.py:1359} INFO - Starting attempt 1 of 2
[2026-01-15T18:17:57.637+0000] {taskinstance.py:1380} INFO - Executing <Task(BashOperator): transform_weather_data> on 2026-01-15 18:17:49.258249+00:00
[2026-01-15T18:17:57.646+0000] {standard_task_runner.py:57} INFO - Started process 218 to run task
[2026-01-15T18:17:57.651+0000] {standard_task_runner.py:84} INFO - Running: ['***', 'tasks', 'run', 'weather_data_pipeline', 'transform_weather_data', 'manual__2026-01-15T18:17:49.258249+00:00', '--job-id', '16', '--raw', '--subdir', 'DAGS_FOLDER/weather_scheduler.py', '--cfg-path', '/tmp/tmp29k0nqfs']
[2026-01-15T18:17:57.655+0000] {standard_task_runner.py:85} INFO - Job 16: Subtask transform_weather_data
[2026-01-15T18:17:57.768+0000] {task_command.py:415} INFO - Running <TaskInstance: weather_data_pipeline.transform_weather_data manual__2026-01-15T18:17:49.258249+00:00 [running]> on host 84a850d23116
[2026-01-15T18:17:57.960+0000] {taskinstance.py:1660} INFO - Exporting env vars: AIRFLOW_CTX_DAG_OWNER='pangorin' AIRFLOW_CTX_DAG_ID='weather_data_pipeline' AIRFLOW_CTX_TASK_ID='transform_weather_data' AIRFLOW_CTX_EXECUTION_DATE='2026-01-15T18:17:49.258249+00:00' AIRFLOW_CTX_TRY_NUMBER='1' AIRFLOW_CTX_DAG_RUN_ID='manual__2026-01-15T18:17:49.258249+00:00'
[2026-01-15T18:17:57.963+0000] {subprocess.py:63} INFO - Tmp dir root location: /tmp
[2026-01-15T18:17:57.966+0000] {subprocess.py:75} INFO - Running command: ['/bin/bash', '-c', 'python /opt/***/scripts/transform.py']
[2026-01-15T18:17:57.980+0000] {subprocess.py:86} INFO - Output:
[2026-01-15T18:17:59.466+0000] {subprocess.py:93} INFO - Starting transformation process...
[2026-01-15T18:17:59.468+0000] {subprocess.py:93} INFO - Successfully processed Sydney_20260115_045507.json
[2026-01-15T18:17:59.469+0000] {subprocess.py:93} INFO - Successfully processed Munich_20260115_043309.json
[2026-01-15T18:17:59.471+0000] {subprocess.py:93} INFO - Successfully processed London_20260115_181754.json
[2026-01-15T18:17:59.472+0000] {subprocess.py:93} INFO - Successfully processed Nurburg_20260115_181754.json
[2026-01-15T18:17:59.474+0000] {subprocess.py:93} INFO - Successfully processed London_20260115_093150.json
[2026-01-15T18:17:59.476+0000] {subprocess.py:93} INFO - Successfully processed Paris_20260115_044904.json
[2026-01-15T18:17:59.477+0000] {subprocess.py:93} INFO - Successfully processed Sydney_20260115_043221.json
[2026-01-15T18:17:59.478+0000] {subprocess.py:93} INFO - Successfully processed New York_20260115_045506.json
[2026-01-15T18:17:59.480+0000] {subprocess.py:93} INFO - Successfully processed Los Angeles_20260115_045506.json
[2026-01-15T18:17:59.481+0000] {subprocess.py:93} INFO - Successfully processed Tokyo_20260115_044909.json
[2026-01-15T18:17:59.483+0000] {subprocess.py:93} INFO - Successfully processed Sydney_20260115_044910.json
[2026-01-15T18:17:59.485+0000] {subprocess.py:93} INFO - Successfully processed Los Angeles_20260115_044907.json
[2026-01-15T18:17:59.486+0000] {subprocess.py:93} INFO - Successfully processed Los Angeles_20260115_043219.json
[2026-01-15T18:17:59.488+0000] {subprocess.py:93} INFO - Successfully processed Ho Chi Minh City_20260115_045504.json
[2026-01-15T18:17:59.489+0000] {subprocess.py:93} INFO - Successfully processed Los Angeles_20260115_181755.json
[2026-01-15T18:17:59.491+0000] {subprocess.py:93} INFO - Successfully processed London_20260115_043310.json
[2026-01-15T18:17:59.492+0000] {subprocess.py:93} INFO - Successfully processed Nurburg_20260115_043217.json
[2026-01-15T18:17:59.494+0000] {subprocess.py:93} INFO - Successfully processed Tokyo_20260115_043311.json
[2026-01-15T18:17:59.495+0000] {subprocess.py:93} INFO - Successfully processed Ho Chi Minh City_20260115_043308.json
[2026-01-15T18:17:59.496+0000] {subprocess.py:93} INFO - Successfully processed Munich_20260115_044902.json
[2026-01-15T18:17:59.497+0000] {subprocess.py:93} INFO - Successfully processed Paris_20260115_045505.json
[2026-01-15T18:17:59.499+0000] {subprocess.py:93} INFO - Successfully processed Hanoi_20260115_045503.json
[2026-01-15T18:17:59.500+0000] {subprocess.py:93} INFO - Successfully processed Nurburg_20260115_045504.json
[2026-01-15T18:17:59.502+0000] {subprocess.py:93} INFO - Successfully processed Munich_20260115_181754.json
[2026-01-15T18:17:59.503+0000] {subprocess.py:93} INFO - Successfully processed Tokyo_20260115_043221.json
[2026-01-15T18:17:59.505+0000] {subprocess.py:93} INFO - Successfully processed Ho Chi Minh City_20260115_043216.json
[2026-01-15T18:17:59.507+0000] {subprocess.py:93} INFO - Successfully processed Sydney_20260115_093151.json
[2026-01-15T18:17:59.510+0000] {subprocess.py:93} INFO - Successfully processed New York_20260115_043310.json
[2026-01-15T18:17:59.512+0000] {subprocess.py:93} INFO - Successfully processed New York_20260115_043219.json
[2026-01-15T18:17:59.514+0000] {subprocess.py:93} INFO - Successfully processed Nurburg_20260115_093149.json
[2026-01-15T18:17:59.515+0000] {subprocess.py:93} INFO - Successfully processed New York_20260115_044906.json
[2026-01-15T18:17:59.516+0000] {subprocess.py:93} INFO - Successfully processed Sydney_20260115_181755.json
[2026-01-15T18:17:59.517+0000] {subprocess.py:93} INFO - Successfully processed Hanoi_20260115_181754.json
[2026-01-15T18:17:59.518+0000] {subprocess.py:93} INFO - Successfully processed Ho Chi Minh City_20260115_181754.json
[2026-01-15T18:17:59.520+0000] {subprocess.py:93} INFO - Successfully processed Tokyo_20260115_181755.json
[2026-01-15T18:17:59.521+0000] {subprocess.py:93} INFO - Successfully processed Ho Chi Minh City_20260115_044901.json
[2026-01-15T18:17:59.523+0000] {subprocess.py:93} INFO - Successfully processed New York_20260115_093150.json
[2026-01-15T18:17:59.525+0000] {subprocess.py:93} INFO - Successfully processed Paris_20260115_093149.json
[2026-01-15T18:17:59.527+0000] {subprocess.py:93} INFO - Successfully processed Tokyo_20260115_045506.json
[2026-01-15T18:17:59.528+0000] {subprocess.py:93} INFO - Successfully processed Sydney_20260115_043311.json
[2026-01-15T18:17:59.530+0000] {subprocess.py:93} INFO - Successfully processed Ho Chi Minh City_20260115_093149.json
[2026-01-15T18:17:59.531+0000] {subprocess.py:93} INFO - Successfully processed Los Angeles_20260115_043311.json
[2026-01-15T18:17:59.533+0000] {subprocess.py:93} INFO - Successfully processed New York_20260115_181755.json
[2026-01-15T18:17:59.534+0000] {subprocess.py:93} INFO - Successfully processed Munich_20260115_043217.json
[2026-01-15T18:17:59.536+0000] {subprocess.py:93} INFO - Successfully processed Hanoi_20260115_043216.json
[2026-01-15T18:17:59.538+0000] {subprocess.py:93} INFO - Successfully processed Paris_20260115_043309.json
[2026-01-15T18:17:59.539+0000] {subprocess.py:93} INFO - Successfully processed London_20260115_044905.json
[2026-01-15T18:17:59.540+0000] {subprocess.py:93} INFO - Successfully processed London_20260115_043218.json
[2026-01-15T18:17:59.543+0000] {subprocess.py:93} INFO - Successfully processed Munich_20260115_045504.json
[2026-01-15T18:17:59.545+0000] {subprocess.py:93} INFO - Successfully processed Tokyo_20260115_093151.json
[2026-01-15T18:17:59.546+0000] {subprocess.py:93} INFO - Successfully processed London_20260115_045505.json
[2026-01-15T18:17:59.550+0000] {subprocess.py:93} INFO - Successfully processed Hanoi_20260115_093148.json
[2026-01-15T18:17:59.551+0000] {subprocess.py:93} INFO - Successfully processed Nurburg_20260115_044904.json
[2026-01-15T18:17:59.552+0000] {subprocess.py:93} INFO - Successfully processed Hanoi_20260115_044900.json
[2026-01-15T18:17:59.554+0000] {subprocess.py:93} INFO - Successfully processed Nurburg_20260115_043309.json
[2026-01-15T18:17:59.557+0000] {subprocess.py:93} INFO - Successfully processed Munich_20260115_093149.json
[2026-01-15T18:17:59.560+0000] {subprocess.py:93} INFO - Successfully processed Los Angeles_20260115_093151.json
[2026-01-15T18:17:59.561+0000] {subprocess.py:93} INFO - Successfully processed Hanoi_20260115_043308.json
[2026-01-15T18:17:59.562+0000] {subprocess.py:93} INFO - Successfully processed Paris_20260115_181754.json
[2026-01-15T18:17:59.564+0000] {subprocess.py:93} INFO - Successfully processed Paris_20260115_043218.json
[2026-01-15T18:17:59.566+0000] {subprocess.py:93} INFO - Traceback (most recent call last):
[2026-01-15T18:17:59.567+0000] {subprocess.py:93} INFO -   File "/opt/***/scripts/transform.py", line 112, in <module>
[2026-01-15T18:17:59.569+0000] {subprocess.py:93} INFO -     run()
[2026-01-15T18:17:59.570+0000] {subprocess.py:93} INFO -   File "/opt/***/scripts/transform.py", line 103, in run
[2026-01-15T18:17:59.571+0000] {subprocess.py:93} INFO -     df.to_csv(output_path, index=False)
[2026-01-15T18:17:59.573+0000] {subprocess.py:93} INFO -   File "/home/***/.local/lib/python3.9/site-packages/pandas/core/generic.py", line 3902, in to_csv
[2026-01-15T18:17:59.574+0000] {subprocess.py:93} INFO -     return DataFrameRenderer(formatter).to_csv(
[2026-01-15T18:17:59.577+0000] {subprocess.py:93} INFO -   File "/home/***/.local/lib/python3.9/site-packages/pandas/io/formats/format.py", line 1152, in to_csv
[2026-01-15T18:17:59.579+0000] {subprocess.py:93} INFO -     csv_formatter.save()
[2026-01-15T18:17:59.581+0000] {subprocess.py:93} INFO -   File "/home/***/.local/lib/python3.9/site-packages/pandas/io/formats/csvs.py", line 247, in save
[2026-01-15T18:17:59.583+0000] {subprocess.py:93} INFO -     with get_handle(
[2026-01-15T18:17:59.585+0000] {subprocess.py:93} INFO -   File "/home/***/.local/lib/python3.9/site-packages/pandas/io/common.py", line 739, in get_handle
[2026-01-15T18:17:59.587+0000] {subprocess.py:93} INFO -     check_parent_directory(str(handle))
[2026-01-15T18:17:59.588+0000] {subprocess.py:93} INFO -   File "/home/***/.local/lib/python3.9/site-packages/pandas/io/common.py", line 604, in check_parent_directory
[2026-01-15T18:17:59.591+0000] {subprocess.py:93} INFO -     raise OSError(rf"Cannot save file into a non-existent directory: '{parent}'")
[2026-01-15T18:17:59.593+0000] {subprocess.py:93} INFO - OSError: Cannot save file into a non-existent directory: '/opt/***/scripts/data/processed'
[2026-01-15T18:17:59.627+0000] {subprocess.py:97} INFO - Command exited with return code 1
[2026-01-15T18:17:59.648+0000] {taskinstance.py:1935} ERROR - Task failed with exception
Traceback (most recent call last):
  File "/home/airflow/.local/lib/python3.9/site-packages/airflow/operators/bash.py", line 210, in execute
    raise AirflowException(
airflow.exceptions.AirflowException: Bash command failed. The command returned a non-zero exit code 1.
[2026-01-15T18:17:59.657+0000] {taskinstance.py:1398} INFO - Marking task as UP_FOR_RETRY. dag_id=weather_data_pipeline, task_id=transform_weather_data, execution_date=20260115T181749, start_date=20260115T181757, end_date=20260115T181759
[2026-01-15T18:17:59.703+0000] {standard_task_runner.py:104} ERROR - Failed to execute job 16 for task transform_weather_data (Bash command failed. The command returned a non-zero exit code 1.; 218)
[2026-01-15T18:17:59.721+0000] {local_task_job_runner.py:228} INFO - Task exited with return code 1
[2026-01-15T18:17:59.761+0000] {taskinstance.py:2776} INFO - 0 downstream tasks scheduled from follow-on schedule check
