[2026-01-15T04:32:14.046+0000] {taskinstance.py:1157} INFO - Dependencies all met for dep_context=non-requeueable deps ti=<TaskInstance: weather_data_pipeline.extract_weather_data scheduled__2026-01-10T00:00:00+00:00 [queued]>
[2026-01-15T04:32:14.064+0000] {taskinstance.py:1157} INFO - Dependencies all met for dep_context=requeueable deps ti=<TaskInstance: weather_data_pipeline.extract_weather_data scheduled__2026-01-10T00:00:00+00:00 [queued]>
[2026-01-15T04:32:14.066+0000] {taskinstance.py:1359} INFO - Starting attempt 1 of 2
[2026-01-15T04:32:14.099+0000] {taskinstance.py:1380} INFO - Executing <Task(BashOperator): extract_weather_data> on 2026-01-10 00:00:00+00:00
[2026-01-15T04:32:14.107+0000] {standard_task_runner.py:57} INFO - Started process 198 to run task
[2026-01-15T04:32:14.113+0000] {standard_task_runner.py:84} INFO - Running: ['***', 'tasks', 'run', 'weather_data_pipeline', 'extract_weather_data', 'scheduled__2026-01-10T00:00:00+00:00', '--job-id', '2', '--raw', '--subdir', 'DAGS_FOLDER/weather_scheduler.py', '--cfg-path', '/tmp/tmprjrqj2u1']
[2026-01-15T04:32:14.120+0000] {standard_task_runner.py:85} INFO - Job 2: Subtask extract_weather_data
[2026-01-15T04:32:14.234+0000] {task_command.py:415} INFO - Running <TaskInstance: weather_data_pipeline.extract_weather_data scheduled__2026-01-10T00:00:00+00:00 [running]> on host bd68da24c275
[2026-01-15T04:32:14.624+0000] {taskinstance.py:1660} INFO - Exporting env vars: AIRFLOW_CTX_DAG_OWNER='pangorin' AIRFLOW_CTX_DAG_ID='weather_data_pipeline' AIRFLOW_CTX_TASK_ID='extract_weather_data' AIRFLOW_CTX_EXECUTION_DATE='2026-01-10T00:00:00+00:00' AIRFLOW_CTX_TRY_NUMBER='1' AIRFLOW_CTX_DAG_RUN_ID='scheduled__2026-01-10T00:00:00+00:00'
[2026-01-15T04:32:14.635+0000] {subprocess.py:63} INFO - Tmp dir root location: /tmp
[2026-01-15T04:32:14.637+0000] {subprocess.py:75} INFO - Running command: ['/bin/bash', '-c', 'python /opt/***/scripts/extract.py']
[2026-01-15T04:32:14.652+0000] {subprocess.py:86} INFO - Output:
[2026-01-15T04:32:21.559+0000] {subprocess.py:93} INFO - Start extraction process...
[2026-01-15T04:32:21.560+0000] {subprocess.py:93} INFO - Successfully fetched data for {city.strip()} to {filename}
[2026-01-15T04:32:21.561+0000] {subprocess.py:93} INFO - Successfully fetched data for {city.strip()} to {filename}
[2026-01-15T04:32:21.562+0000] {subprocess.py:93} INFO - Successfully fetched data for {city.strip()} to {filename}
[2026-01-15T04:32:21.563+0000] {subprocess.py:93} INFO - Successfully fetched data for {city.strip()} to {filename}
[2026-01-15T04:32:21.565+0000] {subprocess.py:93} INFO - Successfully fetched data for {city.strip()} to {filename}
[2026-01-15T04:32:21.566+0000] {subprocess.py:93} INFO - Successfully fetched data for {city.strip()} to {filename}
[2026-01-15T04:32:21.568+0000] {subprocess.py:93} INFO - Successfully fetched data for {city.strip()} to {filename}
[2026-01-15T04:32:21.569+0000] {subprocess.py:93} INFO - Successfully fetched data for {city.strip()} to {filename}
[2026-01-15T04:32:21.570+0000] {subprocess.py:93} INFO - Successfully fetched data for {city.strip()} to {filename}
[2026-01-15T04:32:21.572+0000] {subprocess.py:93} INFO - Successfully fetched data for {city.strip()} to {filename}
[2026-01-15T04:32:21.604+0000] {subprocess.py:97} INFO - Command exited with return code 0
[2026-01-15T04:32:21.653+0000] {taskinstance.py:1398} INFO - Marking task as SUCCESS. dag_id=weather_data_pipeline, task_id=extract_weather_data, execution_date=20260110T000000, start_date=20260115T043214, end_date=20260115T043221
[2026-01-15T04:32:21.684+0000] {local_task_job_runner.py:228} INFO - Task exited with return code 0
[2026-01-15T04:32:21.728+0000] {taskinstance.py:2776} INFO - 1 downstream tasks scheduled from follow-on schedule check
