[2026-01-15T04:33:13.536+0000] {taskinstance.py:1157} INFO - Dependencies all met for dep_context=non-requeueable deps ti=<TaskInstance: weather_data_pipeline.transform_weather_data manual__2026-01-15T04:33:03.919741+00:00 [queued]>
[2026-01-15T04:33:13.554+0000] {taskinstance.py:1157} INFO - Dependencies all met for dep_context=requeueable deps ti=<TaskInstance: weather_data_pipeline.transform_weather_data manual__2026-01-15T04:33:03.919741+00:00 [queued]>
[2026-01-15T04:33:13.555+0000] {taskinstance.py:1359} INFO - Starting attempt 1 of 2
[2026-01-15T04:33:13.578+0000] {taskinstance.py:1380} INFO - Executing <Task(BashOperator): transform_weather_data> on 2026-01-15 04:33:03.919741+00:00
[2026-01-15T04:33:13.587+0000] {standard_task_runner.py:57} INFO - Started process 228 to run task
[2026-01-15T04:33:13.593+0000] {standard_task_runner.py:84} INFO - Running: ['***', 'tasks', 'run', 'weather_data_pipeline', 'transform_weather_data', 'manual__2026-01-15T04:33:03.919741+00:00', '--job-id', '6', '--raw', '--subdir', 'DAGS_FOLDER/weather_scheduler.py', '--cfg-path', '/tmp/tmprthp27p2']
[2026-01-15T04:33:13.597+0000] {standard_task_runner.py:85} INFO - Job 6: Subtask transform_weather_data
[2026-01-15T04:33:13.693+0000] {task_command.py:415} INFO - Running <TaskInstance: weather_data_pipeline.transform_weather_data manual__2026-01-15T04:33:03.919741+00:00 [running]> on host bd68da24c275
[2026-01-15T04:33:13.847+0000] {taskinstance.py:1660} INFO - Exporting env vars: AIRFLOW_CTX_DAG_OWNER='pangorin' AIRFLOW_CTX_DAG_ID='weather_data_pipeline' AIRFLOW_CTX_TASK_ID='transform_weather_data' AIRFLOW_CTX_EXECUTION_DATE='2026-01-15T04:33:03.919741+00:00' AIRFLOW_CTX_TRY_NUMBER='1' AIRFLOW_CTX_DAG_RUN_ID='manual__2026-01-15T04:33:03.919741+00:00'
[2026-01-15T04:33:13.851+0000] {subprocess.py:63} INFO - Tmp dir root location: /tmp
[2026-01-15T04:33:13.853+0000] {subprocess.py:75} INFO - Running command: ['/bin/bash', '-c', 'python /opt/***/scripts/transform.py']
[2026-01-15T04:33:13.868+0000] {subprocess.py:86} INFO - Output:
[2026-01-15T04:33:15.301+0000] {subprocess.py:93} INFO - Starting transformation process...
[2026-01-15T04:33:15.303+0000] {subprocess.py:93} INFO - Successfully processed Munich_20260115_043309.json
[2026-01-15T04:33:15.304+0000] {subprocess.py:93} INFO - Successfully processed London_20260115_093150.json
[2026-01-15T04:33:15.305+0000] {subprocess.py:93} INFO - Successfully processed Sydney_20260115_043221.json
[2026-01-15T04:33:15.306+0000] {subprocess.py:93} INFO - Successfully processed Los Angeles_20260115_043219.json
[2026-01-15T04:33:15.307+0000] {subprocess.py:93} INFO - Successfully processed London_20260115_043310.json
[2026-01-15T04:33:15.308+0000] {subprocess.py:93} INFO - Successfully processed Nurburg_20260115_043217.json
[2026-01-15T04:33:15.309+0000] {subprocess.py:93} INFO - Successfully processed Tokyo_20260115_043311.json
[2026-01-15T04:33:15.310+0000] {subprocess.py:93} INFO - Successfully processed Ho Chi Minh City_20260115_043308.json
[2026-01-15T04:33:15.311+0000] {subprocess.py:93} INFO - Successfully processed Tokyo_20260115_043221.json
[2026-01-15T04:33:15.313+0000] {subprocess.py:93} INFO - Successfully processed Ho Chi Minh City_20260115_043216.json
[2026-01-15T04:33:15.314+0000] {subprocess.py:93} INFO - Successfully processed Sydney_20260115_093151.json
[2026-01-15T04:33:15.315+0000] {subprocess.py:93} INFO - Successfully processed New York_20260115_043310.json
[2026-01-15T04:33:15.317+0000] {subprocess.py:93} INFO - Successfully processed New York_20260115_043219.json
[2026-01-15T04:33:15.318+0000] {subprocess.py:93} INFO - Successfully processed Nurburg_20260115_093149.json
[2026-01-15T04:33:15.319+0000] {subprocess.py:93} INFO - Successfully processed New York_20260115_093150.json
[2026-01-15T04:33:15.320+0000] {subprocess.py:93} INFO - Successfully processed Paris_20260115_093149.json
[2026-01-15T04:33:15.321+0000] {subprocess.py:93} INFO - Successfully processed Sydney_20260115_043311.json
[2026-01-15T04:33:15.322+0000] {subprocess.py:93} INFO - Successfully processed Ho Chi Minh City_20260115_093149.json
[2026-01-15T04:33:15.323+0000] {subprocess.py:93} INFO - Successfully processed Los Angeles_20260115_043311.json
[2026-01-15T04:33:15.324+0000] {subprocess.py:93} INFO - Successfully processed Munich_20260115_043217.json
[2026-01-15T04:33:15.325+0000] {subprocess.py:93} INFO - Successfully processed Hanoi_20260115_043216.json
[2026-01-15T04:33:15.326+0000] {subprocess.py:93} INFO - Successfully processed Paris_20260115_043309.json
[2026-01-15T04:33:15.328+0000] {subprocess.py:93} INFO - Successfully processed London_20260115_043218.json
[2026-01-15T04:33:15.329+0000] {subprocess.py:93} INFO - Successfully processed Tokyo_20260115_093151.json
[2026-01-15T04:33:15.330+0000] {subprocess.py:93} INFO - Successfully processed Hanoi_20260115_093148.json
[2026-01-15T04:33:15.331+0000] {subprocess.py:93} INFO - Successfully processed Nurburg_20260115_043309.json
[2026-01-15T04:33:15.332+0000] {subprocess.py:93} INFO - Successfully processed Munich_20260115_093149.json
[2026-01-15T04:33:15.332+0000] {subprocess.py:93} INFO - Successfully processed Los Angeles_20260115_093151.json
[2026-01-15T04:33:15.334+0000] {subprocess.py:93} INFO - Successfully processed Hanoi_20260115_043308.json
[2026-01-15T04:33:15.335+0000] {subprocess.py:93} INFO - Successfully processed Paris_20260115_043218.json
[2026-01-15T04:33:15.336+0000] {subprocess.py:93} INFO - --------------------------------------------------
[2026-01-15T04:33:15.337+0000] {subprocess.py:93} INFO - Transformation completed. Processed 30 records.
[2026-01-15T04:33:15.339+0000] {subprocess.py:93} INFO - Cleaned data saved to: /opt/***/data/processed/processed_weather_data.csv
[2026-01-15T04:33:15.340+0000] {subprocess.py:93} INFO - Preview data:
[2026-01-15T04:33:15.342+0000] {subprocess.py:93} INFO -           city        timestamp_utc  ...  wind_speed_ms  weather_description
[2026-01-15T04:33:15.343+0000] {subprocess.py:93} INFO - 0       Munich  2026-01-15 04:32:16  ...           0.45      overcast clouds
[2026-01-15T04:33:15.345+0000] {subprocess.py:93} INFO - 1       London  2026-01-15 02:21:58  ...           4.02     scattered clouds
[2026-01-15T04:33:15.346+0000] {subprocess.py:93} INFO - 2       Sydney  2026-01-15 04:21:15  ...           9.77        broken clouds
[2026-01-15T04:33:15.347+0000] {subprocess.py:93} INFO - 3  Los Angeles  2026-01-15 04:30:23  ...           2.06            clear sky
[2026-01-15T04:33:15.348+0000] {subprocess.py:93} INFO - 4       London  2026-01-15 04:32:13  ...           2.06        broken clouds
[2026-01-15T04:33:15.350+0000] {subprocess.py:93} INFO - 
[2026-01-15T04:33:15.351+0000] {subprocess.py:93} INFO - [5 rows x 7 columns]
[2026-01-15T04:33:15.416+0000] {subprocess.py:97} INFO - Command exited with return code 0
[2026-01-15T04:33:15.466+0000] {taskinstance.py:1398} INFO - Marking task as SUCCESS. dag_id=weather_data_pipeline, task_id=transform_weather_data, execution_date=20260115T043303, start_date=20260115T043313, end_date=20260115T043315
[2026-01-15T04:33:15.495+0000] {local_task_job_runner.py:228} INFO - Task exited with return code 0
[2026-01-15T04:33:15.531+0000] {taskinstance.py:2776} INFO - 1 downstream tasks scheduled from follow-on schedule check
