[2026-01-15T04:32:24.149+0000] {taskinstance.py:1157} INFO - Dependencies all met for dep_context=non-requeueable deps ti=<TaskInstance: weather_data_pipeline.transform_weather_data scheduled__2026-01-10T00:00:00+00:00 [queued]>
[2026-01-15T04:32:24.165+0000] {taskinstance.py:1157} INFO - Dependencies all met for dep_context=requeueable deps ti=<TaskInstance: weather_data_pipeline.transform_weather_data scheduled__2026-01-10T00:00:00+00:00 [queued]>
[2026-01-15T04:32:24.165+0000] {taskinstance.py:1359} INFO - Starting attempt 1 of 2
[2026-01-15T04:32:24.191+0000] {taskinstance.py:1380} INFO - Executing <Task(BashOperator): transform_weather_data> on 2026-01-10 00:00:00+00:00
[2026-01-15T04:32:24.198+0000] {standard_task_runner.py:57} INFO - Started process 201 to run task
[2026-01-15T04:32:24.203+0000] {standard_task_runner.py:84} INFO - Running: ['***', 'tasks', 'run', 'weather_data_pipeline', 'transform_weather_data', 'scheduled__2026-01-10T00:00:00+00:00', '--job-id', '3', '--raw', '--subdir', 'DAGS_FOLDER/weather_scheduler.py', '--cfg-path', '/tmp/tmpiuc62g2r']
[2026-01-15T04:32:24.207+0000] {standard_task_runner.py:85} INFO - Job 3: Subtask transform_weather_data
[2026-01-15T04:32:24.290+0000] {task_command.py:415} INFO - Running <TaskInstance: weather_data_pipeline.transform_weather_data scheduled__2026-01-10T00:00:00+00:00 [running]> on host bd68da24c275
[2026-01-15T04:32:24.472+0000] {taskinstance.py:1660} INFO - Exporting env vars: AIRFLOW_CTX_DAG_OWNER='pangorin' AIRFLOW_CTX_DAG_ID='weather_data_pipeline' AIRFLOW_CTX_TASK_ID='transform_weather_data' AIRFLOW_CTX_EXECUTION_DATE='2026-01-10T00:00:00+00:00' AIRFLOW_CTX_TRY_NUMBER='1' AIRFLOW_CTX_DAG_RUN_ID='scheduled__2026-01-10T00:00:00+00:00'
[2026-01-15T04:32:24.475+0000] {subprocess.py:63} INFO - Tmp dir root location: /tmp
[2026-01-15T04:32:24.477+0000] {subprocess.py:75} INFO - Running command: ['/bin/bash', '-c', 'python /opt/***/scripts/transform.py']
[2026-01-15T04:32:24.493+0000] {subprocess.py:86} INFO - Output:
[2026-01-15T04:32:25.950+0000] {subprocess.py:93} INFO - Starting transformation process...
[2026-01-15T04:32:25.951+0000] {subprocess.py:93} INFO - Successfully processed London_20260115_093150.json
[2026-01-15T04:32:25.952+0000] {subprocess.py:93} INFO - Successfully processed Sydney_20260115_043221.json
[2026-01-15T04:32:25.953+0000] {subprocess.py:93} INFO - Successfully processed Los Angeles_20260115_043219.json
[2026-01-15T04:32:25.956+0000] {subprocess.py:93} INFO - Successfully processed Nurburg_20260115_043217.json
[2026-01-15T04:32:25.957+0000] {subprocess.py:93} INFO - Successfully processed Tokyo_20260115_043221.json
[2026-01-15T04:32:25.959+0000] {subprocess.py:93} INFO - Successfully processed Ho Chi Minh City_20260115_043216.json
[2026-01-15T04:32:25.960+0000] {subprocess.py:93} INFO - Successfully processed Sydney_20260115_093151.json
[2026-01-15T04:32:25.961+0000] {subprocess.py:93} INFO - Successfully processed New York_20260115_043219.json
[2026-01-15T04:32:25.962+0000] {subprocess.py:93} INFO - Successfully processed Nurburg_20260115_093149.json
[2026-01-15T04:32:25.964+0000] {subprocess.py:93} INFO - Successfully processed New York_20260115_093150.json
[2026-01-15T04:32:25.965+0000] {subprocess.py:93} INFO - Successfully processed Paris_20260115_093149.json
[2026-01-15T04:32:25.966+0000] {subprocess.py:93} INFO - Successfully processed Ho Chi Minh City_20260115_093149.json
[2026-01-15T04:32:25.967+0000] {subprocess.py:93} INFO - Successfully processed Munich_20260115_043217.json
[2026-01-15T04:32:25.967+0000] {subprocess.py:93} INFO - Successfully processed Hanoi_20260115_043216.json
[2026-01-15T04:32:25.969+0000] {subprocess.py:93} INFO - Successfully processed London_20260115_043218.json
[2026-01-15T04:32:25.970+0000] {subprocess.py:93} INFO - Successfully processed Tokyo_20260115_093151.json
[2026-01-15T04:32:25.971+0000] {subprocess.py:93} INFO - Successfully processed Hanoi_20260115_093148.json
[2026-01-15T04:32:25.972+0000] {subprocess.py:93} INFO - Successfully processed Munich_20260115_093149.json
[2026-01-15T04:32:25.973+0000] {subprocess.py:93} INFO - Successfully processed Los Angeles_20260115_093151.json
[2026-01-15T04:32:25.975+0000] {subprocess.py:93} INFO - Successfully processed Paris_20260115_043218.json
[2026-01-15T04:32:25.976+0000] {subprocess.py:93} INFO - --------------------------------------------------
[2026-01-15T04:32:25.977+0000] {subprocess.py:93} INFO - Transformation completed. Processed 20 records.
[2026-01-15T04:32:25.978+0000] {subprocess.py:93} INFO - Cleaned data saved to: /opt/***/data/processed/processed_weather_data.csv
[2026-01-15T04:32:25.979+0000] {subprocess.py:93} INFO - Preview data:
[2026-01-15T04:32:25.981+0000] {subprocess.py:93} INFO -           city        timestamp_utc  ...  wind_speed_ms  weather_description
[2026-01-15T04:32:25.982+0000] {subprocess.py:93} INFO - 0       London  2026-01-15 02:21:58  ...           4.02     scattered clouds
[2026-01-15T04:32:25.983+0000] {subprocess.py:93} INFO - 1       Sydney  2026-01-15 04:21:15  ...           9.77        broken clouds
[2026-01-15T04:32:25.984+0000] {subprocess.py:93} INFO - 2  Los Angeles  2026-01-15 04:30:23  ...           2.06            clear sky
[2026-01-15T04:32:25.985+0000] {subprocess.py:93} INFO - 3      Nürburg  2026-01-15 04:32:17  ...           5.14                 mist
[2026-01-15T04:32:25.986+0000] {subprocess.py:93} INFO - 4        Tokyo  2026-01-15 04:25:49  ...           3.60        broken clouds
[2026-01-15T04:32:25.988+0000] {subprocess.py:93} INFO - 
[2026-01-15T04:32:25.989+0000] {subprocess.py:93} INFO - [5 rows x 7 columns]
[2026-01-15T04:32:26.068+0000] {subprocess.py:97} INFO - Command exited with return code 0
[2026-01-15T04:32:26.227+0000] {taskinstance.py:1398} INFO - Marking task as SUCCESS. dag_id=weather_data_pipeline, task_id=transform_weather_data, execution_date=20260110T000000, start_date=20260115T043224, end_date=20260115T043226
[2026-01-15T04:32:26.309+0000] {local_task_job_runner.py:228} INFO - Task exited with return code 0
[2026-01-15T04:32:26.368+0000] {taskinstance.py:2776} INFO - 1 downstream tasks scheduled from follow-on schedule check
