[2026-01-15T04:55:02.047+0000] {taskinstance.py:1157} INFO - Dependencies all met for dep_context=non-requeueable deps ti=<TaskInstance: weather_data_pipeline.extract_weather_data manual__2026-01-15T04:54:59.255259+00:00 [queued]>
[2026-01-15T04:55:02.065+0000] {taskinstance.py:1157} INFO - Dependencies all met for dep_context=requeueable deps ti=<TaskInstance: weather_data_pipeline.extract_weather_data manual__2026-01-15T04:54:59.255259+00:00 [queued]>
[2026-01-15T04:55:02.066+0000] {taskinstance.py:1359} INFO - Starting attempt 1 of 2
[2026-01-15T04:55:02.094+0000] {taskinstance.py:1380} INFO - Executing <Task(BashOperator): extract_weather_data> on 2026-01-15 04:54:59.255259+00:00
[2026-01-15T04:55:02.102+0000] {standard_task_runner.py:57} INFO - Started process 474 to run task
[2026-01-15T04:55:02.109+0000] {standard_task_runner.py:84} INFO - Running: ['***', 'tasks', 'run', 'weather_data_pipeline', 'extract_weather_data', 'manual__2026-01-15T04:54:59.255259+00:00', '--job-id', '11', '--raw', '--subdir', 'DAGS_FOLDER/weather_scheduler.py', '--cfg-path', '/tmp/tmpac2fh2t3']
[2026-01-15T04:55:02.113+0000] {standard_task_runner.py:85} INFO - Job 11: Subtask extract_weather_data
[2026-01-15T04:55:02.204+0000] {task_command.py:415} INFO - Running <TaskInstance: weather_data_pipeline.extract_weather_data manual__2026-01-15T04:54:59.255259+00:00 [running]> on host bd68da24c275
[2026-01-15T04:55:02.360+0000] {taskinstance.py:1660} INFO - Exporting env vars: AIRFLOW_CTX_DAG_OWNER='pangorin' AIRFLOW_CTX_DAG_ID='weather_data_pipeline' AIRFLOW_CTX_TASK_ID='extract_weather_data' AIRFLOW_CTX_EXECUTION_DATE='2026-01-15T04:54:59.255259+00:00' AIRFLOW_CTX_TRY_NUMBER='1' AIRFLOW_CTX_DAG_RUN_ID='manual__2026-01-15T04:54:59.255259+00:00'
[2026-01-15T04:55:02.364+0000] {subprocess.py:63} INFO - Tmp dir root location: /tmp
[2026-01-15T04:55:02.366+0000] {subprocess.py:75} INFO - Running command: ['/bin/bash', '-c', 'python /opt/***/scripts/extract.py']
[2026-01-15T04:55:02.378+0000] {subprocess.py:86} INFO - Output:
[2026-01-15T04:55:07.409+0000] {subprocess.py:93} INFO - Start extraction process...
[2026-01-15T04:55:07.411+0000] {subprocess.py:93} INFO - Successfully fetched data for {city.strip()} to {filename}
[2026-01-15T04:55:07.413+0000] {subprocess.py:93} INFO - Successfully fetched data for {city.strip()} to {filename}
[2026-01-15T04:55:07.418+0000] {subprocess.py:93} INFO - Successfully fetched data for {city.strip()} to {filename}
[2026-01-15T04:55:07.420+0000] {subprocess.py:93} INFO - Successfully fetched data for {city.strip()} to {filename}
[2026-01-15T04:55:07.423+0000] {subprocess.py:93} INFO - Successfully fetched data for {city.strip()} to {filename}
[2026-01-15T04:55:07.425+0000] {subprocess.py:93} INFO - Successfully fetched data for {city.strip()} to {filename}
[2026-01-15T04:55:07.427+0000] {subprocess.py:93} INFO - Successfully fetched data for {city.strip()} to {filename}
[2026-01-15T04:55:07.430+0000] {subprocess.py:93} INFO - Successfully fetched data for {city.strip()} to {filename}
[2026-01-15T04:55:07.433+0000] {subprocess.py:93} INFO - Successfully fetched data for {city.strip()} to {filename}
[2026-01-15T04:55:07.434+0000] {subprocess.py:93} INFO - Successfully fetched data for {city.strip()} to {filename}
[2026-01-15T04:55:07.458+0000] {subprocess.py:97} INFO - Command exited with return code 0
[2026-01-15T04:55:07.521+0000] {taskinstance.py:1398} INFO - Marking task as SUCCESS. dag_id=weather_data_pipeline, task_id=extract_weather_data, execution_date=20260115T045459, start_date=20260115T045502, end_date=20260115T045507
[2026-01-15T04:55:07.566+0000] {local_task_job_runner.py:228} INFO - Task exited with return code 0
[2026-01-15T04:55:07.635+0000] {taskinstance.py:2776} INFO - 1 downstream tasks scheduled from follow-on schedule check
