[2026-01-15T04:54:16.086+0000] {taskinstance.py:1157} INFO - Dependencies all met for dep_context=non-requeueable deps ti=<TaskInstance: weather_data_pipeline.transform_weather_data manual__2026-01-15T04:48:54.164282+00:00 [queued]>
[2026-01-15T04:54:16.103+0000] {taskinstance.py:1157} INFO - Dependencies all met for dep_context=requeueable deps ti=<TaskInstance: weather_data_pipeline.transform_weather_data manual__2026-01-15T04:48:54.164282+00:00 [queued]>
[2026-01-15T04:54:16.104+0000] {taskinstance.py:1359} INFO - Starting attempt 2 of 2
[2026-01-15T04:54:16.126+0000] {taskinstance.py:1380} INFO - Executing <Task(BashOperator): transform_weather_data> on 2026-01-15 04:48:54.164282+00:00
[2026-01-15T04:54:16.133+0000] {standard_task_runner.py:57} INFO - Started process 457 to run task
[2026-01-15T04:54:16.140+0000] {standard_task_runner.py:84} INFO - Running: ['***', 'tasks', 'run', 'weather_data_pipeline', 'transform_weather_data', 'manual__2026-01-15T04:48:54.164282+00:00', '--job-id', '10', '--raw', '--subdir', 'DAGS_FOLDER/weather_scheduler.py', '--cfg-path', '/tmp/tmp33bte1yj']
[2026-01-15T04:54:16.144+0000] {standard_task_runner.py:85} INFO - Job 10: Subtask transform_weather_data
[2026-01-15T04:54:16.222+0000] {task_command.py:415} INFO - Running <TaskInstance: weather_data_pipeline.transform_weather_data manual__2026-01-15T04:48:54.164282+00:00 [running]> on host bd68da24c275
[2026-01-15T04:54:16.376+0000] {taskinstance.py:1660} INFO - Exporting env vars: AIRFLOW_CTX_DAG_OWNER='pangorin' AIRFLOW_CTX_DAG_ID='weather_data_pipeline' AIRFLOW_CTX_TASK_ID='transform_weather_data' AIRFLOW_CTX_EXECUTION_DATE='2026-01-15T04:48:54.164282+00:00' AIRFLOW_CTX_TRY_NUMBER='2' AIRFLOW_CTX_DAG_RUN_ID='manual__2026-01-15T04:48:54.164282+00:00'
[2026-01-15T04:54:16.380+0000] {subprocess.py:63} INFO - Tmp dir root location: /tmp
[2026-01-15T04:54:16.382+0000] {subprocess.py:75} INFO - Running command: ['/bin/bash', '-c', 'python /opt/***/scripts/transform.py']
[2026-01-15T04:54:16.397+0000] {subprocess.py:86} INFO - Output:
[2026-01-15T04:54:17.678+0000] {subprocess.py:93} INFO - Starting transformation process...
[2026-01-15T04:54:17.680+0000] {subprocess.py:93} INFO - Successfully processed Munich_20260115_043309.json
[2026-01-15T04:54:17.682+0000] {subprocess.py:93} INFO - Successfully processed London_20260115_093150.json
[2026-01-15T04:54:17.683+0000] {subprocess.py:93} INFO - Successfully processed Paris_20260115_044904.json
[2026-01-15T04:54:17.685+0000] {subprocess.py:93} INFO - Successfully processed Sydney_20260115_043221.json
[2026-01-15T04:54:17.686+0000] {subprocess.py:93} INFO - Successfully processed Tokyo_20260115_044909.json
[2026-01-15T04:54:17.688+0000] {subprocess.py:93} INFO - Successfully processed Sydney_20260115_044910.json
[2026-01-15T04:54:17.689+0000] {subprocess.py:93} INFO - Successfully processed Los Angeles_20260115_044907.json
[2026-01-15T04:54:17.691+0000] {subprocess.py:93} INFO - Successfully processed Los Angeles_20260115_043219.json
[2026-01-15T04:54:17.692+0000] {subprocess.py:93} INFO - Successfully processed London_20260115_043310.json
[2026-01-15T04:54:17.695+0000] {subprocess.py:93} INFO - Successfully processed Nurburg_20260115_043217.json
[2026-01-15T04:54:17.697+0000] {subprocess.py:93} INFO - Successfully processed Tokyo_20260115_043311.json
[2026-01-15T04:54:17.699+0000] {subprocess.py:93} INFO - Successfully processed Ho Chi Minh City_20260115_043308.json
[2026-01-15T04:54:17.700+0000] {subprocess.py:93} INFO - Successfully processed Munich_20260115_044902.json
[2026-01-15T04:54:17.702+0000] {subprocess.py:93} INFO - Successfully processed Tokyo_20260115_043221.json
[2026-01-15T04:54:17.704+0000] {subprocess.py:93} INFO - Successfully processed Ho Chi Minh City_20260115_043216.json
[2026-01-15T04:54:17.706+0000] {subprocess.py:93} INFO - Successfully processed Sydney_20260115_093151.json
[2026-01-15T04:54:17.709+0000] {subprocess.py:93} INFO - Successfully processed New York_20260115_043310.json
[2026-01-15T04:54:17.711+0000] {subprocess.py:93} INFO - Successfully processed New York_20260115_043219.json
[2026-01-15T04:54:17.714+0000] {subprocess.py:93} INFO - Successfully processed Nurburg_20260115_093149.json
[2026-01-15T04:54:17.715+0000] {subprocess.py:93} INFO - Successfully processed New York_20260115_044906.json
[2026-01-15T04:54:17.716+0000] {subprocess.py:93} INFO - Successfully processed Ho Chi Minh City_20260115_044901.json
[2026-01-15T04:54:17.717+0000] {subprocess.py:93} INFO - Successfully processed New York_20260115_093150.json
[2026-01-15T04:54:17.718+0000] {subprocess.py:93} INFO - Successfully processed Paris_20260115_093149.json
[2026-01-15T04:54:17.720+0000] {subprocess.py:93} INFO - Successfully processed Sydney_20260115_043311.json
[2026-01-15T04:54:17.721+0000] {subprocess.py:93} INFO - Successfully processed Ho Chi Minh City_20260115_093149.json
[2026-01-15T04:54:17.723+0000] {subprocess.py:93} INFO - Successfully processed Los Angeles_20260115_043311.json
[2026-01-15T04:54:17.724+0000] {subprocess.py:93} INFO - Successfully processed Munich_20260115_043217.json
[2026-01-15T04:54:17.725+0000] {subprocess.py:93} INFO - Successfully processed Hanoi_20260115_043216.json
[2026-01-15T04:54:17.727+0000] {subprocess.py:93} INFO - Successfully processed Paris_20260115_043309.json
[2026-01-15T04:54:17.728+0000] {subprocess.py:93} INFO - Successfully processed London_20260115_044905.json
[2026-01-15T04:54:17.729+0000] {subprocess.py:93} INFO - Successfully processed London_20260115_043218.json
[2026-01-15T04:54:17.729+0000] {subprocess.py:93} INFO - Successfully processed Tokyo_20260115_093151.json
[2026-01-15T04:54:17.731+0000] {subprocess.py:93} INFO - Successfully processed Hanoi_20260115_093148.json
[2026-01-15T04:54:17.733+0000] {subprocess.py:93} INFO - Successfully processed Nurburg_20260115_044904.json
[2026-01-15T04:54:17.736+0000] {subprocess.py:93} INFO - Successfully processed Hanoi_20260115_044900.json
[2026-01-15T04:54:17.737+0000] {subprocess.py:93} INFO - Successfully processed Nurburg_20260115_043309.json
[2026-01-15T04:54:17.739+0000] {subprocess.py:93} INFO - Successfully processed Munich_20260115_093149.json
[2026-01-15T04:54:17.742+0000] {subprocess.py:93} INFO - Successfully processed Los Angeles_20260115_093151.json
[2026-01-15T04:54:17.744+0000] {subprocess.py:93} INFO - Successfully processed Hanoi_20260115_043308.json
[2026-01-15T04:54:17.746+0000] {subprocess.py:93} INFO - Successfully processed Paris_20260115_043218.json
[2026-01-15T04:54:17.747+0000] {subprocess.py:93} INFO - Traceback (most recent call last):
[2026-01-15T04:54:17.749+0000] {subprocess.py:93} INFO -   File "/opt/***/scripts/transform.py", line 109, in <module>
[2026-01-15T04:54:17.751+0000] {subprocess.py:93} INFO -     run()
[2026-01-15T04:54:17.753+0000] {subprocess.py:93} INFO -   File "/opt/***/scripts/transform.py", line 100, in run
[2026-01-15T04:54:17.756+0000] {subprocess.py:93} INFO -     df.to_csv(output_csv_path, index=False)
[2026-01-15T04:54:17.757+0000] {subprocess.py:93} INFO -   File "/home/***/.local/lib/python3.9/site-packages/pandas/core/generic.py", line 3902, in to_csv
[2026-01-15T04:54:17.759+0000] {subprocess.py:93} INFO -     return DataFrameRenderer(formatter).to_csv(
[2026-01-15T04:54:17.761+0000] {subprocess.py:93} INFO -   File "/home/***/.local/lib/python3.9/site-packages/pandas/io/formats/format.py", line 1152, in to_csv
[2026-01-15T04:54:17.763+0000] {subprocess.py:93} INFO -     csv_formatter.save()
[2026-01-15T04:54:17.765+0000] {subprocess.py:93} INFO -   File "/home/***/.local/lib/python3.9/site-packages/pandas/io/formats/csvs.py", line 247, in save
[2026-01-15T04:54:17.765+0000] {subprocess.py:93} INFO -     with get_handle(
[2026-01-15T04:54:17.767+0000] {subprocess.py:93} INFO -   File "/home/***/.local/lib/python3.9/site-packages/pandas/io/common.py", line 739, in get_handle
[2026-01-15T04:54:17.769+0000] {subprocess.py:93} INFO -     check_parent_directory(str(handle))
[2026-01-15T04:54:17.770+0000] {subprocess.py:93} INFO -   File "/home/***/.local/lib/python3.9/site-packages/pandas/io/common.py", line 604, in check_parent_directory
[2026-01-15T04:54:17.773+0000] {subprocess.py:93} INFO -     raise OSError(rf"Cannot save file into a non-existent directory: '{parent}'")
[2026-01-15T04:54:17.775+0000] {subprocess.py:93} INFO - OSError: Cannot save file into a non-existent directory: 'data/processed'
[2026-01-15T04:54:17.833+0000] {subprocess.py:97} INFO - Command exited with return code 1
[2026-01-15T04:54:17.855+0000] {taskinstance.py:1935} ERROR - Task failed with exception
Traceback (most recent call last):
  File "/home/airflow/.local/lib/python3.9/site-packages/airflow/operators/bash.py", line 210, in execute
    raise AirflowException(
airflow.exceptions.AirflowException: Bash command failed. The command returned a non-zero exit code 1.
[2026-01-15T04:54:17.862+0000] {taskinstance.py:1398} INFO - Marking task as FAILED. dag_id=weather_data_pipeline, task_id=transform_weather_data, execution_date=20260115T044854, start_date=20260115T045416, end_date=20260115T045417
[2026-01-15T04:54:17.909+0000] {standard_task_runner.py:104} ERROR - Failed to execute job 10 for task transform_weather_data (Bash command failed. The command returned a non-zero exit code 1.; 457)
[2026-01-15T04:54:17.961+0000] {local_task_job_runner.py:228} INFO - Task exited with return code 1
[2026-01-15T04:54:18.039+0000] {taskinstance.py:2776} INFO - 0 downstream tasks scheduled from follow-on schedule check
