[2026-01-16T05:31:18.938+0000] {taskinstance.py:1157} INFO - Dependencies all met for dep_context=non-requeueable deps ti=<TaskInstance: weather_data_pipeline.transform_weather_data manual__2026-01-16T05:31:02.294822+00:00 [queued]>
[2026-01-16T05:31:18.954+0000] {taskinstance.py:1157} INFO - Dependencies all met for dep_context=requeueable deps ti=<TaskInstance: weather_data_pipeline.transform_weather_data manual__2026-01-16T05:31:02.294822+00:00 [queued]>
[2026-01-16T05:31:18.955+0000] {taskinstance.py:1359} INFO - Starting attempt 1 of 2
[2026-01-16T05:31:18.977+0000] {taskinstance.py:1380} INFO - Executing <Task(BashOperator): transform_weather_data> on 2026-01-16 05:31:02.294822+00:00
[2026-01-16T05:31:18.983+0000] {standard_task_runner.py:57} INFO - Started process 323 to run task
[2026-01-16T05:31:18.988+0000] {standard_task_runner.py:84} INFO - Running: ['***', 'tasks', 'run', 'weather_data_pipeline', 'transform_weather_data', 'manual__2026-01-16T05:31:02.294822+00:00', '--job-id', '23', '--raw', '--subdir', 'DAGS_FOLDER/weather_scheduler.py', '--cfg-path', '/tmp/tmp_mv61_hk']
[2026-01-16T05:31:18.992+0000] {standard_task_runner.py:85} INFO - Job 23: Subtask transform_weather_data
[2026-01-16T05:31:19.083+0000] {task_command.py:415} INFO - Running <TaskInstance: weather_data_pipeline.transform_weather_data manual__2026-01-16T05:31:02.294822+00:00 [running]> on host 84a850d23116
[2026-01-16T05:31:19.244+0000] {taskinstance.py:1660} INFO - Exporting env vars: AIRFLOW_CTX_DAG_OWNER='pangorin' AIRFLOW_CTX_DAG_ID='weather_data_pipeline' AIRFLOW_CTX_TASK_ID='transform_weather_data' AIRFLOW_CTX_EXECUTION_DATE='2026-01-16T05:31:02.294822+00:00' AIRFLOW_CTX_TRY_NUMBER='1' AIRFLOW_CTX_DAG_RUN_ID='manual__2026-01-16T05:31:02.294822+00:00'
[2026-01-16T05:31:19.248+0000] {subprocess.py:63} INFO - Tmp dir root location: /tmp
[2026-01-16T05:31:19.250+0000] {subprocess.py:75} INFO - Running command: ['/bin/bash', '-c', 'python /opt/***/scripts/transform.py']
[2026-01-16T05:31:19.266+0000] {subprocess.py:86} INFO - Output:
[2026-01-16T05:31:20.617+0000] {subprocess.py:93} INFO - Starting transformation process...
[2026-01-16T05:31:20.619+0000] {subprocess.py:93} INFO - Successfully processed Sydney_20260115_045507.json
[2026-01-16T05:31:20.621+0000] {subprocess.py:93} INFO - Successfully processed Munich_20260116_052633.json
[2026-01-16T05:31:20.625+0000] {subprocess.py:93} INFO - Successfully processed Paris_20260116_053114.json
[2026-01-16T05:31:20.628+0000] {subprocess.py:93} INFO - Successfully processed Paris_20260116_052634.json
[2026-01-16T05:31:20.636+0000] {subprocess.py:93} INFO - Successfully processed Munich_20260115_043309.json
[2026-01-16T05:31:20.638+0000] {subprocess.py:93} INFO - Successfully processed London_20260115_181754.json
[2026-01-16T05:31:20.642+0000] {subprocess.py:93} INFO - Successfully processed Nurburg_20260115_181754.json
[2026-01-16T05:31:20.643+0000] {subprocess.py:93} INFO - Successfully processed London_20260115_093150.json
[2026-01-16T05:31:20.649+0000] {subprocess.py:93} INFO - Successfully processed Paris_20260115_044904.json
[2026-01-16T05:31:20.651+0000] {subprocess.py:93} INFO - Successfully processed Los Angeles_20260116_053116.json
[2026-01-16T05:31:20.653+0000] {subprocess.py:93} INFO - Successfully processed Sydney_20260115_043221.json
[2026-01-16T05:31:20.655+0000] {subprocess.py:93} INFO - Successfully processed New York_20260115_045506.json
[2026-01-16T05:31:20.658+0000] {subprocess.py:93} INFO - Successfully processed Los Angeles_20260115_045506.json
[2026-01-16T05:31:20.660+0000] {subprocess.py:93} INFO - Successfully processed New York_20260116_053115.json
[2026-01-16T05:31:20.663+0000] {subprocess.py:93} INFO - Successfully processed Tokyo_20260115_044909.json
[2026-01-16T05:31:20.666+0000] {subprocess.py:93} INFO - Successfully processed Sydney_20260115_044910.json
[2026-01-16T05:31:20.673+0000] {subprocess.py:93} INFO - Successfully processed Los Angeles_20260115_044907.json
[2026-01-16T05:31:20.675+0000] {subprocess.py:93} INFO - Successfully processed Los Angeles_20260115_043219.json
[2026-01-16T05:31:20.681+0000] {subprocess.py:93} INFO - Successfully processed Ho Chi Minh City_20260115_045504.json
[2026-01-16T05:31:20.684+0000] {subprocess.py:93} INFO - Successfully processed Los Angeles_20260115_181755.json
[2026-01-16T05:31:20.688+0000] {subprocess.py:93} INFO - Successfully processed London_20260115_043310.json
[2026-01-16T05:31:20.692+0000] {subprocess.py:93} INFO - Successfully processed Nurburg_20260115_043217.json
[2026-01-16T05:31:20.693+0000] {subprocess.py:93} INFO - Successfully processed Nurburg_20260116_052634.json
[2026-01-16T05:31:20.695+0000] {subprocess.py:93} INFO - Successfully processed Tokyo_20260115_043311.json
[2026-01-16T05:31:20.699+0000] {subprocess.py:93} INFO - Successfully processed Ho Chi Minh City_20260115_043308.json
[2026-01-16T05:31:20.701+0000] {subprocess.py:93} INFO - Successfully processed Munich_20260115_044902.json
[2026-01-16T05:31:20.705+0000] {subprocess.py:93} INFO - Successfully processed Paris_20260115_045505.json
[2026-01-16T05:31:20.708+0000] {subprocess.py:93} INFO - Successfully processed Hanoi_20260115_045503.json
[2026-01-16T05:31:20.713+0000] {subprocess.py:93} INFO - Successfully processed Tokyo_20260116_053116.json
[2026-01-16T05:31:20.718+0000] {subprocess.py:93} INFO - Successfully processed Los Angeles_20260116_052634.json
[2026-01-16T05:31:20.722+0000] {subprocess.py:93} INFO - Successfully processed Nurburg_20260115_045504.json
[2026-01-16T05:31:20.723+0000] {subprocess.py:93} INFO - Successfully processed Munich_20260115_181754.json
[2026-01-16T05:31:20.727+0000] {subprocess.py:93} INFO - Successfully processed Tokyo_20260115_043221.json
[2026-01-16T05:31:20.730+0000] {subprocess.py:93} INFO - Successfully processed Ho Chi Minh City_20260115_043216.json
[2026-01-16T05:31:20.734+0000] {subprocess.py:93} INFO - Successfully processed Sydney_20260116_052635.json
[2026-01-16T05:31:20.739+0000] {subprocess.py:93} INFO - Successfully processed Sydney_20260115_093151.json
[2026-01-16T05:31:20.740+0000] {subprocess.py:93} INFO - Successfully processed Munich_20260116_053111.json
[2026-01-16T05:31:20.742+0000] {subprocess.py:93} INFO - Successfully processed New York_20260115_043310.json
[2026-01-16T05:31:20.744+0000] {subprocess.py:93} INFO - Successfully processed Ho Chi Minh City_20260116_052633.json
[2026-01-16T05:31:20.747+0000] {subprocess.py:93} INFO - Successfully processed New York_20260115_043219.json
[2026-01-16T05:31:20.751+0000] {subprocess.py:93} INFO - Successfully processed Nurburg_20260115_093149.json
[2026-01-16T05:31:20.752+0000] {subprocess.py:93} INFO - Successfully processed New York_20260115_044906.json
[2026-01-16T05:31:20.756+0000] {subprocess.py:93} INFO - Successfully processed Hanoi_20260116_053106.json
[2026-01-16T05:31:20.760+0000] {subprocess.py:93} INFO - Successfully processed Sydney_20260115_181755.json
[2026-01-16T05:31:20.764+0000] {subprocess.py:93} INFO - Successfully processed Hanoi_20260115_181754.json
[2026-01-16T05:31:20.772+0000] {subprocess.py:93} INFO - Successfully processed Ho Chi Minh City_20260115_181754.json
[2026-01-16T05:31:20.775+0000] {subprocess.py:93} INFO - Successfully processed Tokyo_20260115_181755.json
[2026-01-16T05:31:20.778+0000] {subprocess.py:93} INFO - Successfully processed Ho Chi Minh City_20260115_044901.json
[2026-01-16T05:31:20.783+0000] {subprocess.py:93} INFO - Successfully processed New York_20260115_093150.json
[2026-01-16T05:31:20.785+0000] {subprocess.py:93} INFO - Successfully processed Sydney_20260116_053116.json
[2026-01-16T05:31:20.789+0000] {subprocess.py:93} INFO - Successfully processed Paris_20260115_093149.json
[2026-01-16T05:31:20.791+0000] {subprocess.py:93} INFO - Successfully processed Tokyo_20260115_045506.json
[2026-01-16T05:31:20.793+0000] {subprocess.py:93} INFO - Successfully processed Sydney_20260115_043311.json
[2026-01-16T05:31:20.794+0000] {subprocess.py:93} INFO - Successfully processed Nurburg_20260116_053111.json
[2026-01-16T05:31:20.796+0000] {subprocess.py:93} INFO - Successfully processed Ho Chi Minh City_20260115_093149.json
[2026-01-16T05:31:20.802+0000] {subprocess.py:93} INFO - Successfully processed London_20260116_053115.json
[2026-01-16T05:31:20.803+0000] {subprocess.py:93} INFO - Successfully processed Los Angeles_20260115_043311.json
[2026-01-16T05:31:20.806+0000] {subprocess.py:93} INFO - Successfully processed Ho Chi Minh City_20260116_053110.json
[2026-01-16T05:31:20.808+0000] {subprocess.py:93} INFO - Successfully processed New York_20260116_052634.json
[2026-01-16T05:31:20.810+0000] {subprocess.py:93} INFO - Successfully processed New York_20260115_181755.json
[2026-01-16T05:31:20.810+0000] {subprocess.py:93} INFO - Successfully processed Hanoi_20260116_052633.json
[2026-01-16T05:31:20.813+0000] {subprocess.py:93} INFO - Successfully processed Munich_20260115_043217.json
[2026-01-16T05:31:20.815+0000] {subprocess.py:93} INFO - Successfully processed Hanoi_20260115_043216.json
[2026-01-16T05:31:20.816+0000] {subprocess.py:93} INFO - Successfully processed Paris_20260115_043309.json
[2026-01-16T05:31:20.817+0000] {subprocess.py:93} INFO - Successfully processed London_20260115_044905.json
[2026-01-16T05:31:20.820+0000] {subprocess.py:93} INFO - Successfully processed London_20260115_043218.json
[2026-01-16T05:31:20.821+0000] {subprocess.py:93} INFO - Successfully processed Munich_20260115_045504.json
[2026-01-16T05:31:20.824+0000] {subprocess.py:93} INFO - Successfully processed Tokyo_20260115_093151.json
[2026-01-16T05:31:20.827+0000] {subprocess.py:93} INFO - Successfully processed London_20260115_045505.json
[2026-01-16T05:31:20.828+0000] {subprocess.py:93} INFO - Successfully processed Tokyo_20260116_052635.json
[2026-01-16T05:31:20.830+0000] {subprocess.py:93} INFO - Successfully processed Hanoi_20260115_093148.json
[2026-01-16T05:31:20.832+0000] {subprocess.py:93} INFO - Successfully processed Nurburg_20260115_044904.json
[2026-01-16T05:31:20.833+0000] {subprocess.py:93} INFO - Successfully processed Hanoi_20260115_044900.json
[2026-01-16T05:31:20.835+0000] {subprocess.py:93} INFO - Successfully processed Nurburg_20260115_043309.json
[2026-01-16T05:31:20.837+0000] {subprocess.py:93} INFO - Successfully processed Munich_20260115_093149.json
[2026-01-16T05:31:20.840+0000] {subprocess.py:93} INFO - Successfully processed Los Angeles_20260115_093151.json
[2026-01-16T05:31:20.841+0000] {subprocess.py:93} INFO - Successfully processed London_20260116_052634.json
[2026-01-16T05:31:20.842+0000] {subprocess.py:93} INFO - Successfully processed Hanoi_20260115_043308.json
[2026-01-16T05:31:20.844+0000] {subprocess.py:93} INFO - Successfully processed Paris_20260115_181754.json
[2026-01-16T05:31:20.845+0000] {subprocess.py:93} INFO - Successfully processed Paris_20260115_043218.json
[2026-01-16T05:31:20.846+0000] {subprocess.py:93} INFO - --------------------------------------------------
[2026-01-16T05:31:20.847+0000] {subprocess.py:93} INFO - Transformation completed. Processed 80 records.
[2026-01-16T05:31:20.849+0000] {subprocess.py:93} INFO - Cleaned data saved to: /opt/***/data/processed/processed_weather_data_20260116_053120.csv
[2026-01-16T05:31:20.851+0000] {subprocess.py:93} INFO - Preview data:
[2026-01-16T05:31:20.853+0000] {subprocess.py:93} INFO -      city        timestamp_utc  ...  wind_speed_ms  weather_description
[2026-01-16T05:31:20.854+0000] {subprocess.py:93} INFO - 0  Sydney  2026-01-15 04:47:30  ...          10.80     scattered clouds
[2026-01-16T05:31:20.855+0000] {subprocess.py:93} INFO - 1  Munich  2026-01-16 05:25:09  ...           0.45      overcast clouds
[2026-01-16T05:31:20.859+0000] {subprocess.py:93} INFO - 2   Paris  2026-01-16 05:19:33  ...           3.60      overcast clouds
[2026-01-16T05:31:20.860+0000] {subprocess.py:93} INFO - 3   Paris  2026-01-16 05:23:47  ...           3.60      overcast clouds
[2026-01-16T05:31:20.861+0000] {subprocess.py:93} INFO - 4  Munich  2026-01-15 04:32:16  ...           0.45      overcast clouds
[2026-01-16T05:31:20.862+0000] {subprocess.py:93} INFO - 
[2026-01-16T05:31:20.863+0000] {subprocess.py:93} INFO - [5 rows x 7 columns]
[2026-01-16T05:31:20.871+0000] {subprocess.py:97} INFO - Command exited with return code 0
[2026-01-16T05:31:20.918+0000] {taskinstance.py:1398} INFO - Marking task as SUCCESS. dag_id=weather_data_pipeline, task_id=transform_weather_data, execution_date=20260116T053102, start_date=20260116T053118, end_date=20260116T053120
[2026-01-16T05:31:20.973+0000] {local_task_job_runner.py:228} INFO - Task exited with return code 0
[2026-01-16T05:31:21.010+0000] {taskinstance.py:2776} INFO - 1 downstream tasks scheduled from follow-on schedule check
