[2026-01-15T04:48:56.953+0000] {taskinstance.py:1157} INFO - Dependencies all met for dep_context=non-requeueable deps ti=<TaskInstance: weather_data_pipeline.extract_weather_data manual__2026-01-15T04:48:54.164282+00:00 [queued]>
[2026-01-15T04:48:56.976+0000] {taskinstance.py:1157} INFO - Dependencies all met for dep_context=requeueable deps ti=<TaskInstance: weather_data_pipeline.extract_weather_data manual__2026-01-15T04:48:54.164282+00:00 [queued]>
[2026-01-15T04:48:56.977+0000] {taskinstance.py:1359} INFO - Starting attempt 1 of 2
[2026-01-15T04:48:57.058+0000] {taskinstance.py:1380} INFO - Executing <Task(BashOperator): extract_weather_data> on 2026-01-15 04:48:54.164282+00:00
[2026-01-15T04:48:57.068+0000] {standard_task_runner.py:57} INFO - Started process 397 to run task
[2026-01-15T04:48:57.076+0000] {standard_task_runner.py:84} INFO - Running: ['***', 'tasks', 'run', 'weather_data_pipeline', 'extract_weather_data', 'manual__2026-01-15T04:48:54.164282+00:00', '--job-id', '8', '--raw', '--subdir', 'DAGS_FOLDER/weather_scheduler.py', '--cfg-path', '/tmp/tmp9ioc4ip2']
[2026-01-15T04:48:57.079+0000] {standard_task_runner.py:85} INFO - Job 8: Subtask extract_weather_data
[2026-01-15T04:48:57.177+0000] {task_command.py:415} INFO - Running <TaskInstance: weather_data_pipeline.extract_weather_data manual__2026-01-15T04:48:54.164282+00:00 [running]> on host bd68da24c275
[2026-01-15T04:48:57.395+0000] {taskinstance.py:1660} INFO - Exporting env vars: AIRFLOW_CTX_DAG_OWNER='pangorin' AIRFLOW_CTX_DAG_ID='weather_data_pipeline' AIRFLOW_CTX_TASK_ID='extract_weather_data' AIRFLOW_CTX_EXECUTION_DATE='2026-01-15T04:48:54.164282+00:00' AIRFLOW_CTX_TRY_NUMBER='1' AIRFLOW_CTX_DAG_RUN_ID='manual__2026-01-15T04:48:54.164282+00:00'
[2026-01-15T04:48:57.399+0000] {subprocess.py:63} INFO - Tmp dir root location: /tmp
[2026-01-15T04:48:57.401+0000] {subprocess.py:75} INFO - Running command: ['/bin/bash', '-c', 'python /opt/***/scripts/extract.py']
[2026-01-15T04:48:57.413+0000] {subprocess.py:86} INFO - Output:
[2026-01-15T04:49:10.517+0000] {subprocess.py:93} INFO - Start extraction process...
[2026-01-15T04:49:10.518+0000] {subprocess.py:93} INFO - Successfully fetched data for {city.strip()} to {filename}
[2026-01-15T04:49:10.520+0000] {subprocess.py:93} INFO - Successfully fetched data for {city.strip()} to {filename}
[2026-01-15T04:49:10.522+0000] {subprocess.py:93} INFO - Successfully fetched data for {city.strip()} to {filename}
[2026-01-15T04:49:10.524+0000] {subprocess.py:93} INFO - Successfully fetched data for {city.strip()} to {filename}
[2026-01-15T04:49:10.525+0000] {subprocess.py:93} INFO - Successfully fetched data for {city.strip()} to {filename}
[2026-01-15T04:49:10.527+0000] {subprocess.py:93} INFO - Successfully fetched data for {city.strip()} to {filename}
[2026-01-15T04:49:10.528+0000] {subprocess.py:93} INFO - Successfully fetched data for {city.strip()} to {filename}
[2026-01-15T04:49:10.529+0000] {subprocess.py:93} INFO - Successfully fetched data for {city.strip()} to {filename}
[2026-01-15T04:49:10.530+0000] {subprocess.py:93} INFO - Successfully fetched data for {city.strip()} to {filename}
[2026-01-15T04:49:10.531+0000] {subprocess.py:93} INFO - Successfully fetched data for {city.strip()} to {filename}
[2026-01-15T04:49:10.553+0000] {subprocess.py:97} INFO - Command exited with return code 0
[2026-01-15T04:49:10.605+0000] {taskinstance.py:1398} INFO - Marking task as SUCCESS. dag_id=weather_data_pipeline, task_id=extract_weather_data, execution_date=20260115T044854, start_date=20260115T044856, end_date=20260115T044910
[2026-01-15T04:49:10.637+0000] {local_task_job_runner.py:228} INFO - Task exited with return code 0
[2026-01-15T04:49:10.684+0000] {taskinstance.py:2776} INFO - 1 downstream tasks scheduled from follow-on schedule check
