[2026-01-16T06:12:06.240+0000] {taskinstance.py:1157} INFO - Dependencies all met for dep_context=non-requeueable deps ti=<TaskInstance: weather_data_pipeline.extract_weather_data manual__2026-01-16T06:12:03.847549+00:00 [queued]>
[2026-01-16T06:12:06.256+0000] {taskinstance.py:1157} INFO - Dependencies all met for dep_context=requeueable deps ti=<TaskInstance: weather_data_pipeline.extract_weather_data manual__2026-01-16T06:12:03.847549+00:00 [queued]>
[2026-01-16T06:12:06.256+0000] {taskinstance.py:1359} INFO - Starting attempt 1 of 2
[2026-01-16T06:12:06.279+0000] {taskinstance.py:1380} INFO - Executing <Task(BashOperator): extract_weather_data> on 2026-01-16 06:12:03.847549+00:00
[2026-01-16T06:12:06.286+0000] {standard_task_runner.py:57} INFO - Started process 313 to run task
[2026-01-16T06:12:06.292+0000] {standard_task_runner.py:84} INFO - Running: ['***', 'tasks', 'run', 'weather_data_pipeline', 'extract_weather_data', 'manual__2026-01-16T06:12:03.847549+00:00', '--job-id', '11', '--raw', '--subdir', 'DAGS_FOLDER/weather_scheduler.py', '--cfg-path', '/tmp/tmpyb5vtb77']
[2026-01-16T06:12:06.296+0000] {standard_task_runner.py:85} INFO - Job 11: Subtask extract_weather_data
[2026-01-16T06:12:06.373+0000] {task_command.py:415} INFO - Running <TaskInstance: weather_data_pipeline.extract_weather_data manual__2026-01-16T06:12:03.847549+00:00 [running]> on host 5f9f65985556
[2026-01-16T06:12:06.515+0000] {taskinstance.py:1660} INFO - Exporting env vars: AIRFLOW_CTX_DAG_OWNER='pangorin' AIRFLOW_CTX_DAG_ID='weather_data_pipeline' AIRFLOW_CTX_TASK_ID='extract_weather_data' AIRFLOW_CTX_EXECUTION_DATE='2026-01-16T06:12:03.847549+00:00' AIRFLOW_CTX_TRY_NUMBER='1' AIRFLOW_CTX_DAG_RUN_ID='manual__2026-01-16T06:12:03.847549+00:00'
[2026-01-16T06:12:06.518+0000] {subprocess.py:63} INFO - Tmp dir root location: /tmp
[2026-01-16T06:12:06.520+0000] {subprocess.py:75} INFO - Running command: ['/bin/bash', '-c', 'python /opt/***/scripts/extract.py']
[2026-01-16T06:12:06.533+0000] {subprocess.py:86} INFO - Output:
[2026-01-16T06:12:10.625+0000] {subprocess.py:93} INFO - Start extraction process...
[2026-01-16T06:12:10.628+0000] {subprocess.py:93} INFO - Successfully fetched data for {city.strip()} to {filename}
[2026-01-16T06:12:10.629+0000] {subprocess.py:93} INFO - Successfully fetched data for {city.strip()} to {filename}
[2026-01-16T06:12:10.632+0000] {subprocess.py:93} INFO - Successfully fetched data for {city.strip()} to {filename}
[2026-01-16T06:12:10.634+0000] {subprocess.py:93} INFO - Successfully fetched data for {city.strip()} to {filename}
[2026-01-16T06:12:10.635+0000] {subprocess.py:93} INFO - Successfully fetched data for {city.strip()} to {filename}
[2026-01-16T06:12:10.637+0000] {subprocess.py:93} INFO - Successfully fetched data for {city.strip()} to {filename}
[2026-01-16T06:12:10.639+0000] {subprocess.py:93} INFO - Successfully fetched data for {city.strip()} to {filename}
[2026-01-16T06:12:10.640+0000] {subprocess.py:93} INFO - Successfully fetched data for {city.strip()} to {filename}
[2026-01-16T06:12:10.643+0000] {subprocess.py:93} INFO - Successfully fetched data for {city.strip()} to {filename}
[2026-01-16T06:12:10.646+0000] {subprocess.py:93} INFO - Successfully fetched data for {city.strip()} to {filename}
[2026-01-16T06:12:10.664+0000] {subprocess.py:97} INFO - Command exited with return code 0
[2026-01-16T06:12:10.714+0000] {taskinstance.py:1398} INFO - Marking task as SUCCESS. dag_id=weather_data_pipeline, task_id=extract_weather_data, execution_date=20260116T061203, start_date=20260116T061206, end_date=20260116T061210
[2026-01-16T06:12:10.822+0000] {local_task_job_runner.py:228} INFO - Task exited with return code 0
[2026-01-16T06:12:10.887+0000] {taskinstance.py:2776} INFO - 1 downstream tasks scheduled from follow-on schedule check
